#
# There is insufficient memory for the Java Runtime Environment to continue.
# Native memory allocation (malloc) failed to allocate 1218896 bytes for Chunk::new
# Possible reasons:
#   The system is out of physical RAM or swap space
#   The process is running with CompressedOops enabled, and the Java Heap may be blocking the growth of the native heap
# Possible solutions:
#   Reduce memory load on the system
#   Increase physical memory or swap space
#   Check if swap backing store is full
#   Decrease Java heap size (-Xmx/-Xms)
#   Decrease number of Java threads
#   Decrease Java thread stack sizes (-Xss)
#   Set larger code cache with -XX:ReservedCodeCacheSize=
#   JVM is running with Unscaled Compressed Oops mode in which the Java heap is
#     placed in the first 4GB address space. The Java Heap base address is the
#     maximum limit for the native heap growth. Please use -XX:HeapBaseMinAddress
#     to set the Java Heap base and to place the Java Heap above 4GB virtual address.
# This output file may be truncated or incomplete.
#
#  Out of Memory Error (./open/src/hotspot/share/memory/arena.cpp:197), pid=4088, tid=10372
#
# JRE version: Java(TM) SE Runtime Environment 18.9 (11.0.10+8) (build 11.0.10+8-LTS-162)
# Java VM: Java HotSpot(TM) 64-Bit Server VM 18.9 (11.0.10+8-LTS-162, mixed mode, tiered, compressed oops, g1 gc, windows-amd64)
# No core dump will be written. Minidumps are not enabled by default on client versions of Windows
#

---------------  S U M M A R Y ------------

Command Line: -Djline.terminal=jline.UnsupportedTerminal -Dsbt.log.noformat=true -Dfile.encoding=UTF-8 -Didea.managed=true -Dfile.encoding=UTF-8 C:/Users/philip/AppData/Roaming/JetBrains/IdeaIC2020.3/plugins/Scala/launcher/sbt-launch.jar

Host: Pentium(R) Dual-Core  CPU      E6600  @ 3.06GHz, 2 cores, 7G,  Windows 10 , 64 bit Build 19041 (10.0.19041.804)
Time: Thu Mar 11 21:53:54 2021 GTB Standard Time elapsed time: 13.422070 seconds (0d 0h 0m 13s)

---------------  T H R E A D  ---------------

Current thread (0x000001cbff4f8000):  JavaThread "C2 CompilerThread0" daemon [_thread_in_native, id=10372, stack(0x000000912b300000,0x000000912b400000)]


Current CompileTask:
C2:  13422 5668       4       jdk.internal.org.objectweb.asm.Frame::execute (2264 bytes)

Stack: [0x000000912b300000,0x000000912b400000]
Native frames: (J=compiled Java code, j=interpreted, Vv=VM code, C=native code)
V  [jvm.dll+0x613e6a]
V  [jvm.dll+0x74c1ff]
V  [jvm.dll+0x74d885]
V  [jvm.dll+0x74df03]
V  [jvm.dll+0x243b78]
V  [jvm.dll+0xba2cc]
V  [jvm.dll+0xba9cc]
V  [jvm.dll+0x346982]
V  [jvm.dll+0x3147d3]
V  [jvm.dll+0x313b1a]
V  [jvm.dll+0x1fd395]
V  [jvm.dll+0x1fc54f]
V  [jvm.dll+0x17f09c]
V  [jvm.dll+0x20bbd4]
V  [jvm.dll+0x209cab]
V  [jvm.dll+0x713619]
V  [jvm.dll+0x70c314]
V  [jvm.dll+0x613036]
C  [ucrtbase.dll+0x21bb2]
C  [KERNEL32.DLL+0x17034]
C  [ntdll.dll+0x4d241]


---------------  P R O C E S S  ---------------

Threads class SMR info:
_java_thread_list=0x000001cb83f3bdf0, length=23, elements={
0x000001cbe2b2b800, 0x000001cbfeb8d800, 0x000001cbfeb97800, 0x000001cbff4f5000,
0x000001cbff4f7000, 0x000001cbff4f8000, 0x000001cbff4fc800, 0x000001cbfebee000,
0x000001cbff655000, 0x000001cbff662000, 0x000001cb82ba0000, 0x000001cb84a8e800,
0x000001cb82c91000, 0x000001cb834bd000, 0x000001cb83507000, 0x000001cb83e0e000,
0x000001cb83e11000, 0x000001cb8612f000, 0x000001cb86478000, 0x000001cb82cfe800,
0x000001cb82eb8800, 0x000001cb82eba000, 0x000001cb82eb9000
}

Java Threads: ( => current thread )
  0x000001cbe2b2b800 JavaThread "main" [_thread_blocked, id=6564, stack(0x000000912a800000,0x000000912a900000)]
  0x000001cbfeb8d800 JavaThread "Reference Handler" daemon [_thread_blocked, id=10760, stack(0x000000912af00000,0x000000912b000000)]
  0x000001cbfeb97800 JavaThread "Finalizer" daemon [_thread_blocked, id=2064, stack(0x000000912b000000,0x000000912b100000)]
  0x000001cbff4f5000 JavaThread "Signal Dispatcher" daemon [_thread_blocked, id=10708, stack(0x000000912b100000,0x000000912b200000)]
  0x000001cbff4f7000 JavaThread "Attach Listener" daemon [_thread_blocked, id=6424, stack(0x000000912b200000,0x000000912b300000)]
=>0x000001cbff4f8000 JavaThread "C2 CompilerThread0" daemon [_thread_in_native, id=10372, stack(0x000000912b300000,0x000000912b400000)]
  0x000001cbff4fc800 JavaThread "C1 CompilerThread0" daemon [_thread_blocked, id=4236, stack(0x000000912b400000,0x000000912b500000)]
  0x000001cbfebee000 JavaThread "Sweeper thread" daemon [_thread_blocked, id=60, stack(0x000000912b500000,0x000000912b600000)]
  0x000001cbff655000 JavaThread "Service Thread" daemon [_thread_blocked, id=5116, stack(0x000000912b600000,0x000000912b700000)]
  0x000001cbff662000 JavaThread "Common-Cleaner" daemon [_thread_blocked, id=1320, stack(0x000000912b800000,0x000000912b900000)]
  0x000001cb82ba0000 JavaThread "pool-1-thread-1" [_thread_blocked, id=11296, stack(0x000000912ba00000,0x000000912bb00000)]
  0x000001cb84a8e800 JavaThread "boot-server-socket-thread-1" [_thread_in_native, id=12008, stack(0x000000912bc00000,0x000000912bd00000)]
  0x000001cb82c91000 JavaThread "classloader-cache-cleanup-0" daemon [_thread_blocked, id=11028, stack(0x000000912bd00000,0x000000912be00000)]
  0x000001cb834bd000 JavaThread "sbt-command-exchange-fastTrack" daemon [_thread_blocked, id=5756, stack(0x000000912be00000,0x000000912bf00000)]
  0x000001cb83507000 JavaThread "scala-execution-context-global-19" daemon [_thread_blocked, id=2900, stack(0x000000912bb00000,0x000000912bc00000)]
  0x000001cb83e0e000 JavaThread "scala-execution-context-global-20" daemon [_thread_blocked, id=4700, stack(0x000000912bf00000,0x000000912c000000)]
  0x000001cb83e11000 JavaThread "scala-execution-context-global-21" daemon [_thread_blocked, id=3744, stack(0x000000912c000000,0x000000912c100000)]
  0x000001cb8612f000 JavaThread "sbt-task-progress-report-thread" [_thread_blocked, id=9732, stack(0x000000912c100000,0x000000912c200000)]
  0x000001cb86478000 JavaThread "pool-3-thread-1" [_thread_blocked, id=10320, stack(0x000000912c200000,0x000000912c300000)]
  0x000001cb82cfe800 JavaThread "pool-3-thread-2" [_thread_in_vm, id=4884, stack(0x000000912c300000,0x000000912c400000)]
  0x000001cb82eb8800 JavaThread "sbt-progress-report-scheduler" [_thread_blocked, id=11532, stack(0x000000912c400000,0x000000912c500000)]
  0x000001cb82eba000 JavaThread "pool-3-thread-3" [_thread_blocked, id=1724, stack(0x000000912c500000,0x000000912c600000)]
  0x000001cb82eb9000 JavaThread "pool-3-thread-4" [_thread_blocked, id=3044, stack(0x000000912c600000,0x000000912c700000)]

Other Threads:
  0x000001cbfeb8d000 VMThread "VM Thread" [stack: 0x000000912ae00000,0x000000912af00000] [id=6520]
  0x000001cbff65d000 WatcherThread [stack: 0x000000912b700000,0x000000912b800000] [id=7072]
  0x000001cbe2b3f800 GCTaskThread "GC Thread#0" [stack: 0x000000912a900000,0x000000912aa00000] [id=11004]
  0x000001cbff8e2000 GCTaskThread "GC Thread#1" [stack: 0x000000912b900000,0x000000912ba00000] [id=7188]
  0x000001cbe0a5d800 ConcurrentGCThread "G1 Main Marker" [stack: 0x000000912aa00000,0x000000912ab00000] [id=11548]
  0x000001cbe2b6e000 ConcurrentGCThread "G1 Conc#0" [stack: 0x000000912ab00000,0x000000912ac00000] [id=8420]
  0x000001cbe2bfb000 ConcurrentGCThread "G1 Refine#0" [stack: 0x000000912ac00000,0x000000912ad00000] [id=6288]
  0x000001cbe2bfc000 ConcurrentGCThread "G1 Young RemSet Sampling" [stack: 0x000000912ad00000,0x000000912ae00000] [id=992]

Threads with active compile tasks:
C2 CompilerThread0  13465 5668       4       jdk.internal.org.objectweb.asm.Frame::execute (2264 bytes)

VM state:not at safepoint (normal execution)

VM Mutex/Monitor currently owned by a thread: None

Heap address: 0x0000000080000000, size: 2048 MB, Compressed Oops mode: 32-bit
Narrow klass base: 0x0000000000000000, Narrow klass shift: 3
Compressed class space size: 1073741824 Address: 0x0000000100000000

Heap:
 garbage-first heap   total 157696K, used 79981K [0x0000000080000000, 0x0000000100000000)
  region size 1024K, 66 young (67584K), 8 survivors (8192K)
 Metaspace       used 77451K, capacity 82483K, committed 82764K, reserved 1118208K
  class space    used 11664K, capacity 14384K, committed 14412K, reserved 1048576K
Heap Regions: E=young(eden), S=young(survivor), O=old, HS=humongous(starts), HC=humongous(continues), CS=collection set, F=free, A=archive, TAMS=top-at-mark-start (previous, next)
|   0|0x0000000080000000, 0x0000000080100000, 0x0000000080100000|100%| O|  |TAMS 0x0000000080100000, 0x0000000080000000| Untracked 
|   1|0x0000000080100000, 0x0000000080200000, 0x0000000080200000|100%| O|  |TAMS 0x0000000080200000, 0x0000000080100000| Untracked 
|   2|0x0000000080200000, 0x0000000080300000, 0x0000000080300000|100%| O|  |TAMS 0x0000000080300000, 0x0000000080200000| Untracked 
|   3|0x0000000080300000, 0x0000000080400000, 0x0000000080400000|100%| O|  |TAMS 0x0000000080400000, 0x0000000080300000| Untracked 
|   4|0x0000000080400000, 0x0000000080500000, 0x0000000080500000|100%| O|  |TAMS 0x0000000080500000, 0x0000000080400000| Untracked 
|   5|0x0000000080500000, 0x0000000080600000, 0x0000000080600000|100%| O|  |TAMS 0x0000000080600000, 0x0000000080500000| Untracked 
|   6|0x0000000080600000, 0x0000000080700000, 0x0000000080700000|100%| O|  |TAMS 0x0000000080700000, 0x0000000080600000| Untracked 
|   7|0x0000000080700000, 0x0000000080800000, 0x0000000080800000|100%| O|  |TAMS 0x0000000080800000, 0x0000000080700000| Untracked 
|   8|0x0000000080800000, 0x0000000080900000, 0x0000000080900000|100%| O|  |TAMS 0x0000000080900000, 0x0000000080800000| Untracked 
|   9|0x0000000080900000, 0x0000000080a00000, 0x0000000080a00000|100%| O|  |TAMS 0x0000000080a00000, 0x0000000080900000| Untracked 
|  10|0x0000000080a00000, 0x0000000080b00000, 0x0000000080b00000|100%| O|  |TAMS 0x0000000080b00000, 0x0000000080a00000| Untracked 
|  11|0x0000000080b00000, 0x0000000080c00000, 0x0000000080c00000|100%| O|  |TAMS 0x0000000080c00000, 0x0000000080b00000| Untracked 
|  12|0x0000000080c00000, 0x0000000080d00000, 0x0000000080d00000|100%| O|  |TAMS 0x0000000080d00000, 0x0000000080c00000| Untracked 
|  13|0x0000000080d00000, 0x0000000080d76200, 0x0000000080e00000| 46%| O|  |TAMS 0x0000000080d76200, 0x0000000080d00000| Untracked 
|  14|0x0000000080e00000, 0x0000000080f00000, 0x0000000080f00000|100%|HS|  |TAMS 0x0000000080e00000, 0x0000000080e00000| Complete 
|  15|0x0000000080f00000, 0x0000000080f00000, 0x0000000081000000|  0%| F|  |TAMS 0x0000000080f00000, 0x0000000080f00000| Untracked 
|  16|0x0000000081000000, 0x0000000081000000, 0x0000000081100000|  0%| F|  |TAMS 0x0000000081000000, 0x0000000081000000| Untracked 
|  17|0x0000000081100000, 0x0000000081100000, 0x0000000081200000|  0%| F|  |TAMS 0x0000000081100000, 0x0000000081100000| Untracked 
|  18|0x0000000081200000, 0x0000000081200000, 0x0000000081300000|  0%| F|  |TAMS 0x0000000081200000, 0x0000000081200000| Untracked 
|  19|0x0000000081300000, 0x0000000081300000, 0x0000000081400000|  0%| F|  |TAMS 0x0000000081300000, 0x0000000081300000| Untracked 
|  20|0x0000000081400000, 0x0000000081400000, 0x0000000081500000|  0%| F|  |TAMS 0x0000000081400000, 0x0000000081400000| Untracked 
|  21|0x0000000081500000, 0x0000000081500000, 0x0000000081600000|  0%| F|  |TAMS 0x0000000081500000, 0x0000000081500000| Untracked 
|  22|0x0000000081600000, 0x0000000081600000, 0x0000000081700000|  0%| F|  |TAMS 0x0000000081600000, 0x0000000081600000| Untracked 
|  23|0x0000000081700000, 0x0000000081700000, 0x0000000081800000|  0%| F|  |TAMS 0x0000000081700000, 0x0000000081700000| Untracked 
|  24|0x0000000081800000, 0x0000000081800000, 0x0000000081900000|  0%| F|  |TAMS 0x0000000081800000, 0x0000000081800000| Untracked 
|  25|0x0000000081900000, 0x0000000081900000, 0x0000000081a00000|  0%| F|  |TAMS 0x0000000081900000, 0x0000000081900000| Untracked 
|  26|0x0000000081a00000, 0x0000000081a00000, 0x0000000081b00000|  0%| F|  |TAMS 0x0000000081a00000, 0x0000000081a00000| Untracked 
|  27|0x0000000081b00000, 0x0000000081b00000, 0x0000000081c00000|  0%| F|  |TAMS 0x0000000081b00000, 0x0000000081b00000| Untracked 
|  28|0x0000000081c00000, 0x0000000081c00000, 0x0000000081d00000|  0%| F|  |TAMS 0x0000000081c00000, 0x0000000081c00000| Untracked 
|  29|0x0000000081d00000, 0x0000000081d00000, 0x0000000081e00000|  0%| F|  |TAMS 0x0000000081d00000, 0x0000000081d00000| Untracked 
|  30|0x0000000081e00000, 0x0000000081e00000, 0x0000000081f00000|  0%| F|  |TAMS 0x0000000081e00000, 0x0000000081e00000| Untracked 
|  31|0x0000000081f00000, 0x0000000081f00000, 0x0000000082000000|  0%| F|  |TAMS 0x0000000081f00000, 0x0000000081f00000| Untracked 
|  32|0x0000000082000000, 0x0000000082000000, 0x0000000082100000|  0%| F|  |TAMS 0x0000000082000000, 0x0000000082000000| Untracked 
|  33|0x0000000082100000, 0x0000000082100000, 0x0000000082200000|  0%| F|  |TAMS 0x0000000082100000, 0x0000000082100000| Untracked 
|  34|0x0000000082200000, 0x0000000082200000, 0x0000000082300000|  0%| F|  |TAMS 0x0000000082200000, 0x0000000082200000| Untracked 
|  35|0x0000000082300000, 0x0000000082300000, 0x0000000082400000|  0%| F|  |TAMS 0x0000000082300000, 0x0000000082300000| Untracked 
|  36|0x0000000082400000, 0x0000000082400000, 0x0000000082500000|  0%| F|  |TAMS 0x0000000082400000, 0x0000000082400000| Untracked 
|  37|0x0000000082500000, 0x0000000082500000, 0x0000000082600000|  0%| F|  |TAMS 0x0000000082500000, 0x0000000082500000| Untracked 
|  38|0x0000000082600000, 0x0000000082600000, 0x0000000082700000|  0%| F|  |TAMS 0x0000000082600000, 0x0000000082600000| Untracked 
|  39|0x0000000082700000, 0x0000000082700000, 0x0000000082800000|  0%| F|  |TAMS 0x0000000082700000, 0x0000000082700000| Untracked 
|  40|0x0000000082800000, 0x0000000082800000, 0x0000000082900000|  0%| F|  |TAMS 0x0000000082800000, 0x0000000082800000| Untracked 
|  41|0x0000000082900000, 0x0000000082900000, 0x0000000082a00000|  0%| F|  |TAMS 0x0000000082900000, 0x0000000082900000| Untracked 
|  42|0x0000000082a00000, 0x0000000082a00000, 0x0000000082b00000|  0%| F|  |TAMS 0x0000000082a00000, 0x0000000082a00000| Untracked 
|  43|0x0000000082b00000, 0x0000000082b00000, 0x0000000082c00000|  0%| F|  |TAMS 0x0000000082b00000, 0x0000000082b00000| Untracked 
|  44|0x0000000082c00000, 0x0000000082c00000, 0x0000000082d00000|  0%| F|  |TAMS 0x0000000082c00000, 0x0000000082c00000| Untracked 
|  45|0x0000000082d00000, 0x0000000082d00000, 0x0000000082e00000|  0%| F|  |TAMS 0x0000000082d00000, 0x0000000082d00000| Untracked 
|  46|0x0000000082e00000, 0x0000000082e00000, 0x0000000082f00000|  0%| F|  |TAMS 0x0000000082e00000, 0x0000000082e00000| Untracked 
|  47|0x0000000082f00000, 0x0000000082f00000, 0x0000000083000000|  0%| F|  |TAMS 0x0000000082f00000, 0x0000000082f00000| Untracked 
|  48|0x0000000083000000, 0x0000000083000000, 0x0000000083100000|  0%| F|  |TAMS 0x0000000083000000, 0x0000000083000000| Untracked 
|  49|0x0000000083100000, 0x0000000083100000, 0x0000000083200000|  0%| F|  |TAMS 0x0000000083100000, 0x0000000083100000| Untracked 
|  50|0x0000000083200000, 0x0000000083200000, 0x0000000083300000|  0%| F|  |TAMS 0x0000000083200000, 0x0000000083200000| Untracked 
|  51|0x0000000083300000, 0x0000000083300000, 0x0000000083400000|  0%| F|  |TAMS 0x0000000083300000, 0x0000000083300000| Untracked 
|  52|0x0000000083400000, 0x0000000083400000, 0x0000000083500000|  0%| F|  |TAMS 0x0000000083400000, 0x0000000083400000| Untracked 
|  53|0x0000000083500000, 0x0000000083500000, 0x0000000083600000|  0%| F|  |TAMS 0x0000000083500000, 0x0000000083500000| Untracked 
|  54|0x0000000083600000, 0x0000000083600000, 0x0000000083700000|  0%| F|  |TAMS 0x0000000083600000, 0x0000000083600000| Untracked 
|  55|0x0000000083700000, 0x0000000083700000, 0x0000000083800000|  0%| F|  |TAMS 0x0000000083700000, 0x0000000083700000| Untracked 
|  56|0x0000000083800000, 0x0000000083800000, 0x0000000083900000|  0%| F|  |TAMS 0x0000000083800000, 0x0000000083800000| Untracked 
|  57|0x0000000083900000, 0x0000000083900000, 0x0000000083a00000|  0%| F|  |TAMS 0x0000000083900000, 0x0000000083900000| Untracked 
|  58|0x0000000083a00000, 0x0000000083a00000, 0x0000000083b00000|  0%| F|  |TAMS 0x0000000083a00000, 0x0000000083a00000| Untracked 
|  59|0x0000000083b00000, 0x0000000083b00000, 0x0000000083c00000|  0%| F|  |TAMS 0x0000000083b00000, 0x0000000083b00000| Untracked 
|  60|0x0000000083c00000, 0x0000000083c00000, 0x0000000083d00000|  0%| F|  |TAMS 0x0000000083c00000, 0x0000000083c00000| Untracked 
|  61|0x0000000083d00000, 0x0000000083d00000, 0x0000000083e00000|  0%| F|  |TAMS 0x0000000083d00000, 0x0000000083d00000| Untracked 
|  62|0x0000000083e00000, 0x0000000083ea5300, 0x0000000083f00000| 64%| S|CS|TAMS 0x0000000083e00000, 0x0000000083e00000| Complete 
|  63|0x0000000083f00000, 0x0000000084000000, 0x0000000084000000|100%| S|CS|TAMS 0x0000000083f00000, 0x0000000083f00000| Complete 
|  64|0x0000000084000000, 0x0000000084100000, 0x0000000084100000|100%| S|CS|TAMS 0x0000000084000000, 0x0000000084000000| Complete 
|  65|0x0000000084100000, 0x0000000084200000, 0x0000000084200000|100%| S|CS|TAMS 0x0000000084100000, 0x0000000084100000| Complete 
|  66|0x0000000084200000, 0x0000000084300000, 0x0000000084300000|100%| S|CS|TAMS 0x0000000084200000, 0x0000000084200000| Complete 
|  67|0x0000000084300000, 0x0000000084400000, 0x0000000084400000|100%| S|CS|TAMS 0x0000000084300000, 0x0000000084300000| Complete 
|  68|0x0000000084400000, 0x0000000084500000, 0x0000000084500000|100%| S|CS|TAMS 0x0000000084400000, 0x0000000084400000| Complete 
|  69|0x0000000084500000, 0x0000000084600000, 0x0000000084600000|100%| S|CS|TAMS 0x0000000084500000, 0x0000000084500000| Complete 
|  70|0x0000000084600000, 0x0000000084600000, 0x0000000084700000|  0%| F|  |TAMS 0x0000000084600000, 0x0000000084600000| Untracked 
|  71|0x0000000084700000, 0x0000000084700000, 0x0000000084800000|  0%| F|  |TAMS 0x0000000084700000, 0x0000000084700000| Untracked 
|  72|0x0000000084800000, 0x0000000084800000, 0x0000000084900000|  0%| F|  |TAMS 0x0000000084800000, 0x0000000084800000| Untracked 
|  73|0x0000000084900000, 0x0000000084900000, 0x0000000084a00000|  0%| F|  |TAMS 0x0000000084900000, 0x0000000084900000| Untracked 
|  74|0x0000000084a00000, 0x0000000084a00000, 0x0000000084b00000|  0%| F|  |TAMS 0x0000000084a00000, 0x0000000084a00000| Untracked 
|  75|0x0000000084b00000, 0x0000000084b00000, 0x0000000084c00000|  0%| F|  |TAMS 0x0000000084b00000, 0x0000000084b00000| Untracked 
|  76|0x0000000084c00000, 0x0000000084c00000, 0x0000000084d00000|  0%| F|  |TAMS 0x0000000084c00000, 0x0000000084c00000| Untracked 
|  77|0x0000000084d00000, 0x0000000084d00000, 0x0000000084e00000|  0%| F|  |TAMS 0x0000000084d00000, 0x0000000084d00000| Untracked 
|  78|0x0000000084e00000, 0x0000000084e00000, 0x0000000084f00000|  0%| F|  |TAMS 0x0000000084e00000, 0x0000000084e00000| Untracked 
|  79|0x0000000084f00000, 0x0000000084f00000, 0x0000000085000000|  0%| F|  |TAMS 0x0000000084f00000, 0x0000000084f00000| Untracked 
|  80|0x0000000085000000, 0x0000000085000000, 0x0000000085100000|  0%| F|  |TAMS 0x0000000085000000, 0x0000000085000000| Untracked 
|  81|0x0000000085100000, 0x0000000085100000, 0x0000000085200000|  0%| F|  |TAMS 0x0000000085100000, 0x0000000085100000| Untracked 
|  82|0x0000000085200000, 0x0000000085200000, 0x0000000085300000|  0%| F|  |TAMS 0x0000000085200000, 0x0000000085200000| Untracked 
|  83|0x0000000085300000, 0x0000000085300000, 0x0000000085400000|  0%| F|  |TAMS 0x0000000085300000, 0x0000000085300000| Untracked 
|  84|0x0000000085400000, 0x0000000085400000, 0x0000000085500000|  0%| F|  |TAMS 0x0000000085400000, 0x0000000085400000| Untracked 
|  85|0x0000000085500000, 0x0000000085500000, 0x0000000085600000|  0%| F|  |TAMS 0x0000000085500000, 0x0000000085500000| Untracked 
|  86|0x0000000085600000, 0x0000000085600000, 0x0000000085700000|  0%| F|  |TAMS 0x0000000085600000, 0x0000000085600000| Untracked 
|  87|0x0000000085700000, 0x0000000085700000, 0x0000000085800000|  0%| F|  |TAMS 0x0000000085700000, 0x0000000085700000| Untracked 
|  88|0x0000000085800000, 0x0000000085800000, 0x0000000085900000|  0%| F|  |TAMS 0x0000000085800000, 0x0000000085800000| Untracked 
|  89|0x0000000085900000, 0x0000000085900000, 0x0000000085a00000|  0%| F|  |TAMS 0x0000000085900000, 0x0000000085900000| Untracked 
|  90|0x0000000085a00000, 0x0000000085a00000, 0x0000000085b00000|  0%| F|  |TAMS 0x0000000085a00000, 0x0000000085a00000| Untracked 
|  91|0x0000000085b00000, 0x0000000085b00000, 0x0000000085c00000|  0%| F|  |TAMS 0x0000000085b00000, 0x0000000085b00000| Untracked 
|  92|0x0000000085c00000, 0x0000000085c00000, 0x0000000085d00000|  0%| F|  |TAMS 0x0000000085c00000, 0x0000000085c00000| Untracked 
|  93|0x0000000085d00000, 0x0000000085d00000, 0x0000000085e00000|  0%| F|  |TAMS 0x0000000085d00000, 0x0000000085d00000| Untracked 
|  94|0x0000000085e00000, 0x0000000085e00000, 0x0000000085f00000|  0%| F|  |TAMS 0x0000000085e00000, 0x0000000085e00000| Untracked 
|  95|0x0000000085f00000, 0x0000000085f00000, 0x0000000086000000|  0%| F|  |TAMS 0x0000000085f00000, 0x0000000085f00000| Untracked 
|  96|0x0000000086000000, 0x00000000860e8a00, 0x0000000086100000| 90%| E|  |TAMS 0x0000000086000000, 0x0000000086000000| Complete 
|  97|0x0000000086100000, 0x0000000086200000, 0x0000000086200000|100%| E|CS|TAMS 0x0000000086100000, 0x0000000086100000| Complete 
|  98|0x0000000086200000, 0x0000000086300000, 0x0000000086300000|100%| E|CS|TAMS 0x0000000086200000, 0x0000000086200000| Complete 
|  99|0x0000000086300000, 0x0000000086400000, 0x0000000086400000|100%| E|CS|TAMS 0x0000000086300000, 0x0000000086300000| Complete 
| 100|0x0000000086400000, 0x0000000086500000, 0x0000000086500000|100%| E|  |TAMS 0x0000000086400000, 0x0000000086400000| Complete 
| 101|0x0000000086500000, 0x0000000086600000, 0x0000000086600000|100%| E|CS|TAMS 0x0000000086500000, 0x0000000086500000| Complete 
| 102|0x0000000086600000, 0x0000000086700000, 0x0000000086700000|100%| E|CS|TAMS 0x0000000086600000, 0x0000000086600000| Complete 
| 103|0x0000000086700000, 0x0000000086800000, 0x0000000086800000|100%| E|CS|TAMS 0x0000000086700000, 0x0000000086700000| Complete 
| 104|0x0000000086800000, 0x0000000086900000, 0x0000000086900000|100%| E|CS|TAMS 0x0000000086800000, 0x0000000086800000| Complete 
| 105|0x0000000086900000, 0x0000000086a00000, 0x0000000086a00000|100%| E|CS|TAMS 0x0000000086900000, 0x0000000086900000| Complete 
| 106|0x0000000086a00000, 0x0000000086b00000, 0x0000000086b00000|100%| E|CS|TAMS 0x0000000086a00000, 0x0000000086a00000| Complete 
| 107|0x0000000086b00000, 0x0000000086c00000, 0x0000000086c00000|100%| E|CS|TAMS 0x0000000086b00000, 0x0000000086b00000| Complete 
| 108|0x0000000086c00000, 0x0000000086d00000, 0x0000000086d00000|100%| E|CS|TAMS 0x0000000086c00000, 0x0000000086c00000| Complete 
| 109|0x0000000086d00000, 0x0000000086e00000, 0x0000000086e00000|100%| E|CS|TAMS 0x0000000086d00000, 0x0000000086d00000| Complete 
| 110|0x0000000086e00000, 0x0000000086f00000, 0x0000000086f00000|100%| E|CS|TAMS 0x0000000086e00000, 0x0000000086e00000| Complete 
| 111|0x0000000086f00000, 0x0000000087000000, 0x0000000087000000|100%| E|CS|TAMS 0x0000000086f00000, 0x0000000086f00000| Complete 
| 112|0x0000000087000000, 0x0000000087100000, 0x0000000087100000|100%| E|CS|TAMS 0x0000000087000000, 0x0000000087000000| Complete 
| 113|0x0000000087100000, 0x0000000087200000, 0x0000000087200000|100%| E|CS|TAMS 0x0000000087100000, 0x0000000087100000| Complete 
| 114|0x0000000087200000, 0x0000000087300000, 0x0000000087300000|100%| E|CS|TAMS 0x0000000087200000, 0x0000000087200000| Complete 
| 115|0x0000000087300000, 0x0000000087400000, 0x0000000087400000|100%| E|CS|TAMS 0x0000000087300000, 0x0000000087300000| Complete 
| 116|0x0000000087400000, 0x0000000087500000, 0x0000000087500000|100%| E|CS|TAMS 0x0000000087400000, 0x0000000087400000| Complete 
| 117|0x0000000087500000, 0x0000000087600000, 0x0000000087600000|100%| E|CS|TAMS 0x0000000087500000, 0x0000000087500000| Complete 
| 118|0x0000000087600000, 0x0000000087700000, 0x0000000087700000|100%| E|CS|TAMS 0x0000000087600000, 0x0000000087600000| Complete 
| 119|0x0000000087700000, 0x0000000087800000, 0x0000000087800000|100%| E|CS|TAMS 0x0000000087700000, 0x0000000087700000| Complete 
| 120|0x0000000087800000, 0x0000000087900000, 0x0000000087900000|100%| E|CS|TAMS 0x0000000087800000, 0x0000000087800000| Complete 
| 121|0x0000000087900000, 0x0000000087a00000, 0x0000000087a00000|100%| E|CS|TAMS 0x0000000087900000, 0x0000000087900000| Complete 
| 122|0x0000000087a00000, 0x0000000087b00000, 0x0000000087b00000|100%| E|CS|TAMS 0x0000000087a00000, 0x0000000087a00000| Complete 
| 123|0x0000000087b00000, 0x0000000087c00000, 0x0000000087c00000|100%| E|CS|TAMS 0x0000000087b00000, 0x0000000087b00000| Complete 
| 124|0x0000000087c00000, 0x0000000087d00000, 0x0000000087d00000|100%| E|CS|TAMS 0x0000000087c00000, 0x0000000087c00000| Complete 
| 125|0x0000000087d00000, 0x0000000087e00000, 0x0000000087e00000|100%| E|CS|TAMS 0x0000000087d00000, 0x0000000087d00000| Complete 
| 126|0x0000000087e00000, 0x0000000087f00000, 0x0000000087f00000|100%| E|CS|TAMS 0x0000000087e00000, 0x0000000087e00000| Complete 
| 127|0x0000000087f00000, 0x0000000088000000, 0x0000000088000000|100%| E|CS|TAMS 0x0000000087f00000, 0x0000000087f00000| Complete 
| 128|0x0000000088000000, 0x0000000088100000, 0x0000000088100000|100%| E|CS|TAMS 0x0000000088000000, 0x0000000088000000| Complete 
| 129|0x0000000088100000, 0x0000000088200000, 0x0000000088200000|100%| E|CS|TAMS 0x0000000088100000, 0x0000000088100000| Complete 
| 130|0x0000000088200000, 0x0000000088300000, 0x0000000088300000|100%| E|CS|TAMS 0x0000000088200000, 0x0000000088200000| Complete 
| 131|0x0000000088300000, 0x0000000088400000, 0x0000000088400000|100%| E|CS|TAMS 0x0000000088300000, 0x0000000088300000| Complete 
| 132|0x0000000088400000, 0x0000000088500000, 0x0000000088500000|100%| E|CS|TAMS 0x0000000088400000, 0x0000000088400000| Complete 
| 133|0x0000000088500000, 0x0000000088600000, 0x0000000088600000|100%| E|CS|TAMS 0x0000000088500000, 0x0000000088500000| Complete 
| 134|0x0000000088600000, 0x0000000088700000, 0x0000000088700000|100%| E|CS|TAMS 0x0000000088600000, 0x0000000088600000| Complete 
| 135|0x0000000088700000, 0x0000000088800000, 0x0000000088800000|100%| E|CS|TAMS 0x0000000088700000, 0x0000000088700000| Complete 
| 136|0x0000000088800000, 0x0000000088900000, 0x0000000088900000|100%| E|CS|TAMS 0x0000000088800000, 0x0000000088800000| Complete 
| 137|0x0000000088900000, 0x0000000088a00000, 0x0000000088a00000|100%| E|CS|TAMS 0x0000000088900000, 0x0000000088900000| Complete 
| 138|0x0000000088a00000, 0x0000000088b00000, 0x0000000088b00000|100%| E|CS|TAMS 0x0000000088a00000, 0x0000000088a00000| Complete 
| 139|0x0000000088b00000, 0x0000000088c00000, 0x0000000088c00000|100%| E|CS|TAMS 0x0000000088b00000, 0x0000000088b00000| Complete 
| 140|0x0000000088c00000, 0x0000000088d00000, 0x0000000088d00000|100%| E|CS|TAMS 0x0000000088c00000, 0x0000000088c00000| Complete 
| 141|0x0000000088d00000, 0x0000000088e00000, 0x0000000088e00000|100%| E|CS|TAMS 0x0000000088d00000, 0x0000000088d00000| Complete 
| 142|0x0000000088e00000, 0x0000000088f00000, 0x0000000088f00000|100%| E|CS|TAMS 0x0000000088e00000, 0x0000000088e00000| Complete 
| 143|0x0000000088f00000, 0x0000000089000000, 0x0000000089000000|100%| E|CS|TAMS 0x0000000088f00000, 0x0000000088f00000| Complete 
| 144|0x0000000089000000, 0x0000000089100000, 0x0000000089100000|100%| E|CS|TAMS 0x0000000089000000, 0x0000000089000000| Complete 
| 145|0x0000000089100000, 0x0000000089200000, 0x0000000089200000|100%| E|CS|TAMS 0x0000000089100000, 0x0000000089100000| Complete 
| 146|0x0000000089200000, 0x0000000089300000, 0x0000000089300000|100%| E|CS|TAMS 0x0000000089200000, 0x0000000089200000| Complete 
| 147|0x0000000089300000, 0x0000000089400000, 0x0000000089400000|100%| E|CS|TAMS 0x0000000089300000, 0x0000000089300000| Complete 
| 148|0x0000000089400000, 0x0000000089500000, 0x0000000089500000|100%| E|CS|TAMS 0x0000000089400000, 0x0000000089400000| Complete 
| 149|0x0000000089500000, 0x0000000089600000, 0x0000000089600000|100%| E|CS|TAMS 0x0000000089500000, 0x0000000089500000| Complete 
| 150|0x0000000089600000, 0x0000000089700000, 0x0000000089700000|100%| E|CS|TAMS 0x0000000089600000, 0x0000000089600000| Complete 
| 151|0x0000000089700000, 0x0000000089800000, 0x0000000089800000|100%| E|CS|TAMS 0x0000000089700000, 0x0000000089700000| Complete 
| 152|0x0000000089800000, 0x0000000089900000, 0x0000000089900000|100%| E|CS|TAMS 0x0000000089800000, 0x0000000089800000| Complete 
| 153|0x0000000089900000, 0x0000000089a00000, 0x0000000089a00000|100%| E|CS|TAMS 0x0000000089900000, 0x0000000089900000| Complete 

Card table byte_map: [0x000001cbf9fc0000,0x000001cbfa3c0000] _byte_map_base: 0x000001cbf9bc0000

Marking Bits (Prev, Next): (CMBitMap*) 0x000001cbe2b655d0, (CMBitMap*) 0x000001cbe2b65598
 Prev Bits: [0x000001cbfc7c0000, 0x000001cbfe7c0000)
 Next Bits: [0x000001cbfa7c0000, 0x000001cbfc7c0000)

Polling page: 0x000001cbe0a70000

Metaspace:

Usage:
  Non-class:     66.50 MB capacity,    64.25 MB ( 97%) used,     1.72 MB (  3%) free+waste,   551.56 KB ( <1%) overhead. 
      Class:     14.05 MB capacity,    11.39 MB ( 81%) used,     2.33 MB ( 17%) free+waste,   335.75 KB (  2%) overhead. 
       Both:     80.55 MB capacity,    75.64 MB ( 94%) used,     4.05 MB (  5%) free+waste,   887.31 KB (  1%) overhead. 

Virtual space:
  Non-class space:       68.00 MB reserved,      66.75 MB ( 98%) committed 
      Class space:        1.00 GB reserved,      14.07 MB (  1%) committed 
             Both:        1.07 GB reserved,      80.82 MB (  7%) committed 

Chunk freelists:
   Non-Class:  0 bytes
       Class:  0 bytes
        Both:  0 bytes

CodeHeap 'non-profiled nmethods': size=120064Kb used=2507Kb max_used=2507Kb free=117557Kb
 bounds [0x000001cbf2a80000, 0x000001cbf2d00000, 0x000001cbf9fc0000]
CodeHeap 'profiled nmethods': size=120000Kb used=10472Kb max_used=10472Kb free=109527Kb
 bounds [0x000001cbeb550000, 0x000001cbebf90000, 0x000001cbf2a80000]
CodeHeap 'non-nmethods': size=5696Kb used=1354Kb max_used=1356Kb free=4341Kb
 bounds [0x000001cbeafc0000, 0x000001cbeb230000, 0x000001cbeb550000]
 total_blobs=6460 nmethods=5729 adapters=641
 compilation: enabled
              stopped_count=0, restarted_count=0
 full_count=0

Compilation events (10 events):
Event: 13.406 Thread 0x000001cbff4fc800 5739       2       sjsonnew.support.scalajson.unsafe.Parser$$anon$1::arrayContext (9 bytes)
Event: 13.407 Thread 0x000001cbff4fc800 nmethod 5739 0x000001cbebf88310 code [0x000001cbebf884e0, 0x000001cbebf88828]
Event: 13.407 Thread 0x000001cbff4fc800 5740       2       sjsonnew.support.scalajson.unsafe.Parser$$anon$1$$anon$3::finish (6 bytes)
Event: 13.407 Thread 0x000001cbff4fc800 nmethod 5740 0x000001cbebf88990 code [0x000001cbebf88b60, 0x000001cbebf88e18]
Event: 13.408 Thread 0x000001cbff4fc800 5741       2       sjsonnew.support.scalajson.unsafe.Parser$$anon$1$$anon$3::add (10 bytes)
Event: 13.408 Thread 0x000001cbff4fc800 nmethod 5741 0x000001cbebf89010 code [0x000001cbebf891c0, 0x000001cbebf89308]
Event: 13.412 Thread 0x000001cbff4fc800 5742       2       sjsonnew.support.scalajson.unsafe.Parser$$anon$1::jstring (12 bytes)
Event: 13.412 Thread 0x000001cbff4fc800 nmethod 5742 0x000001cbebf89410 code [0x000001cbebf895c0, 0x000001cbebf89788]
Event: 13.412 Thread 0x000001cbff4fc800 5743       2       sjsonnew.shaded.scalajson.ast.unsafe.JString::<init> (10 bytes)
Event: 13.413 Thread 0x000001cbff4fc800 nmethod 5743 0x000001cbebf89890 code [0x000001cbebf89a20, 0x000001cbebf89b58]

GC Heap History (10 events):
Event: 3.389 GC heap before
{Heap before GC invocations=3 (full 0):
 garbage-first heap   total 131072K, used 32174K [0x0000000080000000, 0x0000000100000000)
  region size 1024K, 32 young (32768K), 6 survivors (6144K)
 Metaspace       used 28121K, capacity 28954K, committed 29184K, reserved 1075200K
  class space    used 3432K, capacity 3782K, committed 3840K, reserved 1048576K
}
Event: 3.405 GC heap after
{Heap after GC invocations=4 (full 0):
 garbage-first heap   total 131072K, used 8077K [0x0000000080000000, 0x0000000100000000)
  region size 1024K, 2 young (2048K), 2 survivors (2048K)
 Metaspace       used 28121K, capacity 28954K, committed 29184K, reserved 1075200K
  class space    used 3432K, capacity 3782K, committed 3840K, reserved 1048576K
}
Event: 4.298 GC heap before
{Heap before GC invocations=4 (full 0):
 garbage-first heap   total 131072K, used 32653K [0x0000000080000000, 0x0000000100000000)
  region size 1024K, 28 young (28672K), 2 survivors (2048K)
 Metaspace       used 34863K, capacity 35794K, committed 35840K, reserved 1081344K
  class space    used 4296K, capacity 4722K, committed 4736K, reserved 1048576K
}
Event: 4.306 GC heap after
{Heap after GC invocations=5 (full 0):
 garbage-first heap   total 131072K, used 9603K [0x0000000080000000, 0x0000000100000000)
  region size 1024K, 3 young (3072K), 3 survivors (3072K)
 Metaspace       used 34863K, capacity 35794K, committed 35840K, reserved 1081344K
  class space    used 4296K, capacity 4722K, committed 4736K, reserved 1048576K
}
Event: 6.380 GC heap before
{Heap before GC invocations=6 (full 0):
 garbage-first heap   total 131072K, used 62851K [0x0000000080000000, 0x0000000100000000)
  region size 1024K, 55 young (56320K), 3 survivors (3072K)
 Metaspace       used 47666K, capacity 49589K, committed 49740K, reserved 1091584K
  class space    used 6438K, capacity 7480K, committed 7500K, reserved 1048576K
}
Event: 6.404 GC heap after
{Heap after GC invocations=7 (full 0):
 garbage-first heap   total 131072K, used 14240K [0x0000000080000000, 0x0000000100000000)
  region size 1024K, 7 young (7168K), 7 survivors (7168K)
 Metaspace       used 47666K, capacity 49589K, committed 49740K, reserved 1091584K
  class space    used 6438K, capacity 7480K, committed 7500K, reserved 1048576K
}
Event: 7.915 GC heap before
{Heap before GC invocations=7 (full 0):
 garbage-first heap   total 131072K, used 53152K [0x0000000080000000, 0x0000000100000000)
  region size 1024K, 47 young (48128K), 7 survivors (7168K)
 Metaspace       used 57349K, capacity 60031K, committed 60236K, reserved 1099776K
  class space    used 8020K, capacity 9513K, committed 9548K, reserved 1048576K
}
Event: 7.943 GC heap after
{Heap after GC invocations=8 (full 0):
 garbage-first heap   total 131072K, used 16856K [0x0000000080000000, 0x0000000100000000)
  region size 1024K, 3 young (3072K), 3 survivors (3072K)
 Metaspace       used 57349K, capacity 60031K, committed 60236K, reserved 1099776K
  class space    used 8020K, capacity 9513K, committed 9548K, reserved 1048576K
}
Event: 10.340 GC heap before
{Heap before GC invocations=9 (full 0):
 garbage-first heap   total 131072K, used 72152K [0x0000000080000000, 0x0000000100000000)
  region size 1024K, 58 young (59392K), 3 survivors (3072K)
 Metaspace       used 68760K, capacity 72307K, committed 72396K, reserved 1110016K
  class space    used 9870K, capacity 11935K, committed 11980K, reserved 1048576K
}
Event: 10.366 GC heap after
{Heap after GC invocations=10 (full 0):
 garbage-first heap   total 157696K, used 21613K [0x0000000080000000, 0x0000000100000000)
  region size 1024K, 8 young (8192K), 8 survivors (8192K)
 Metaspace       used 68760K, capacity 72307K, committed 72396K, reserved 1110016K
  class space    used 9870K, capacity 11935K, committed 11980K, reserved 1048576K
}

Deoptimization events (10 events):
Event: 12.427 Thread 0x000001cb8612f000 Uncommon trap: reason=class_check action=maybe_recompile pc=0x000001cbf2ca17c4 method=sbt.ScopeAxis.fold(Lscala/Function1;Lscala/Function0;Lscala/Function0;)Ljava/lang/Object; @ 78 c2
Event: 12.427 Thread 0x000001cb8612f000 Uncommon trap: reason=class_check action=maybe_recompile pc=0x000001cbf2ca2800 method=sbt.ScopeAxis.fold(Lscala/Function1;Lscala/Function0;Lscala/Function0;)Ljava/lang/Object; @ 78 c2
Event: 12.613 Thread 0x000001cb82eba000 Uncommon trap: reason=bimorphic_or_optimized_type_check action=maybe_recompile pc=0x000001cbf2cb6ca8 method=scala.collection.TraversableLike.filterImpl(Lscala/Function1;Z)Ljava/lang/Object; @ 26 c2
Event: 12.894 Thread 0x000001cb86478000 Uncommon trap: reason=class_check action=maybe_recompile pc=0x000001cbf2b0f8d4 method=java.lang.Throwable.<init>(Ljava/lang/String;Ljava/lang/Throwable;)V @ 24 c2
Event: 12.969 Thread 0x000001cb82eb9000 Uncommon trap: reason=bimorphic_or_optimized_type_check action=maybe_recompile pc=0x000001cbf2cb6ca8 method=scala.collection.TraversableLike.filterImpl(Lscala/Function1;Z)Ljava/lang/Object; @ 26 c2
Event: 12.992 Thread 0x000001cb82eb9000 Uncommon trap: reason=bimorphic_or_optimized_type_check action=maybe_recompile pc=0x000001cbf2cb6ca8 method=scala.collection.TraversableLike.filterImpl(Lscala/Function1;Z)Ljava/lang/Object; @ 26 c2
Event: 12.992 Thread 0x000001cb82eb9000 Uncommon trap: reason=bimorphic_or_optimized_type_check action=maybe_recompile pc=0x000001cbf2cb6ca8 method=scala.collection.TraversableLike.filterImpl(Lscala/Function1;Z)Ljava/lang/Object; @ 26 c2
Event: 13.218 Thread 0x000001cbe2b2b800 Uncommon trap: reason=class_check action=maybe_recompile pc=0x000001cbf2ce4c10 method=sbt.ConcurrentRestrictions$.update(Lscala/collection/immutable/Map;Ljava/lang/Object;Ljava/lang/Object;Lscala/Function2;)Lscala/collection/immutable/Map; @ 11 c2
Event: 13.218 Thread 0x000001cbe2b2b800 Uncommon trap: reason=class_check action=maybe_recompile pc=0x000001cbf2ce4bbc method=sbt.ConcurrentRestrictions$.update(Lscala/collection/immutable/Map;Ljava/lang/Object;Ljava/lang/Object;Lscala/Function2;)Lscala/collection/immutable/Map; @ 2 c2
Event: 13.218 Thread 0x000001cbe2b2b800 Uncommon trap: reason=class_check action=maybe_recompile pc=0x000001cbf2ce4bbc method=sbt.ConcurrentRestrictions$.update(Lscala/collection/immutable/Map;Ljava/lang/Object;Ljava/lang/Object;Lscala/Function2;)Lscala/collection/immutable/Map; @ 2 c2

Classes redefined (0 events):
No events

Internal exceptions (10 events):
Event: 13.048 Thread 0x000001cb82eb9000 Exception <a 'sun/nio/fs/WindowsException'{0x00000000866a7048}> (0x00000000866a7048) thrown at [./open/src/hotspot/share/prims/jni.cpp, line 611]
Event: 13.048 Thread 0x000001cb82eb9000 Exception <a 'sun/nio/fs/WindowsException'{0x00000000866a7ef8}> (0x00000000866a7ef8) thrown at [./open/src/hotspot/share/prims/jni.cpp, line 611]
Event: 13.048 Thread 0x000001cb82eb9000 Exception <a 'sun/nio/fs/WindowsException'{0x00000000866a8db8}> (0x00000000866a8db8) thrown at [./open/src/hotspot/share/prims/jni.cpp, line 611]
Event: 13.225 Thread 0x000001cb82cfe800 Exception <a 'sun/nio/fs/WindowsException'{0x000000008659b918}> (0x000000008659b918) thrown at [./open/src/hotspot/share/prims/jni.cpp, line 611]
Event: 13.277 Thread 0x000001cb82cfe800 Exception <a 'sun/nio/fs/WindowsException'{0x00000000863ed290}> (0x00000000863ed290) thrown at [./open/src/hotspot/share/prims/jni.cpp, line 611]
Event: 13.281 Thread 0x000001cb82cfe800 Exception <a 'sun/nio/fs/WindowsException'{0x000000008620de10}> (0x000000008620de10) thrown at [./open/src/hotspot/share/prims/jni.cpp, line 611]
Event: 13.290 Thread 0x000001cb82cfe800 Exception <a 'sun/nio/fs/WindowsException'{0x000000008624e1e8}> (0x000000008624e1e8) thrown at [./open/src/hotspot/share/prims/jni.cpp, line 611]
Event: 13.332 Thread 0x000001cb82cfe800 Exception <a 'sun/nio/fs/WindowsException'{0x00000000862cd258}> (0x00000000862cd258) thrown at [./open/src/hotspot/share/prims/jni.cpp, line 611]
Event: 13.345 Thread 0x000001cb82cfe800 Exception <a 'java/lang/NoSuchMethodError'{0x000000008610ef68}: java.lang.invoke.DirectMethodHandle$Holder.invokeStatic(Ljava/lang/Object;Ljava/lang/Object;Ljava/lang/Object;Ljava/lang/Object;Ljava/lang/Object;Ljava/lang/Object;Ljava/lang/Object;Ljava/lan
Event: 13.347 Thread 0x000001cb82cfe800 Exception <a 'sun/nio/fs/WindowsException'{0x0000000086120130}> (0x0000000086120130) thrown at [./open/src/hotspot/share/prims/jni.cpp, line 611]

Events (10 events):
Event: 13.344 loading class sbt/librarymanagement/UpdateReport
Event: 13.344 loading class sbt/librarymanagement/UpdateReport done
Event: 13.344 loading class sbt/internal/LibraryManagement$
Event: 13.344 loading class sbt/internal/LibraryManagement$ done
Event: 13.346 loading class scala/Function1
Event: 13.346 loading class scala/Function1 done
Event: 13.346 loading class sbt/librarymanagement/UpdateReport
Event: 13.346 loading class sbt/librarymanagement/UpdateReport done
Event: 13.346 loading class scala/Function1
Event: 13.346 loading class scala/Function1 done


Dynamic libraries:
0x00007ff726d30000 - 0x00007ff726d3f000 	C:\Program Files\Java\jdk-11.0.10\bin\java.exe
0x00007ffb665b0000 - 0x00007ffb667a6000 	C:\WINDOWS\SYSTEM32\ntdll.dll
0x00007ffb66200000 - 0x00007ffb662bd000 	C:\WINDOWS\System32\KERNEL32.DLL
0x00007ffb63e00000 - 0x00007ffb640c9000 	C:\WINDOWS\System32\KERNELBASE.dll
0x00007ffb640d0000 - 0x00007ffb641d0000 	C:\WINDOWS\System32\ucrtbase.dll
0x00007ffb52840000 - 0x00007ffb52858000 	C:\Program Files\Java\jdk-11.0.10\bin\jli.dll
0x00007ffb65f10000 - 0x00007ffb65fbc000 	C:\WINDOWS\System32\ADVAPI32.dll
0x00007ffb64660000 - 0x00007ffb646fe000 	C:\WINDOWS\System32\msvcrt.dll
0x00007ffb65710000 - 0x00007ffb657ac000 	C:\WINDOWS\System32\sechost.dll
0x00007ffb659b0000 - 0x00007ffb65adb000 	C:\WINDOWS\System32\RPCRT4.dll
0x00007ffb65810000 - 0x00007ffb659b0000 	C:\WINDOWS\System32\USER32.dll
0x00007ffb64330000 - 0x00007ffb64352000 	C:\WINDOWS\System32\win32u.dll
0x00007ffb65e00000 - 0x00007ffb65e2a000 	C:\WINDOWS\System32\GDI32.dll
0x00007ffb64220000 - 0x00007ffb6432b000 	C:\WINDOWS\System32\gdi32full.dll
0x00007ffb527d0000 - 0x00007ffb527e5000 	C:\Program Files\Java\jdk-11.0.10\bin\VCRUNTIME140.dll
0x00007ffb64410000 - 0x00007ffb644ad000 	C:\WINDOWS\System32\msvcp_win.dll
0x00007ffb53820000 - 0x00007ffb53abb000 	C:\WINDOWS\WinSxS\amd64_microsoft.windows.common-controls_6595b64144ccf1df_6.0.19041.746_none_ca02b4b61b8320a4\COMCTL32.dll
0x00007ffb5d130000 - 0x00007ffb5d13a000 	C:\WINDOWS\SYSTEM32\VERSION.dll
0x00007ffb64610000 - 0x00007ffb64640000 	C:\WINDOWS\System32\IMM32.DLL
0x00007ffb3cad0000 - 0x00007ffb3cb6b000 	C:\Program Files\Java\jdk-11.0.10\bin\msvcp140.dll
0x00007ffb33a90000 - 0x00007ffb3458b000 	C:\Program Files\Java\jdk-11.0.10\bin\server\jvm.dll
0x00007ffb65290000 - 0x00007ffb65298000 	C:\WINDOWS\System32\PSAPI.DLL
0x00007ffb53c70000 - 0x00007ffb53c79000 	C:\WINDOWS\SYSTEM32\WSOCK32.dll
0x00007ffb66500000 - 0x00007ffb6656b000 	C:\WINDOWS\System32\WS2_32.dll
0x00007ffb5cec0000 - 0x00007ffb5cee7000 	C:\WINDOWS\SYSTEM32\WINMM.dll
0x00007ffb61c60000 - 0x00007ffb61c72000 	C:\WINDOWS\SYSTEM32\kernel.appcore.dll
0x00007ffb56ef0000 - 0x00007ffb56f00000 	C:\Program Files\Java\jdk-11.0.10\bin\verify.dll
0x00007ffb54670000 - 0x00007ffb54854000 	C:\WINDOWS\SYSTEM32\DBGHELP.DLL
0x00007ffb54640000 - 0x00007ffb5466c000 	C:\WINDOWS\SYSTEM32\dbgcore.DLL
0x00007ffb63cf0000 - 0x00007ffb63d70000 	C:\WINDOWS\System32\bcryptPrimitives.dll
0x00007ffb4a530000 - 0x00007ffb4a558000 	C:\Program Files\Java\jdk-11.0.10\bin\java.dll
0x00007ffb54b60000 - 0x00007ffb54b6a000 	C:\Program Files\Java\jdk-11.0.10\bin\jimage.dll
0x00007ffb4a510000 - 0x00007ffb4a526000 	C:\Program Files\Java\jdk-11.0.10\bin\zip.dll
0x00007ffb64700000 - 0x00007ffb64e42000 	C:\WINDOWS\System32\SHELL32.dll
0x00007ffb61e60000 - 0x00007ffb625f0000 	C:\WINDOWS\SYSTEM32\windows.storage.dll
0x00007ffb64f30000 - 0x00007ffb65286000 	C:\WINDOWS\System32\combase.dll
0x00007ffb63750000 - 0x00007ffb6377c000 	C:\WINDOWS\SYSTEM32\Wldp.dll
0x00007ffb660f0000 - 0x00007ffb6619e000 	C:\WINDOWS\System32\SHCORE.dll
0x00007ffb657b0000 - 0x00007ffb65805000 	C:\WINDOWS\System32\shlwapi.dll
0x00007ffb63c20000 - 0x00007ffb63c46000 	C:\WINDOWS\SYSTEM32\profapi.dll
0x00007ffb51c20000 - 0x00007ffb51c39000 	C:\Program Files\Java\jdk-11.0.10\bin\net.dll
0x00007ffb5c5e0000 - 0x00007ffb5c6e0000 	C:\WINDOWS\SYSTEM32\WINHTTP.dll
0x00007ffb634d0000 - 0x00007ffb6353a000 	C:\WINDOWS\system32\mswsock.dll
0x00007ffb50080000 - 0x00007ffb50092000 	C:\Program Files\Java\jdk-11.0.10\bin\nio.dll
0x00007ffb5fcf0000 - 0x00007ffb5fcfa000 	C:\Users\philip\AppData\Local\Temp\jansi-1.18-93fa3188adb8407f81dad04d08abc8192e4e380d.dll
0x00007ffb636b0000 - 0x00007ffb636c8000 	C:\WINDOWS\SYSTEM32\CRYPTSP.dll
0x00007ffb62da0000 - 0x00007ffb62dd4000 	C:\WINDOWS\system32\rsaenh.dll
0x00007ffb63dd0000 - 0x00007ffb63df7000 	C:\WINDOWS\System32\bcrypt.dll
0x00007ffb63ba0000 - 0x00007ffb63bce000 	C:\WINDOWS\SYSTEM32\USERENV.dll
0x00007ffb636a0000 - 0x00007ffb636ac000 	C:\WINDOWS\SYSTEM32\CRYPTBASE.dll
0x00007ffb63170000 - 0x00007ffb631ab000 	C:\WINDOWS\SYSTEM32\IPHLPAPI.DLL
0x00007ffb65f00000 - 0x00007ffb65f08000 	C:\WINDOWS\System32\NSI.dll
0x00007ffb5cef0000 - 0x00007ffb5cf07000 	C:\WINDOWS\SYSTEM32\dhcpcsvc6.DLL
0x00007ffb5cda0000 - 0x00007ffb5cdbd000 	C:\WINDOWS\SYSTEM32\dhcpcsvc.DLL
0x00007ffb631b0000 - 0x00007ffb6327b000 	C:\WINDOWS\SYSTEM32\DNSAPI.dll
0x00007ffb4c4a0000 - 0x00007ffb4c4e1000 	C:\Users\philip\AppData\Local\Temp\jna--989220990\jna6557235813860592788.dll
0x00007ffb52c80000 - 0x00007ffb52c89000 	C:\Program Files\Java\jdk-11.0.10\bin\management.dll
0x00007ffb52830000 - 0x00007ffb5283b000 	C:\Program Files\Java\jdk-11.0.10\bin\management_ext.dll
0x00007ffb4ee00000 - 0x00007ffb4ee25000 	C:\Program Files\Java\jdk-11.0.10\bin\sunec.dll
0x00007ffb54260000 - 0x00007ffb5426d000 	C:\Program Files\Java\jdk-11.0.10\bin\sunmscapi.dll
0x00007ffb644b0000 - 0x00007ffb64606000 	C:\WINDOWS\System32\CRYPT32.dll
0x00007ffb637c0000 - 0x00007ffb637e7000 	C:\WINDOWS\SYSTEM32\ncrypt.dll
0x00007ffb63780000 - 0x00007ffb637bb000 	C:\WINDOWS\SYSTEM32\NTASN1.dll
0x000000006fd00000 - 0x000000006fd07000 	C:\Users\philip\.sbt\1.0\swoval-jni\3334640172737063143-swoval-files0.dll

dbghelp: loaded successfully - version: 4.0.5 - missing functions: none
symbol engine: initialized successfully - sym options: 0x614 - pdb path: .;C:\Program Files\Java\jdk-11.0.10\bin;C:\WINDOWS\SYSTEM32;C:\WINDOWS\WinSxS\amd64_microsoft.windows.common-controls_6595b64144ccf1df_6.0.19041.746_none_ca02b4b61b8320a4;C:\Program Files\Java\jdk-11.0.10\bin\server;C:\Users\philip\AppData\Local\Temp;C:\Users\philip\AppData\Local\Temp\jna--989220990;C:\Users\philip\.sbt\1.0\swoval-jni

VM Arguments:
jvm_args: -Djline.terminal=jline.UnsupportedTerminal -Dsbt.log.noformat=true -Dfile.encoding=UTF-8 -Didea.managed=true -Dfile.encoding=UTF-8 
java_command: C:/Users/philip/AppData/Roaming/JetBrains/IdeaIC2020.3/plugins/Scala/launcher/sbt-launch.jar
java_class_path (initial): C:/Users/philip/AppData/Roaming/JetBrains/IdeaIC2020.3/plugins/Scala/launcher/sbt-launch.jar
Launcher Type: SUN_STANDARD

[Global flags]
     intx CICompilerCount                          = 2                                         {product} {ergonomic}
     uint ConcGCThreads                            = 1                                         {product} {ergonomic}
     uint G1ConcRefinementThreads                  = 2                                         {product} {ergonomic}
   size_t G1HeapRegionSize                         = 1048576                                   {product} {ergonomic}
    uintx GCDrainStackTargetSize                   = 64                                        {product} {ergonomic}
   size_t InitialHeapSize                          = 134217728                                 {product} {ergonomic}
   size_t MarkStackSize                            = 4194304                                   {product} {ergonomic}
   size_t MaxHeapSize                              = 2147483648                                {product} {ergonomic}
   size_t MaxNewSize                               = 1287651328                                {product} {ergonomic}
   size_t MinHeapDeltaBytes                        = 1048576                                   {product} {ergonomic}
    uintx NonNMethodCodeHeapSize                   = 5825164                                {pd product} {ergonomic}
    uintx NonProfiledCodeHeapSize                  = 122916538                              {pd product} {ergonomic}
    uintx ProfiledCodeHeapSize                     = 122916538                              {pd product} {ergonomic}
    uintx ReservedCodeCacheSize                    = 251658240                              {pd product} {ergonomic}
     bool SegmentedCodeCache                       = true                                      {product} {ergonomic}
     bool UseCompressedClassPointers               = true                                 {lp64_product} {ergonomic}
     bool UseCompressedOops                        = true                                 {lp64_product} {ergonomic}
     bool UseG1GC                                  = true                                      {product} {ergonomic}
     bool UseLargePagesIndividualAllocation        = false                                  {pd product} {ergonomic}

Logging:
Log output configuration:
 #0: stdout all=warning uptime,level,tags
 #1: stderr all=off uptime,level,tags

Environment Variables:
PATH=C:\Program Files\Common Files\Oracle\Java\javapath;C:\WINDOWS\system32;C:\WINDOWS;C:\WINDOWS\System32\Wbem;C:\WINDOWS\System32\WindowsPowerShell\v1.0\;C:\WINDOWS\System32\OpenSSH\;C:\ProgramData\chocolatey\bin;C:\Program Files\Java\jdk1.8.0_201\bin;C:\Program Files\PuTTY\;C:\Program Files (x86)\sbt\bin;C:\Program Files (x86)\scala\bin;C:\scala3\bin;C:\Program Files\7-Zip;C:\Users\philip\AppData\Local\Programs\Python\Python37-32\Scripts\;C:\Users\philip\AppData\Local\Programs\Python\Python37-32\;C:\Users\philip\.cargo\bin;C:\Users\philip\AppData\Local\Microsoft\WindowsApps;C:\Program Files (x86)\Inno Setup 5;C:\DEV\apache-maven-3.6.0\bin;C:\NetBeans 8.2\extide\ant\bin;C:\DEV\Microsoft VS Code\bin;C:\Users\philip\AppData\Roaming\cabal\bin;C:\ProgramData\chocolatey\lib\ghc\tools\ghc-8.10.4\bin;C:\tools\msys64;C:\Users\philip\AppData\Local\Coursier\data\bin;C:\Users\philip\AppData\Local\Coursier\data\bin;C:\Program Files\7-Zip;;C:\Program Files\JetBrains\IntelliJ IDEA Community Edition 2020.3.2\bin;
USERNAME=philip
OS=Windows_NT
PROCESSOR_IDENTIFIER=Intel64 Family 6 Model 23 Stepping 10, GenuineIntel



---------------  S Y S T E M  ---------------

OS: Windows 10 , 64 bit Build 19041 (10.0.19041.804)

CPU:total 2 (initial active 2) (2 cores per cpu, 1 threads per core) family 6 model 23 stepping 10 microcode 0xa0c, cmov, cx8, fxsr, mmx, sse, sse2, sse3, ssse3, tsc

Memory: 4k page, system-wide physical 8191M (915M free)
TotalPageFile size 8191M (AvailPageFile size 5M)
current process WorkingSet (physical memory assigned to process): 286M, peak: 286M
current process commit charge ("private bytes"): 362M, peak: 363M

vm_info: Java HotSpot(TM) 64-Bit Server VM (11.0.10+8-LTS-162) for windows-amd64 JRE (11.0.10+8-LTS-162), built on Dec  8 2020 16:32:57 by "mach5one" with MS VC++ 15.9 (VS2017)

END.
