#
# There is insufficient memory for the Java Runtime Environment to continue.
# Native memory allocation (malloc) failed to allocate 1048576 bytes for AllocateHeap
# Possible reasons:
#   The system is out of physical RAM or swap space
#   The process is running with CompressedOops enabled, and the Java Heap may be blocking the growth of the native heap
# Possible solutions:
#   Reduce memory load on the system
#   Increase physical memory or swap space
#   Check if swap backing store is full
#   Decrease Java heap size (-Xmx/-Xms)
#   Decrease number of Java threads
#   Decrease Java thread stack sizes (-Xss)
#   Set larger code cache with -XX:ReservedCodeCacheSize=
#   JVM is running with Unscaled Compressed Oops mode in which the Java heap is
#     placed in the first 4GB address space. The Java Heap base address is the
#     maximum limit for the native heap growth. Please use -XX:HeapBaseMinAddress
#     to set the Java Heap base and to place the Java Heap above 4GB virtual address.
# This output file may be truncated or incomplete.
#
#  Out of Memory Error (./open/src/hotspot/share/memory/allocation.cpp:46), pid=7984, tid=6716
#
# JRE version: Java(TM) SE Runtime Environment 18.9 (11.0.10+8) (build 11.0.10+8-LTS-162)
# Java VM: Java HotSpot(TM) 64-Bit Server VM 18.9 (11.0.10+8-LTS-162, mixed mode, tiered, compressed oops, g1 gc, windows-amd64)
# No core dump will be written. Minidumps are not enabled by default on client versions of Windows
#

---------------  S U M M A R Y ------------

Command Line: -Xmx1536M -Dsbt.supershell=false -Didea.managed=true -Dfile.encoding=UTF-8 -Dsbt.log.noformat=true C:\Users\philip\AppData\Roaming\JetBrains\IdeaIC2020.3\plugins\Scala\launcher\sbt-launch.jar early(addPluginSbtFile="""C:\Users\philip\AppData\Local\Temp\idea.sbt""") ; set ideaPort in Global := 61421 ; idea-shell

Host: Pentium(R) Dual-Core  CPU      E6600  @ 3.06GHz, 2 cores, 7G,  Windows 10 , 64 bit Build 19041 (10.0.19041.804)
Time: Thu Mar 11 21:56:14 2021 GTB Standard Time elapsed time: 23.186199 seconds (0d 0h 0m 23s)

---------------  T H R E A D  ---------------

Current thread (0x00000238b8750800):  VMThread "VM Thread" [stack: 0x0000006d4f800000,0x0000006d4f900000] [id=6716]

Stack: [0x0000006d4f800000,0x0000006d4f900000]
[error occurred during error reporting (printing stack bounds), id 0xc0000005, EXCEPTION_ACCESS_VIOLATION (0xc0000005) at pc=0x00000238a3660f3d]

Native frames: (J=compiled Java code, j=interpreted, Vv=VM code, C=native code)
V  [jvm.dll+0x613e6a]
V  [jvm.dll+0x74c1ff]
V  [jvm.dll+0x74d885]
V  [jvm.dll+0x74de65]
V  [jvm.dll+0x74de1b]
V  [jvm.dll+0x6136a3]
V  [jvm.dll+0x613a68]
C  [ntdll.dll+0xa197f]
C  [ntdll.dll+0x4b754]
C  [ntdll.dll+0xa04ae]
C  0x00000238a3660f3d

VM_Operation (0x0000006d511fd4a0): CollectForMetadataAllocation, mode: safepoint, requested by thread 0x00000238bdcd0800


---------------  P R O C E S S  ---------------

Threads class SMR info:
_java_thread_list=0x00000238bd7721e0, length=24, elements={
0x00000238999f7000, 0x00000238b8752800, 0x00000238b8777800, 0x00000238b9173000,
0x00000238b8793000, 0x00000238b8795000, 0x00000238b9194000, 0x00000238b9197000,
0x00000238b92c3000, 0x00000238b92cc800, 0x00000238b94cb000, 0x00000238bab85800,
0x00000238bc1be000, 0x00000238b9233800, 0x00000238ba3bf800, 0x00000238ba4bd800,
0x00000238ba4be000, 0x00000238ba954000, 0x00000238bde96800, 0x00000238bde95800,
0x00000238bde97800, 0x00000238bde95000, 0x00000238bdcce000, 0x00000238bdcd0800
}

Java Threads: ( => current thread )
  0x00000238999f7000 JavaThread "main" [_thread_blocked, id=10068, stack(0x0000006d4f200000,0x0000006d4f300000)]
  0x00000238b8752800 JavaThread "Reference Handler" daemon [_thread_blocked, id=7648, stack(0x0000006d4f900000,0x0000006d4fa00000)]
  0x00000238b8777800 JavaThread "Finalizer" daemon [_thread_blocked, id=3128, stack(0x0000006d4fa00000,0x0000006d4fb00000)]
  0x00000238b9173000 JavaThread "Signal Dispatcher" daemon [_thread_blocked, id=8028, stack(0x0000006d4fb00000,0x0000006d4fc00000)]
  0x00000238b8793000 JavaThread "Attach Listener" daemon [_thread_blocked, id=6732, stack(0x0000006d4fc00000,0x0000006d4fd00000)]
  0x00000238b8795000 JavaThread "C2 CompilerThread0" daemon [_thread_blocked, id=9148, stack(0x0000006d4fd00000,0x0000006d4fe00000)]
  0x00000238b9194000 JavaThread "C1 CompilerThread0" daemon [_thread_blocked, id=8968, stack(0x0000006d4fe00000,0x0000006d4ff00000)]
  0x00000238b9197000 JavaThread "Sweeper thread" daemon [_thread_blocked, id=9556, stack(0x0000006d4ff00000,0x0000006d50000000)]
  0x00000238b92c3000 JavaThread "Service Thread" daemon [_thread_blocked, id=7920, stack(0x0000006d50000000,0x0000006d50100000)]
  0x00000238b92cc800 JavaThread "Common-Cleaner" daemon [_thread_blocked, id=4080, stack(0x0000006d50200000,0x0000006d50300000)]
  0x00000238b94cb000 JavaThread "pool-1-thread-1" [_thread_blocked, id=12084, stack(0x0000006d50400000,0x0000006d50500000)]
  0x00000238bab85800 JavaThread "boot-server-socket-thread-1" [_thread_in_native, id=11144, stack(0x0000006d50600000,0x0000006d50700000)]
  0x00000238bc1be000 JavaThread "sbt-console-input-reader" [_thread_blocked, id=9876, stack(0x0000006d50700000,0x0000006d50800000)]
  0x00000238b9233800 JavaThread "classloader-cache-cleanup-0" daemon [_thread_blocked, id=624, stack(0x0000006d50800000,0x0000006d50900000)]
  0x00000238ba3bf800 JavaThread "sbt-command-exchange-fastTrack" daemon [_thread_blocked, id=9764, stack(0x0000006d50500000,0x0000006d50600000)]
  0x00000238ba4bd800 JavaThread "scala-execution-context-global-21" daemon [_thread_blocked, id=4784, stack(0x0000006d50900000,0x0000006d50a00000)]
  0x00000238ba4be000 JavaThread "scala-execution-context-global-22" daemon [_thread_blocked, id=1764, stack(0x0000006d50a00000,0x0000006d50b00000)]
  0x00000238ba954000 JavaThread "scala-execution-context-global-23" daemon [_thread_blocked, id=9184, stack(0x0000006d50b00000,0x0000006d50c00000)]
  0x00000238bde96800 JavaThread "sbt-task-progress-report-thread" [_thread_blocked, id=9232, stack(0x0000006d50c00000,0x0000006d50d00000)]
  0x00000238bde95800 JavaThread "sbt-progress-report-scheduler" [_thread_blocked, id=1100, stack(0x0000006d50d00000,0x0000006d50e00000)]
  0x00000238bde97800 JavaThread "pool-3-thread-1" [_thread_blocked, id=4092, stack(0x0000006d50e00000,0x0000006d50f00000)]
  0x00000238bde95000 JavaThread "pool-3-thread-2" [_thread_blocked, id=2208, stack(0x0000006d50f00000,0x0000006d51000000)]
  0x00000238bdcce000 JavaThread "pool-3-thread-3" [_thread_blocked, id=5168, stack(0x0000006d51000000,0x0000006d51100000)]
  0x00000238bdcd0800 JavaThread "pool-3-thread-4" [_thread_blocked, id=9324, stack(0x0000006d51100000,0x0000006d51200000)]

Other Threads:
=>0x00000238b8750800 VMThread "VM Thread" [stack: 0x0000006d4f800000,0x0000006d4f900000] [id=6716]
  0x00000238b92cc000 WatcherThread [stack: 0x0000006d50100000,0x0000006d50200000] [id=6948]
  0x0000023899a0c000 GCTaskThread "GC Thread#0" [stack: 0x0000006d4f300000,0x0000006d4f400000] [id=12252]
  0x00000238b94cc800 GCTaskThread "GC Thread#1" [stack: 0x0000006d50300000,0x0000006d50400000] [id=5180]
  0x0000023899a31800 ConcurrentGCThread "G1 Main Marker" [stack: 0x0000006d4f400000,0x0000006d4f500000] [id=8164]
  0x0000023899a33000 ConcurrentGCThread "G1 Conc#0" [stack: 0x0000006d4f500000,0x0000006d4f600000] [id=9824]
  0x0000023899abb800 ConcurrentGCThread "G1 Refine#0" [stack: 0x0000006d4f600000,0x0000006d4f700000] [id=2464]
  0x0000023899abc800 ConcurrentGCThread "G1 Young RemSet Sampling" [stack: 0x0000006d4f700000,0x0000006d4f800000] [id=9816]

Threads with active compile tasks:

VM state:at safepoint (normal execution)

VM Mutex/Monitor currently owned by a thread:  ([mutex/lock_event])
[0x00000238999f2ed0] Threads_lock - owner thread: 0x00000238b8750800
[0x00000238999f2e40] Heap_lock - owner thread: 0x00000238bdcd0800

Heap address: 0x00000000a0000000, size: 1536 MB, Compressed Oops mode: 32-bit
Narrow klass base: 0x0000000000000000, Narrow klass shift: 3
Compressed class space size: 1073741824 Address: 0x0000000100000000

Heap:
 garbage-first heap   total 157696K, used 27842K [0x00000000a0000000, 0x0000000100000000)
  region size 1024K, 2 young (2048K), 2 survivors (2048K)
 Metaspace       used 83540K, capacity 89121K, committed 89216K, reserved 1130496K
  class space    used 12680K, capacity 15649K, committed 15744K, reserved 1048576K
Heap Regions: E=young(eden), S=young(survivor), O=old, HS=humongous(starts), HC=humongous(continues), CS=collection set, F=free, A=archive, TAMS=top-at-mark-start (previous, next)
|   0|0x00000000a0000000, 0x00000000a0100000, 0x00000000a0100000|100%| O|  |TAMS 0x00000000a0100000, 0x00000000a0100000| Untracked 
|   1|0x00000000a0100000, 0x00000000a0200000, 0x00000000a0200000|100%| O|  |TAMS 0x00000000a0200000, 0x00000000a0200000| Untracked 
|   2|0x00000000a0200000, 0x00000000a0300000, 0x00000000a0300000|100%| O|  |TAMS 0x00000000a0300000, 0x00000000a0300000| Untracked 
|   3|0x00000000a0300000, 0x00000000a0400000, 0x00000000a0400000|100%| O|  |TAMS 0x00000000a0400000, 0x00000000a0400000| Untracked 
|   4|0x00000000a0400000, 0x00000000a0500000, 0x00000000a0500000|100%| O|  |TAMS 0x00000000a0500000, 0x00000000a0500000| Untracked 
|   5|0x00000000a0500000, 0x00000000a0600000, 0x00000000a0600000|100%| O|  |TAMS 0x00000000a0600000, 0x00000000a0600000| Untracked 
|   6|0x00000000a0600000, 0x00000000a0700000, 0x00000000a0700000|100%| O|  |TAMS 0x00000000a0700000, 0x00000000a0700000| Untracked 
|   7|0x00000000a0700000, 0x00000000a0800000, 0x00000000a0800000|100%| O|  |TAMS 0x00000000a0800000, 0x00000000a0800000| Untracked 
|   8|0x00000000a0800000, 0x00000000a0900000, 0x00000000a0900000|100%| O|  |TAMS 0x00000000a0900000, 0x00000000a0900000| Untracked 
|   9|0x00000000a0900000, 0x00000000a0a00000, 0x00000000a0a00000|100%| O|  |TAMS 0x00000000a0a00000, 0x00000000a0a00000| Untracked 
|  10|0x00000000a0a00000, 0x00000000a0b00000, 0x00000000a0b00000|100%| O|  |TAMS 0x00000000a0b00000, 0x00000000a0b00000| Untracked 
|  11|0x00000000a0b00000, 0x00000000a0c00000, 0x00000000a0c00000|100%| O|  |TAMS 0x00000000a0c00000, 0x00000000a0c00000| Untracked 
|  12|0x00000000a0c00000, 0x00000000a0d00000, 0x00000000a0d00000|100%| O|  |TAMS 0x00000000a0d00000, 0x00000000a0d00000| Untracked 
|  13|0x00000000a0d00000, 0x00000000a0e00000, 0x00000000a0e00000|100%| O|  |TAMS 0x00000000a0e00000, 0x00000000a0e00000| Untracked 
|  14|0x00000000a0e00000, 0x00000000a0e00000, 0x00000000a0f00000|  0%| F|  |TAMS 0x00000000a0e00000, 0x00000000a0e00000| Untracked 
|  15|0x00000000a0f00000, 0x00000000a1000000, 0x00000000a1000000|100%| O|  |TAMS 0x00000000a1000000, 0x00000000a1000000| Untracked 
|  16|0x00000000a1000000, 0x00000000a1100000, 0x00000000a1100000|100%| O|  |TAMS 0x00000000a1100000, 0x00000000a1100000| Untracked 
|  17|0x00000000a1100000, 0x00000000a1200000, 0x00000000a1200000|100%| O|  |TAMS 0x00000000a1200000, 0x00000000a1200000| Untracked 
|  18|0x00000000a1200000, 0x00000000a1300000, 0x00000000a1300000|100%| O|  |TAMS 0x00000000a1300000, 0x00000000a1300000| Untracked 
|  19|0x00000000a1300000, 0x00000000a1400000, 0x00000000a1400000|100%| O|  |TAMS 0x00000000a1400000, 0x00000000a1400000| Untracked 
|  20|0x00000000a1400000, 0x00000000a1500000, 0x00000000a1500000|100%| O|  |TAMS 0x00000000a1500000, 0x00000000a1500000| Untracked 
|  21|0x00000000a1500000, 0x00000000a1600000, 0x00000000a1600000|100%| O|  |TAMS 0x00000000a1600000, 0x00000000a1600000| Untracked 
|  22|0x00000000a1600000, 0x00000000a1600000, 0x00000000a1700000|  0%| F|  |TAMS 0x00000000a1600000, 0x00000000a1600000| Untracked 
|  23|0x00000000a1700000, 0x00000000a1700000, 0x00000000a1800000|  0%| F|  |TAMS 0x00000000a1700000, 0x00000000a1700000| Untracked 
|  24|0x00000000a1800000, 0x00000000a1800000, 0x00000000a1900000|  0%| F|  |TAMS 0x00000000a1800000, 0x00000000a1800000| Untracked 
|  25|0x00000000a1900000, 0x00000000a1900000, 0x00000000a1a00000|  0%| F|  |TAMS 0x00000000a1900000, 0x00000000a1900000| Untracked 
|  26|0x00000000a1a00000, 0x00000000a1a00000, 0x00000000a1b00000|  0%| F|  |TAMS 0x00000000a1a00000, 0x00000000a1a00000| Untracked 
|  27|0x00000000a1b00000, 0x00000000a1b00000, 0x00000000a1c00000|  0%| F|  |TAMS 0x00000000a1b00000, 0x00000000a1b00000| Untracked 
|  28|0x00000000a1c00000, 0x00000000a1c00000, 0x00000000a1d00000|  0%| F|  |TAMS 0x00000000a1c00000, 0x00000000a1c00000| Untracked 
|  29|0x00000000a1d00000, 0x00000000a1d00000, 0x00000000a1e00000|  0%| F|  |TAMS 0x00000000a1d00000, 0x00000000a1d00000| Untracked 
|  30|0x00000000a1e00000, 0x00000000a1e00000, 0x00000000a1f00000|  0%| F|  |TAMS 0x00000000a1e00000, 0x00000000a1e00000| Untracked 
|  31|0x00000000a1f00000, 0x00000000a1f00000, 0x00000000a2000000|  0%| F|  |TAMS 0x00000000a1f00000, 0x00000000a1f00000| Untracked 
|  32|0x00000000a2000000, 0x00000000a2000000, 0x00000000a2100000|  0%| F|  |TAMS 0x00000000a2000000, 0x00000000a2000000| Untracked 
|  33|0x00000000a2100000, 0x00000000a2100000, 0x00000000a2200000|  0%| F|  |TAMS 0x00000000a2100000, 0x00000000a2100000| Untracked 
|  34|0x00000000a2200000, 0x00000000a2200000, 0x00000000a2300000|  0%| F|  |TAMS 0x00000000a2200000, 0x00000000a2200000| Untracked 
|  35|0x00000000a2300000, 0x00000000a2300000, 0x00000000a2400000|  0%| F|  |TAMS 0x00000000a2300000, 0x00000000a2300000| Untracked 
|  36|0x00000000a2400000, 0x00000000a2400000, 0x00000000a2500000|  0%| F|  |TAMS 0x00000000a2400000, 0x00000000a2400000| Untracked 
|  37|0x00000000a2500000, 0x00000000a2500000, 0x00000000a2600000|  0%| F|  |TAMS 0x00000000a2500000, 0x00000000a2500000| Untracked 
|  38|0x00000000a2600000, 0x00000000a2600000, 0x00000000a2700000|  0%| F|  |TAMS 0x00000000a2600000, 0x00000000a2600000| Untracked 
|  39|0x00000000a2700000, 0x00000000a2700000, 0x00000000a2800000|  0%| F|  |TAMS 0x00000000a2700000, 0x00000000a2700000| Untracked 
|  40|0x00000000a2800000, 0x00000000a2800000, 0x00000000a2900000|  0%| F|  |TAMS 0x00000000a2800000, 0x00000000a2800000| Untracked 
|  41|0x00000000a2900000, 0x00000000a2900000, 0x00000000a2a00000|  0%| F|  |TAMS 0x00000000a2900000, 0x00000000a2900000| Untracked 
|  42|0x00000000a2a00000, 0x00000000a2a00000, 0x00000000a2b00000|  0%| F|  |TAMS 0x00000000a2a00000, 0x00000000a2a00000| Untracked 
|  43|0x00000000a2b00000, 0x00000000a2b00000, 0x00000000a2c00000|  0%| F|  |TAMS 0x00000000a2b00000, 0x00000000a2b00000| Untracked 
|  44|0x00000000a2c00000, 0x00000000a2c00000, 0x00000000a2d00000|  0%| F|  |TAMS 0x00000000a2c00000, 0x00000000a2c00000| Untracked 
|  45|0x00000000a2d00000, 0x00000000a2d00000, 0x00000000a2e00000|  0%| F|  |TAMS 0x00000000a2d00000, 0x00000000a2d00000| Untracked 
|  46|0x00000000a2e00000, 0x00000000a2e00000, 0x00000000a2f00000|  0%| F|  |TAMS 0x00000000a2e00000, 0x00000000a2e00000| Untracked 
|  47|0x00000000a2f00000, 0x00000000a2f00000, 0x00000000a3000000|  0%| F|  |TAMS 0x00000000a2f00000, 0x00000000a2f00000| Untracked 
|  48|0x00000000a3000000, 0x00000000a3000000, 0x00000000a3100000|  0%| F|  |TAMS 0x00000000a3000000, 0x00000000a3000000| Untracked 
|  49|0x00000000a3100000, 0x00000000a3100000, 0x00000000a3200000|  0%| F|  |TAMS 0x00000000a3100000, 0x00000000a3100000| Untracked 
|  50|0x00000000a3200000, 0x00000000a3200000, 0x00000000a3300000|  0%| F|  |TAMS 0x00000000a3200000, 0x00000000a3200000| Untracked 
|  51|0x00000000a3300000, 0x00000000a3300000, 0x00000000a3400000|  0%| F|  |TAMS 0x00000000a3300000, 0x00000000a3300000| Untracked 
|  52|0x00000000a3400000, 0x00000000a3400000, 0x00000000a3500000|  0%| F|  |TAMS 0x00000000a3400000, 0x00000000a3400000| Untracked 
|  53|0x00000000a3500000, 0x00000000a3500000, 0x00000000a3600000|  0%| F|  |TAMS 0x00000000a3500000, 0x00000000a3500000| Untracked 
|  54|0x00000000a3600000, 0x00000000a3600000, 0x00000000a3700000|  0%| F|  |TAMS 0x00000000a3600000, 0x00000000a3600000| Untracked 
|  55|0x00000000a3700000, 0x00000000a3700000, 0x00000000a3800000|  0%| F|  |TAMS 0x00000000a3700000, 0x00000000a3700000| Untracked 
|  56|0x00000000a3800000, 0x00000000a3800000, 0x00000000a3900000|  0%| F|  |TAMS 0x00000000a3800000, 0x00000000a3800000| Untracked 
|  57|0x00000000a3900000, 0x00000000a3900000, 0x00000000a3a00000|  0%| F|  |TAMS 0x00000000a3900000, 0x00000000a3900000| Untracked 
|  58|0x00000000a3a00000, 0x00000000a3a00000, 0x00000000a3b00000|  0%| F|  |TAMS 0x00000000a3a00000, 0x00000000a3a00000| Untracked 
|  59|0x00000000a3b00000, 0x00000000a3b00000, 0x00000000a3c00000|  0%| F|  |TAMS 0x00000000a3b00000, 0x00000000a3b00000| Untracked 
|  60|0x00000000a3c00000, 0x00000000a3c00000, 0x00000000a3d00000|  0%| F|  |TAMS 0x00000000a3c00000, 0x00000000a3c00000| Untracked 
|  61|0x00000000a3d00000, 0x00000000a3d00000, 0x00000000a3e00000|  0%| F|  |TAMS 0x00000000a3d00000, 0x00000000a3d00000| Untracked 
|  62|0x00000000a3e00000, 0x00000000a3e00000, 0x00000000a3f00000|  0%| F|  |TAMS 0x00000000a3e00000, 0x00000000a3e00000| Untracked 
|  63|0x00000000a3f00000, 0x00000000a3f00000, 0x00000000a4000000|  0%| F|  |TAMS 0x00000000a3f00000, 0x00000000a3f00000| Untracked 
|  64|0x00000000a4000000, 0x00000000a4000000, 0x00000000a4100000|  0%| F|  |TAMS 0x00000000a4000000, 0x00000000a4000000| Untracked 
|  65|0x00000000a4100000, 0x00000000a4100000, 0x00000000a4200000|  0%| F|  |TAMS 0x00000000a4100000, 0x00000000a4100000| Untracked 
|  66|0x00000000a4200000, 0x00000000a4200000, 0x00000000a4300000|  0%| F|  |TAMS 0x00000000a4200000, 0x00000000a4200000| Untracked 
|  67|0x00000000a4300000, 0x00000000a4300000, 0x00000000a4400000|  0%| F|  |TAMS 0x00000000a4300000, 0x00000000a4300000| Untracked 
|  68|0x00000000a4400000, 0x00000000a4400000, 0x00000000a4500000|  0%| F|  |TAMS 0x00000000a4400000, 0x00000000a4400000| Untracked 
|  69|0x00000000a4500000, 0x00000000a4500000, 0x00000000a4600000|  0%| F|  |TAMS 0x00000000a4500000, 0x00000000a4500000| Untracked 
|  70|0x00000000a4600000, 0x00000000a4600000, 0x00000000a4700000|  0%| F|  |TAMS 0x00000000a4600000, 0x00000000a4600000| Untracked 
|  71|0x00000000a4700000, 0x00000000a4700000, 0x00000000a4800000|  0%| F|  |TAMS 0x00000000a4700000, 0x00000000a4700000| Untracked 
|  72|0x00000000a4800000, 0x00000000a4800000, 0x00000000a4900000|  0%| F|  |TAMS 0x00000000a4800000, 0x00000000a4800000| Untracked 
|  73|0x00000000a4900000, 0x00000000a4a00000, 0x00000000a4a00000|100%| O|  |TAMS 0x00000000a4a00000, 0x00000000a4a00000| Untracked 
|  74|0x00000000a4a00000, 0x00000000a4b00000, 0x00000000a4b00000|100%| O|  |TAMS 0x00000000a4b00000, 0x00000000a4b00000| Untracked 
|  75|0x00000000a4b00000, 0x00000000a4c00000, 0x00000000a4c00000|100%| O|  |TAMS 0x00000000a4c00000, 0x00000000a4c00000| Untracked 
|  76|0x00000000a4c00000, 0x00000000a4d00000, 0x00000000a4d00000|100%| O|  |TAMS 0x00000000a4d00000, 0x00000000a4d00000| Untracked 
|  77|0x00000000a4d00000, 0x00000000a4d80000, 0x00000000a4e00000| 50%| O|  |TAMS 0x00000000a4d80000, 0x00000000a4d80000| Untracked 
|  78|0x00000000a4e00000, 0x00000000a4e00000, 0x00000000a4f00000|  0%| F|  |TAMS 0x00000000a4e00000, 0x00000000a4e00000| Untracked 
|  79|0x00000000a4f00000, 0x00000000a4f00000, 0x00000000a5000000|  0%| F|  |TAMS 0x00000000a4f00000, 0x00000000a4f00000| Untracked 
|  80|0x00000000a5000000, 0x00000000a5000000, 0x00000000a5100000|  0%| F|  |TAMS 0x00000000a5000000, 0x00000000a5000000| Untracked 
|  81|0x00000000a5100000, 0x00000000a5100000, 0x00000000a5200000|  0%| F|  |TAMS 0x00000000a5100000, 0x00000000a5100000| Untracked 
|  82|0x00000000a5200000, 0x00000000a5200000, 0x00000000a5300000|  0%| F|  |TAMS 0x00000000a5200000, 0x00000000a5200000| Untracked 
|  83|0x00000000a5300000, 0x00000000a5300000, 0x00000000a5400000|  0%| F|  |TAMS 0x00000000a5300000, 0x00000000a5300000| Untracked 
|  84|0x00000000a5400000, 0x00000000a5400000, 0x00000000a5500000|  0%| F|  |TAMS 0x00000000a5400000, 0x00000000a5400000| Untracked 
|  85|0x00000000a5500000, 0x00000000a5500000, 0x00000000a5600000|  0%| F|  |TAMS 0x00000000a5500000, 0x00000000a5500000| Untracked 
|  86|0x00000000a5600000, 0x00000000a5600000, 0x00000000a5700000|  0%| F|  |TAMS 0x00000000a5600000, 0x00000000a5600000| Untracked 
|  87|0x00000000a5700000, 0x00000000a5700000, 0x00000000a5800000|  0%| F|  |TAMS 0x00000000a5700000, 0x00000000a5700000| Untracked 
|  88|0x00000000a5800000, 0x00000000a5800000, 0x00000000a5900000|  0%| F|  |TAMS 0x00000000a5800000, 0x00000000a5800000| Untracked 
|  89|0x00000000a5900000, 0x00000000a5900000, 0x00000000a5a00000|  0%| F|  |TAMS 0x00000000a5900000, 0x00000000a5900000| Untracked 
|  90|0x00000000a5a00000, 0x00000000a5a00000, 0x00000000a5b00000|  0%| F|  |TAMS 0x00000000a5a00000, 0x00000000a5a00000| Untracked 
|  91|0x00000000a5b00000, 0x00000000a5b00000, 0x00000000a5c00000|  0%| F|  |TAMS 0x00000000a5b00000, 0x00000000a5b00000| Untracked 
|  92|0x00000000a5c00000, 0x00000000a5c00000, 0x00000000a5d00000|  0%| F|  |TAMS 0x00000000a5c00000, 0x00000000a5c00000| Untracked 
|  93|0x00000000a5d00000, 0x00000000a5d00000, 0x00000000a5e00000|  0%| F|  |TAMS 0x00000000a5d00000, 0x00000000a5d00000| Untracked 
|  94|0x00000000a5e00000, 0x00000000a5e00000, 0x00000000a5f00000|  0%| F|  |TAMS 0x00000000a5e00000, 0x00000000a5e00000| Untracked 
|  95|0x00000000a5f00000, 0x00000000a5f00000, 0x00000000a6000000|  0%| F|  |TAMS 0x00000000a5f00000, 0x00000000a5f00000| Untracked 
|  96|0x00000000a6000000, 0x00000000a6000000, 0x00000000a6100000|  0%| F|  |TAMS 0x00000000a6000000, 0x00000000a6000000| Untracked 
|  97|0x00000000a6100000, 0x00000000a6100000, 0x00000000a6200000|  0%| F|  |TAMS 0x00000000a6100000, 0x00000000a6100000| Untracked 
|  98|0x00000000a6200000, 0x00000000a6200000, 0x00000000a6300000|  0%| F|  |TAMS 0x00000000a6200000, 0x00000000a6200000| Untracked 
|  99|0x00000000a6300000, 0x00000000a6300000, 0x00000000a6400000|  0%| F|  |TAMS 0x00000000a6300000, 0x00000000a6300000| Untracked 
| 100|0x00000000a6400000, 0x00000000a6400000, 0x00000000a6500000|  0%| F|  |TAMS 0x00000000a6400000, 0x00000000a6400000| Untracked 
| 101|0x00000000a6500000, 0x00000000a6500000, 0x00000000a6600000|  0%| F|  |TAMS 0x00000000a6500000, 0x00000000a6500000| Untracked 
| 102|0x00000000a6600000, 0x00000000a6600000, 0x00000000a6700000|  0%| F|  |TAMS 0x00000000a6600000, 0x00000000a6600000| Untracked 
| 103|0x00000000a6700000, 0x00000000a6700000, 0x00000000a6800000|  0%| F|  |TAMS 0x00000000a6700000, 0x00000000a6700000| Untracked 
| 104|0x00000000a6800000, 0x00000000a6800000, 0x00000000a6900000|  0%| F|  |TAMS 0x00000000a6800000, 0x00000000a6800000| Untracked 
| 105|0x00000000a6900000, 0x00000000a6900000, 0x00000000a6a00000|  0%| F|  |TAMS 0x00000000a6900000, 0x00000000a6900000| Untracked 
| 106|0x00000000a6a00000, 0x00000000a6a00000, 0x00000000a6b00000|  0%| F|  |TAMS 0x00000000a6a00000, 0x00000000a6a00000| Untracked 
| 107|0x00000000a6b00000, 0x00000000a6b00000, 0x00000000a6c00000|  0%| F|  |TAMS 0x00000000a6b00000, 0x00000000a6b00000| Untracked 
| 108|0x00000000a6c00000, 0x00000000a6c00000, 0x00000000a6d00000|  0%| F|  |TAMS 0x00000000a6c00000, 0x00000000a6c00000| Untracked 
| 109|0x00000000a6d00000, 0x00000000a6d00000, 0x00000000a6e00000|  0%| F|  |TAMS 0x00000000a6d00000, 0x00000000a6d00000| Untracked 
| 110|0x00000000a6e00000, 0x00000000a6e00000, 0x00000000a6f00000|  0%| F|  |TAMS 0x00000000a6e00000, 0x00000000a6e00000| Untracked 
| 111|0x00000000a6f00000, 0x00000000a6f00000, 0x00000000a7000000|  0%| F|  |TAMS 0x00000000a6f00000, 0x00000000a6f00000| Untracked 
| 112|0x00000000a7000000, 0x00000000a7000000, 0x00000000a7100000|  0%| F|  |TAMS 0x00000000a7000000, 0x00000000a7000000| Untracked 
| 113|0x00000000a7100000, 0x00000000a7100000, 0x00000000a7200000|  0%| F|  |TAMS 0x00000000a7100000, 0x00000000a7100000| Untracked 
| 114|0x00000000a7200000, 0x00000000a7200000, 0x00000000a7300000|  0%| F|  |TAMS 0x00000000a7200000, 0x00000000a7200000| Untracked 
| 115|0x00000000a7300000, 0x00000000a7300000, 0x00000000a7400000|  0%| F|  |TAMS 0x00000000a7300000, 0x00000000a7300000| Untracked 
| 116|0x00000000a7400000, 0x00000000a7400000, 0x00000000a7500000|  0%| F|  |TAMS 0x00000000a7400000, 0x00000000a7400000| Untracked 
| 117|0x00000000a7500000, 0x00000000a7500000, 0x00000000a7600000|  0%| F|  |TAMS 0x00000000a7500000, 0x00000000a7500000| Untracked 
| 118|0x00000000a7600000, 0x00000000a7600000, 0x00000000a7700000|  0%| F|  |TAMS 0x00000000a7600000, 0x00000000a7600000| Untracked 
| 119|0x00000000a7700000, 0x00000000a7700000, 0x00000000a7800000|  0%| F|  |TAMS 0x00000000a7700000, 0x00000000a7700000| Untracked 
| 120|0x00000000a7800000, 0x00000000a7800000, 0x00000000a7900000|  0%| F|  |TAMS 0x00000000a7800000, 0x00000000a7800000| Untracked 
| 121|0x00000000a7900000, 0x00000000a7900000, 0x00000000a7a00000|  0%| F|  |TAMS 0x00000000a7900000, 0x00000000a7900000| Untracked 
| 122|0x00000000a7a00000, 0x00000000a7a00000, 0x00000000a7b00000|  0%| F|  |TAMS 0x00000000a7a00000, 0x00000000a7a00000| Untracked 
| 123|0x00000000a7b00000, 0x00000000a7b00000, 0x00000000a7c00000|  0%| F|  |TAMS 0x00000000a7b00000, 0x00000000a7b00000| Untracked 
| 124|0x00000000a7c00000, 0x00000000a7c00000, 0x00000000a7d00000|  0%| F|  |TAMS 0x00000000a7c00000, 0x00000000a7c00000| Untracked 
| 125|0x00000000a7d00000, 0x00000000a7d00000, 0x00000000a7e00000|  0%| F|  |TAMS 0x00000000a7d00000, 0x00000000a7d00000| Untracked 
| 126|0x00000000a7e00000, 0x00000000a7e00000, 0x00000000a7f00000|  0%| F|  |TAMS 0x00000000a7e00000, 0x00000000a7e00000| Untracked 
| 127|0x00000000a7f00000, 0x00000000a7f00000, 0x00000000a8000000|  0%| F|  |TAMS 0x00000000a7f00000, 0x00000000a7f00000| Untracked 
| 128|0x00000000a8000000, 0x00000000a8000000, 0x00000000a8100000|  0%| F|  |TAMS 0x00000000a8000000, 0x00000000a8000000| Untracked 
| 129|0x00000000a8100000, 0x00000000a8100000, 0x00000000a8200000|  0%| F|  |TAMS 0x00000000a8100000, 0x00000000a8100000| Untracked 
| 130|0x00000000a8200000, 0x00000000a8200000, 0x00000000a8300000|  0%| F|  |TAMS 0x00000000a8200000, 0x00000000a8200000| Untracked 
| 131|0x00000000a8300000, 0x00000000a8300000, 0x00000000a8400000|  0%| F|  |TAMS 0x00000000a8300000, 0x00000000a8300000| Untracked 
| 132|0x00000000a8400000, 0x00000000a84b0be0, 0x00000000a8500000| 69%| S|CS|TAMS 0x00000000a8400000, 0x00000000a8400000| Complete 
| 133|0x00000000a8500000, 0x00000000a8600000, 0x00000000a8600000|100%| S|CS|TAMS 0x00000000a8500000, 0x00000000a8500000| Complete 
| 134|0x00000000a8600000, 0x00000000a8600000, 0x00000000a8700000|  0%| F|  |TAMS 0x00000000a8600000, 0x00000000a8600000| Untracked 
| 135|0x00000000a8700000, 0x00000000a8700000, 0x00000000a8800000|  0%| F|  |TAMS 0x00000000a8700000, 0x00000000a8700000| Untracked 
| 136|0x00000000a8800000, 0x00000000a8800000, 0x00000000a8900000|  0%| F|  |TAMS 0x00000000a8800000, 0x00000000a8800000| Untracked 
| 137|0x00000000a8900000, 0x00000000a8900000, 0x00000000a8a00000|  0%| F|  |TAMS 0x00000000a8900000, 0x00000000a8900000| Untracked 
| 138|0x00000000a8a00000, 0x00000000a8a00000, 0x00000000a8b00000|  0%| F|  |TAMS 0x00000000a8a00000, 0x00000000a8a00000| Untracked 
| 139|0x00000000a8b00000, 0x00000000a8b00000, 0x00000000a8c00000|  0%| F|  |TAMS 0x00000000a8b00000, 0x00000000a8b00000| Untracked 
| 140|0x00000000a8c00000, 0x00000000a8c00000, 0x00000000a8d00000|  0%| F|  |TAMS 0x00000000a8c00000, 0x00000000a8c00000| Untracked 
| 141|0x00000000a8d00000, 0x00000000a8d00000, 0x00000000a8e00000|  0%| F|  |TAMS 0x00000000a8d00000, 0x00000000a8d00000| Untracked 
| 142|0x00000000a8e00000, 0x00000000a8e00000, 0x00000000a8f00000|  0%| F|  |TAMS 0x00000000a8e00000, 0x00000000a8e00000| Untracked 
| 143|0x00000000a8f00000, 0x00000000a8f00000, 0x00000000a9000000|  0%| F|  |TAMS 0x00000000a8f00000, 0x00000000a8f00000| Untracked 
| 144|0x00000000a9000000, 0x00000000a9000000, 0x00000000a9100000|  0%| F|  |TAMS 0x00000000a9000000, 0x00000000a9000000| Untracked 
| 145|0x00000000a9100000, 0x00000000a9100000, 0x00000000a9200000|  0%| F|  |TAMS 0x00000000a9100000, 0x00000000a9100000| Untracked 
| 146|0x00000000a9200000, 0x00000000a9200000, 0x00000000a9300000|  0%| F|  |TAMS 0x00000000a9200000, 0x00000000a9200000| Untracked 
| 147|0x00000000a9300000, 0x00000000a9300000, 0x00000000a9400000|  0%| F|  |TAMS 0x00000000a9300000, 0x00000000a9300000| Untracked 
| 148|0x00000000a9400000, 0x00000000a9400000, 0x00000000a9500000|  0%| F|  |TAMS 0x00000000a9400000, 0x00000000a9400000| Untracked 
| 149|0x00000000a9500000, 0x00000000a9500000, 0x00000000a9600000|  0%| F|  |TAMS 0x00000000a9500000, 0x00000000a9500000| Untracked 
| 150|0x00000000a9600000, 0x00000000a9600000, 0x00000000a9700000|  0%| F|  |TAMS 0x00000000a9600000, 0x00000000a9600000| Untracked 
| 151|0x00000000a9700000, 0x00000000a9700000, 0x00000000a9800000|  0%| F|  |TAMS 0x00000000a9700000, 0x00000000a9700000| Untracked 
| 152|0x00000000a9800000, 0x00000000a9800000, 0x00000000a9900000|  0%| F|  |TAMS 0x00000000a9800000, 0x00000000a9800000| Untracked 
| 153|0x00000000a9900000, 0x00000000a9900000, 0x00000000a9a00000|  0%| F|  |TAMS 0x00000000a9900000, 0x00000000a9900000| Untracked 

Card table byte_map: [0x00000238b2d80000,0x00000238b3080000] _byte_map_base: 0x00000238b2880000

Marking Bits (Prev, Next): (CMBitMap*) 0x0000023899a2adc8, (CMBitMap*) 0x0000023899a2ae00
 Prev Bits: [0x00000238b3380000, 0x00000238b4b80000)
 Next Bits: [0x00000238b4b80000, 0x00000238b6380000)

Polling page: 0x000002389b290000

Metaspace:

Usage:
  Non-class:     71.75 MB capacity,    69.20 MB ( 96%) used,     1.96 MB (  3%) free+waste,   609.31 KB ( <1%) overhead. 
      Class:     15.28 MB capacity,    12.38 MB ( 81%) used,     2.54 MB ( 17%) free+waste,   367.31 KB (  2%) overhead. 
       Both:     87.03 MB capacity,    81.58 MB ( 94%) used,     4.50 MB (  5%) free+waste,   976.63 KB (  1%) overhead. 

Virtual space:
  Non-class space:       80.00 MB reserved,      71.75 MB ( 90%) committed 
      Class space:        1.00 GB reserved,      15.38 MB (  2%) committed 
             Both:        1.08 GB reserved,      87.13 MB (  8%) committed 

Chunk freelists:
   Non-Class:  0 bytes
       Class:  128 bytes
        Both:  128 bytes

CodeHeap 'non-profiled nmethods': size=120064Kb used=3206Kb max_used=3206Kb free=116857Kb
 bounds [0x00000238ab120000, 0x00000238ab450000, 0x00000238b2660000]
CodeHeap 'profiled nmethods': size=120000Kb used=12320Kb max_used=12320Kb free=107679Kb
 bounds [0x00000238a3bf0000, 0x00000238a4800000, 0x00000238ab120000]
CodeHeap 'non-nmethods': size=5696Kb used=1382Kb max_used=1404Kb free=4313Kb
 bounds [0x00000238a3660000, 0x00000238a38d0000, 0x00000238a3bf0000]
 total_blobs=7420 nmethods=6657 adapters=674
 compilation: enabled
              stopped_count=0, restarted_count=0
 full_count=0

Compilation events (10 events):
Event: 23.024 Thread 0x00000238b8795000 6658       4       java.lang.ClassLoader::postDefineClass (39 bytes)
Event: 23.040 Thread 0x00000238b9194000 6663       3       java.lang.String::replace (42 bytes)
Event: 23.040 Thread 0x00000238b9194000 nmethod 6663 0x00000238a47e2f90 code [0x00000238a47e3160, 0x00000238a47e3478]
Event: 23.057 Thread 0x00000238b9194000 6664       3       java.lang.NamedPackage::<init> (59 bytes)
Event: 23.058 Thread 0x00000238b9194000 nmethod 6664 0x00000238a47e3590 code [0x00000238a47e3840, 0x00000238a47e4538]
Event: 23.093 Thread 0x00000238b8795000 nmethod 6658 0x00000238ab43f510 code [0x00000238ab43f780, 0x00000238ab440d30]
Event: 23.106 Thread 0x00000238b9194000 6665       3       java.util.regex.Pattern::escape (1323 bytes)
Event: 23.121 Thread 0x00000238b9194000 nmethod 6665 0x00000238a47e4a10 code [0x00000238a47e5a60, 0x00000238a47f2678]
Event: 23.121 Thread 0x00000238b9194000 6666       3       java.util.regex.Pattern::range (292 bytes)
Event: 23.125 Thread 0x00000238b9194000 nmethod 6666 0x00000238a47f5010 code [0x00000238a47f54c0, 0x00000238a47f7748]

GC Heap History (10 events):
Event: 11.249 GC heap before
{Heap before GC invocations=7 (full 0):
 garbage-first heap   total 131072K, used 55114K [0x00000000a0000000, 0x0000000100000000)
  region size 1024K, 49 young (50176K), 7 survivors (7168K)
 Metaspace       used 57376K, capacity 60045K, committed 60160K, reserved 1099776K
  class space    used 8005K, capacity 9534K, committed 9600K, reserved 1048576K
}
Event: 11.280 GC heap after
{Heap after GC invocations=8 (full 0):
 garbage-first heap   total 131072K, used 17050K [0x00000000a0000000, 0x0000000100000000)
  region size 1024K, 3 young (3072K), 3 survivors (3072K)
 Metaspace       used 57376K, capacity 60045K, committed 60160K, reserved 1099776K
  class space    used 8005K, capacity 9534K, committed 9600K, reserved 1048576K
}
Event: 14.554 GC heap before
{Heap before GC invocations=9 (full 0):
 garbage-first heap   total 131072K, used 73370K [0x00000000a0000000, 0x0000000100000000)
  region size 1024K, 59 young (60416K), 3 survivors (3072K)
 Metaspace       used 69102K, capacity 72730K, committed 72960K, reserved 1110016K
  class space    used 9868K, capacity 11956K, committed 12032K, reserved 1048576K
}
Event: 14.581 GC heap after
{Heap after GC invocations=10 (full 0):
 garbage-first heap   total 131072K, used 21798K [0x00000000a0000000, 0x0000000100000000)
  region size 1024K, 8 young (8192K), 8 survivors (8192K)
 Metaspace       used 69102K, capacity 72730K, committed 72960K, reserved 1110016K
  class space    used 9868K, capacity 11956K, committed 12032K, reserved 1048576K
}
Event: 20.273 GC heap before
{Heap before GC invocations=10 (full 0):
 garbage-first heap   total 131072K, used 88358K [0x00000000a0000000, 0x0000000100000000)
  region size 1024K, 73 young (74752K), 8 survivors (8192K)
 Metaspace       used 78245K, capacity 83355K, committed 83712K, reserved 1118208K
  class space    used 11742K, capacity 14465K, committed 14592K, reserved 1048576K
}
Event: 20.326 GC heap after
{Heap after GC invocations=11 (full 0):
 garbage-first heap   total 157696K, used 27648K [0x00000000a0000000, 0x0000000100000000)
  region size 1024K, 6 young (6144K), 6 survivors (6144K)
 Metaspace       used 78245K, capacity 83355K, committed 83712K, reserved 1118208K
  class space    used 11742K, capacity 14465K, committed 14592K, reserved 1048576K
}
Event: 21.986 GC heap before
{Heap before GC invocations=11 (full 0):
 garbage-first heap   total 157696K, used 104448K [0x00000000a0000000, 0x0000000100000000)
  region size 1024K, 37 young (37888K), 6 survivors (6144K)
 Metaspace       used 80567K, capacity 85855K, committed 86144K, reserved 1120256K
  class space    used 12095K, capacity 14930K, committed 14976K, reserved 1048576K
}
Event: 22.006 GC heap after
{Heap after GC invocations=12 (full 0):
 garbage-first heap   total 157696K, used 28160K [0x00000000a0000000, 0x0000000100000000)
  region size 1024K, 2 young (2048K), 2 survivors (2048K)
 Metaspace       used 80567K, capacity 85855K, committed 86144K, reserved 1120256K
  class space    used 12095K, capacity 14930K, committed 14976K, reserved 1048576K
}
Event: 23.132 GC heap before
{Heap before GC invocations=13 (full 0):
 garbage-first heap   total 157696K, used 53760K [0x00000000a0000000, 0x0000000100000000)
  region size 1024K, 22 young (22528K), 2 survivors (2048K)
 Metaspace       used 83540K, capacity 89121K, committed 89216K, reserved 1128448K
  class space    used 12680K, capacity 15649K, committed 15744K, reserved 1048576K
}
Event: 23.141 GC heap after
{Heap after GC invocations=14 (full 0):
 garbage-first heap   total 157696K, used 27842K [0x00000000a0000000, 0x0000000100000000)
  region size 1024K, 2 young (2048K), 2 survivors (2048K)
 Metaspace       used 83540K, capacity 89121K, committed 89216K, reserved 1128448K
  class space    used 12680K, capacity 15649K, committed 15744K, reserved 1048576K
}

Deoptimization events (10 events):
Event: 21.250 Thread 0x00000238999f7000 Uncommon trap: reason=bimorphic_or_optimized_type_check action=maybe_recompile pc=0x00000238ab37e4c8 method=scala.collection.immutable.HashMap$HashTrieMap.getOrElse0(Ljava/lang/Object;IILscala/Function0;)Ljava/lang/Object; @ 85 c2
Event: 21.250 Thread 0x00000238999f7000 Uncommon trap: reason=bimorphic_or_optimized_type_check action=maybe_recompile pc=0x00000238ab37e4c8 method=scala.collection.immutable.HashMap$HashTrieMap.getOrElse0(Ljava/lang/Object;IILscala/Function0;)Ljava/lang/Object; @ 85 c2
Event: 21.472 Thread 0x00000238bdcd0800 Uncommon trap: reason=unstable_if action=reinterpret pc=0x00000238ab147a5c method=sun.nio.fs.WindowsPathParser.isSlash(C)Z @ 9 c2
Event: 21.684 Thread 0x00000238ba4bd800 Uncommon trap: reason=unstable_if action=reinterpret pc=0x00000238ab418b6c method=net.openhft.hashing.CityAndFarmHash_1_1.naHash64(Lnet/openhft/hashing/Access;Ljava/lang/Object;JJ)J @ 532 c2
Event: 22.196 Thread 0x00000238bdcd0800 Uncommon trap: reason=unstable_if action=reinterpret pc=0x00000238ab3f9058 method=scala.Array$.copy(Ljava/lang/Object;ILjava/lang/Object;II)V @ 23 c2
Event: 22.256 Thread 0x00000238bdcd0800 Uncommon trap: reason=intrinsic_or_type_checked_inlining action=make_not_entrant pc=0x00000238ab41f8fc method=java.util.ArrayList.toArray([Ljava/lang/Object;)[Ljava/lang/Object; @ 36 c2
Event: 22.567 Thread 0x00000238bdcd0800 Uncommon trap: reason=bimorphic_or_optimized_type_check action=maybe_recompile pc=0x00000238ab37e4c8 method=scala.collection.immutable.HashMap$HashTrieMap.getOrElse0(Ljava/lang/Object;IILscala/Function0;)Ljava/lang/Object; @ 85 c2
Event: 22.567 Thread 0x00000238bdcd0800 Uncommon trap: reason=bimorphic_or_optimized_type_check action=maybe_recompile pc=0x00000238ab37e4c8 method=scala.collection.immutable.HashMap$HashTrieMap.getOrElse0(Ljava/lang/Object;IILscala/Function0;)Ljava/lang/Object; @ 85 c2
Event: 22.947 Thread 0x00000238bdcd0800 Uncommon trap: reason=unstable_if action=reinterpret pc=0x00000238ab2af3c4 method=java.lang.CharacterDataLatin1.digit(II)I @ 12 c2
Event: 22.989 Thread 0x00000238bdcd0800 Uncommon trap: reason=unstable_if action=reinterpret pc=0x00000238ab16b87c method=java.lang.String.replace(CC)Ljava/lang/String; @ 2 c2

Classes redefined (0 events):
No events

Internal exceptions (10 events):
Event: 22.548 Thread 0x00000238bdcd0800 Exception <a 'sun/nio/fs/WindowsException'{0x00000000a8f59550}> (0x00000000a8f59550) thrown at [./open/src/hotspot/share/prims/jni.cpp, line 611]
Event: 22.618 Thread 0x00000238bde95000 Exception <a 'sun/nio/fs/WindowsException'{0x00000000a8e4eca8}> (0x00000000a8e4eca8) thrown at [./open/src/hotspot/share/prims/jni.cpp, line 611]
Event: 22.618 Thread 0x00000238bde95000 Exception <a 'sun/nio/fs/WindowsException'{0x00000000a8e4f638}> (0x00000000a8e4f638) thrown at [./open/src/hotspot/share/prims/jni.cpp, line 611]
Event: 22.618 Thread 0x00000238bde95000 Exception <a 'sun/nio/fs/WindowsException'{0x00000000a8e500a0}> (0x00000000a8e500a0) thrown at [./open/src/hotspot/share/prims/jni.cpp, line 611]
Event: 22.619 Thread 0x00000238bde95000 Exception <a 'sun/nio/fs/WindowsException'{0x00000000a8e50a08}> (0x00000000a8e50a08) thrown at [./open/src/hotspot/share/prims/jni.cpp, line 611]
Event: 22.621 Thread 0x00000238bde95000 Exception <a 'sun/nio/fs/WindowsException'{0x00000000a8e56368}> (0x00000000a8e56368) thrown at [./open/src/hotspot/share/prims/jni.cpp, line 611]
Event: 22.622 Thread 0x00000238bde95000 Exception <a 'sun/nio/fs/WindowsException'{0x00000000a8e56a70}> (0x00000000a8e56a70) thrown at [./open/src/hotspot/share/prims/jni.cpp, line 611]
Event: 22.623 Thread 0x00000238bde95000 Exception <a 'sun/nio/fs/WindowsException'{0x00000000a8e57410}> (0x00000000a8e57410) thrown at [./open/src/hotspot/share/prims/jni.cpp, line 611]
Event: 22.661 Thread 0x00000238bde95000 Exception <a 'sun/nio/fs/WindowsException'{0x00000000a8ee8ef8}> (0x00000000a8ee8ef8) thrown at [./open/src/hotspot/share/prims/jni.cpp, line 611]
Event: 22.671 Thread 0x00000238bde95000 Exception <a 'sun/nio/fs/WindowsException'{0x00000000a8d09448}> (0x00000000a8d09448) thrown at [./open/src/hotspot/share/prims/jni.cpp, line 611]

Events (10 events):
Event: 23.130 loading class sbt/librarymanagement/Artifact done
Event: 23.130 loading class org/apache/ivy/core/module/descriptor/ModuleDescriptor
Event: 23.130 loading class org/apache/ivy/core/module/descriptor/ModuleDescriptor done
Event: 23.131 loading class sbt/librarymanagement/ConfigRef
Event: 23.131 loading class sbt/librarymanagement/ConfigRef done
Event: 23.131 loading class sbt/librarymanagement/ConfigRef
Event: 23.131 loading class sbt/librarymanagement/ConfigRef done
Event: 23.131 loading class scala/Function1
Event: 23.131 loading class scala/Function1 done
Event: 23.132 Executing VM operation: CollectForMetadataAllocation


Dynamic libraries:
0x00007ff726d30000 - 0x00007ff726d3f000 	C:\Program Files\Java\jdk-11.0.10\bin\java.exe
0x00007ffb665b0000 - 0x00007ffb667a6000 	C:\WINDOWS\SYSTEM32\ntdll.dll
0x00007ffb66200000 - 0x00007ffb662bd000 	C:\WINDOWS\System32\KERNEL32.DLL
0x00007ffb63e00000 - 0x00007ffb640c9000 	C:\WINDOWS\System32\KERNELBASE.dll
0x00007ffb640d0000 - 0x00007ffb641d0000 	C:\WINDOWS\System32\ucrtbase.dll
0x00007ffb52840000 - 0x00007ffb52858000 	C:\Program Files\Java\jdk-11.0.10\bin\jli.dll
0x00007ffb65f10000 - 0x00007ffb65fbc000 	C:\WINDOWS\System32\ADVAPI32.dll
0x00007ffb64660000 - 0x00007ffb646fe000 	C:\WINDOWS\System32\msvcrt.dll
0x00007ffb65710000 - 0x00007ffb657ac000 	C:\WINDOWS\System32\sechost.dll
0x00007ffb659b0000 - 0x00007ffb65adb000 	C:\WINDOWS\System32\RPCRT4.dll
0x00007ffb65810000 - 0x00007ffb659b0000 	C:\WINDOWS\System32\USER32.dll
0x00007ffb64330000 - 0x00007ffb64352000 	C:\WINDOWS\System32\win32u.dll
0x00007ffb65e00000 - 0x00007ffb65e2a000 	C:\WINDOWS\System32\GDI32.dll
0x00007ffb64220000 - 0x00007ffb6432b000 	C:\WINDOWS\System32\gdi32full.dll
0x00007ffb64410000 - 0x00007ffb644ad000 	C:\WINDOWS\System32\msvcp_win.dll
0x00007ffb53820000 - 0x00007ffb53abb000 	C:\WINDOWS\WinSxS\amd64_microsoft.windows.common-controls_6595b64144ccf1df_6.0.19041.746_none_ca02b4b61b8320a4\COMCTL32.dll
0x00007ffb5d130000 - 0x00007ffb5d13a000 	C:\WINDOWS\SYSTEM32\VERSION.dll
0x00007ffb527d0000 - 0x00007ffb527e5000 	C:\Program Files\Java\jdk-11.0.10\bin\VCRUNTIME140.dll
0x00007ffb64610000 - 0x00007ffb64640000 	C:\WINDOWS\System32\IMM32.DLL
0x00007ffb3cad0000 - 0x00007ffb3cb6b000 	C:\Program Files\Java\jdk-11.0.10\bin\msvcp140.dll
0x00007ffb33a90000 - 0x00007ffb3458b000 	C:\Program Files\Java\jdk-11.0.10\bin\server\jvm.dll
0x00007ffb65290000 - 0x00007ffb65298000 	C:\WINDOWS\System32\PSAPI.DLL
0x00007ffb53c70000 - 0x00007ffb53c79000 	C:\WINDOWS\SYSTEM32\WSOCK32.dll
0x00007ffb66500000 - 0x00007ffb6656b000 	C:\WINDOWS\System32\WS2_32.dll
0x00007ffb5cec0000 - 0x00007ffb5cee7000 	C:\WINDOWS\SYSTEM32\WINMM.dll
0x00007ffb61c60000 - 0x00007ffb61c72000 	C:\WINDOWS\SYSTEM32\kernel.appcore.dll
0x00007ffb56ef0000 - 0x00007ffb56f00000 	C:\Program Files\Java\jdk-11.0.10\bin\verify.dll
0x00007ffb54670000 - 0x00007ffb54854000 	C:\WINDOWS\SYSTEM32\DBGHELP.DLL
0x00007ffb54640000 - 0x00007ffb5466c000 	C:\WINDOWS\SYSTEM32\dbgcore.DLL
0x00007ffb63cf0000 - 0x00007ffb63d70000 	C:\WINDOWS\System32\bcryptPrimitives.dll
0x00007ffb4a530000 - 0x00007ffb4a558000 	C:\Program Files\Java\jdk-11.0.10\bin\java.dll
0x00007ffb54b60000 - 0x00007ffb54b6a000 	C:\Program Files\Java\jdk-11.0.10\bin\jimage.dll
0x00007ffb4a510000 - 0x00007ffb4a526000 	C:\Program Files\Java\jdk-11.0.10\bin\zip.dll
0x00007ffb64700000 - 0x00007ffb64e42000 	C:\WINDOWS\System32\SHELL32.dll
0x00007ffb61e60000 - 0x00007ffb625f0000 	C:\WINDOWS\SYSTEM32\windows.storage.dll
0x00007ffb64f30000 - 0x00007ffb65286000 	C:\WINDOWS\System32\combase.dll
0x00007ffb63750000 - 0x00007ffb6377c000 	C:\WINDOWS\SYSTEM32\Wldp.dll
0x00007ffb660f0000 - 0x00007ffb6619e000 	C:\WINDOWS\System32\SHCORE.dll
0x00007ffb657b0000 - 0x00007ffb65805000 	C:\WINDOWS\System32\shlwapi.dll
0x00007ffb63c20000 - 0x00007ffb63c46000 	C:\WINDOWS\SYSTEM32\profapi.dll
0x00007ffb51c20000 - 0x00007ffb51c39000 	C:\Program Files\Java\jdk-11.0.10\bin\net.dll
0x00007ffb5c5e0000 - 0x00007ffb5c6e0000 	C:\WINDOWS\SYSTEM32\WINHTTP.dll
0x00007ffb634d0000 - 0x00007ffb6353a000 	C:\WINDOWS\system32\mswsock.dll
0x00007ffb50080000 - 0x00007ffb50092000 	C:\Program Files\Java\jdk-11.0.10\bin\nio.dll
0x00007ffb5fcf0000 - 0x00007ffb5fcfa000 	C:\Users\philip\AppData\Local\Temp\jansi-1.18-93fa3188adb8407f81dad04d08abc8192e4e380d.dll
0x00007ffb636b0000 - 0x00007ffb636c8000 	C:\WINDOWS\SYSTEM32\CRYPTSP.dll
0x00007ffb62da0000 - 0x00007ffb62dd4000 	C:\WINDOWS\system32\rsaenh.dll
0x00007ffb63dd0000 - 0x00007ffb63df7000 	C:\WINDOWS\System32\bcrypt.dll
0x00007ffb63ba0000 - 0x00007ffb63bce000 	C:\WINDOWS\SYSTEM32\USERENV.dll
0x00007ffb636a0000 - 0x00007ffb636ac000 	C:\WINDOWS\SYSTEM32\CRYPTBASE.dll
0x00007ffb63170000 - 0x00007ffb631ab000 	C:\WINDOWS\SYSTEM32\IPHLPAPI.DLL
0x00007ffb65f00000 - 0x00007ffb65f08000 	C:\WINDOWS\System32\NSI.dll
0x00007ffb5cef0000 - 0x00007ffb5cf07000 	C:\WINDOWS\SYSTEM32\dhcpcsvc6.DLL
0x00007ffb5cda0000 - 0x00007ffb5cdbd000 	C:\WINDOWS\SYSTEM32\dhcpcsvc.DLL
0x00007ffb631b0000 - 0x00007ffb6327b000 	C:\WINDOWS\SYSTEM32\DNSAPI.dll
0x00007ffb4c4a0000 - 0x00007ffb4c4e1000 	C:\Users\philip\AppData\Local\Temp\jna--989220990\jna2672488687207346369.dll
0x00007ffb52c80000 - 0x00007ffb52c89000 	C:\Program Files\Java\jdk-11.0.10\bin\management.dll
0x00007ffb52830000 - 0x00007ffb5283b000 	C:\Program Files\Java\jdk-11.0.10\bin\management_ext.dll
0x00007ffb54260000 - 0x00007ffb5426d000 	C:\Program Files\Java\jdk-11.0.10\bin\sunmscapi.dll
0x00007ffb644b0000 - 0x00007ffb64606000 	C:\WINDOWS\System32\CRYPT32.dll
0x00007ffb637c0000 - 0x00007ffb637e7000 	C:\WINDOWS\SYSTEM32\ncrypt.dll
0x00007ffb63780000 - 0x00007ffb637bb000 	C:\WINDOWS\SYSTEM32\NTASN1.dll
0x00007ffb4ee00000 - 0x00007ffb4ee25000 	C:\Program Files\Java\jdk-11.0.10\bin\sunec.dll
0x000000006fd00000 - 0x000000006fd07000 	C:\Users\philip\.sbt\1.0\swoval-jni\11981891251668287361-swoval-files0.dll
0x00007ffb525a0000 - 0x00007ffb525b7000 	C:\WINDOWS\system32\napinsp.dll
0x00007ffb4efa0000 - 0x00007ffb4efbb000 	C:\WINDOWS\system32\pnrpnsp.dll
0x00007ffb549a0000 - 0x00007ffb549b5000 	C:\WINDOWS\system32\wshbth.dll
0x00007ffb5f770000 - 0x00007ffb5f78d000 	C:\WINDOWS\system32\NLAapi.dll
0x00007ffb4ef80000 - 0x00007ffb4ef92000 	C:\WINDOWS\System32\winrnr.dll
0x00007ffb5a450000 - 0x00007ffb5a45a000 	C:\Windows\System32\rasadhlp.dll
0x00007ffb5c3d0000 - 0x00007ffb5c44f000 	C:\WINDOWS\System32\fwpuclnt.dll

dbghelp: loaded successfully - version: 4.0.5 - missing functions: none
symbol engine: initialized successfully - sym options: 0x614 - pdb path: .;C:\Program Files\Java\jdk-11.0.10\bin;C:\WINDOWS\SYSTEM32;C:\WINDOWS\WinSxS\amd64_microsoft.windows.common-controls_6595b64144ccf1df_6.0.19041.746_none_ca02b4b61b8320a4;C:\Program Files\Java\jdk-11.0.10\bin\server;C:\Users\philip\AppData\Local\Temp;C:\Users\philip\AppData\Local\Temp\jna--989220990;C:\Users\philip\.sbt\1.0\swoval-jni

VM Arguments:
jvm_args: -Xmx1536M -Dsbt.supershell=false -Didea.managed=true -Dfile.encoding=UTF-8 -Dsbt.log.noformat=true 
java_command: C:\Users\philip\AppData\Roaming\JetBrains\IdeaIC2020.3\plugins\Scala\launcher\sbt-launch.jar early(addPluginSbtFile="""C:\Users\philip\AppData\Local\Temp\idea.sbt""") ; set ideaPort in Global := 61421 ; idea-shell
java_class_path (initial): C:\Users\philip\AppData\Roaming\JetBrains\IdeaIC2020.3\plugins\Scala\launcher\sbt-launch.jar
Launcher Type: SUN_STANDARD

[Global flags]
     intx CICompilerCount                          = 2                                         {product} {ergonomic}
     uint ConcGCThreads                            = 1                                         {product} {ergonomic}
     uint G1ConcRefinementThreads                  = 2                                         {product} {ergonomic}
   size_t G1HeapRegionSize                         = 1048576                                   {product} {ergonomic}
    uintx GCDrainStackTargetSize                   = 64                                        {product} {ergonomic}
   size_t InitialHeapSize                          = 134217728                                 {product} {ergonomic}
   size_t MarkStackSize                            = 4194304                                   {product} {ergonomic}
   size_t MaxHeapSize                              = 1610612736                                {product} {command line}
   size_t MaxNewSize                               = 965738496                                 {product} {ergonomic}
   size_t MinHeapDeltaBytes                        = 1048576                                   {product} {ergonomic}
    uintx NonNMethodCodeHeapSize                   = 5825164                                {pd product} {ergonomic}
    uintx NonProfiledCodeHeapSize                  = 122916538                              {pd product} {ergonomic}
    uintx ProfiledCodeHeapSize                     = 122916538                              {pd product} {ergonomic}
    uintx ReservedCodeCacheSize                    = 251658240                              {pd product} {ergonomic}
     bool SegmentedCodeCache                       = true                                      {product} {ergonomic}
     bool UseCompressedClassPointers               = true                                 {lp64_product} {ergonomic}
     bool UseCompressedOops                        = true                                 {lp64_product} {ergonomic}
     bool UseG1GC                                  = true                                      {product} {ergonomic}
     bool UseLargePagesIndividualAllocation        = false                                  {pd product} {ergonomic}

Logging:
Log output configuration:
 #0: stdout all=warning uptime,level,tags
 #1: stderr all=off uptime,level,tags

Environment Variables:
PATH=C:\Program Files\Common Files\Oracle\Java\javapath;C:\WINDOWS\system32;C:\WINDOWS;C:\WINDOWS\System32\Wbem;C:\WINDOWS\System32\WindowsPowerShell\v1.0\;C:\WINDOWS\System32\OpenSSH\;C:\ProgramData\chocolatey\bin;C:\Program Files\Java\jdk1.8.0_201\bin;C:\Program Files\PuTTY\;C:\Program Files (x86)\sbt\bin;C:\Program Files (x86)\scala\bin;C:\scala3\bin;C:\Program Files\7-Zip;C:\Users\philip\AppData\Local\Programs\Python\Python37-32\Scripts\;C:\Users\philip\AppData\Local\Programs\Python\Python37-32\;C:\Users\philip\.cargo\bin;C:\Users\philip\AppData\Local\Microsoft\WindowsApps;C:\Program Files (x86)\Inno Setup 5;C:\DEV\apache-maven-3.6.0\bin;C:\NetBeans 8.2\extide\ant\bin;C:\DEV\Microsoft VS Code\bin;C:\Users\philip\AppData\Roaming\cabal\bin;C:\ProgramData\chocolatey\lib\ghc\tools\ghc-8.10.4\bin;C:\tools\msys64;C:\Users\philip\AppData\Local\Coursier\data\bin;C:\Users\philip\AppData\Local\Coursier\data\bin;C:\Program Files\7-Zip;;C:\Program Files\JetBrains\IntelliJ IDEA Community Edition 2020.3.2\bin;
USERNAME=philip
OS=Windows_NT
PROCESSOR_IDENTIFIER=Intel64 Family 6 Model 23 Stepping 10, GenuineIntel



---------------  S Y S T E M  ---------------

OS: Windows 10 , 64 bit Build 19041 (10.0.19041.804)

CPU:total 2 (initial active 2) (2 cores per cpu, 1 threads per core) family 6 model 23 stepping 10 microcode 0xa0c, cmov, cx8, fxsr, mmx, sse, sse2, sse3, ssse3, tsc

Memory: 4k page, system-wide physical 8191M (816M free)
TotalPageFile size 8191M (AvailPageFile size 4M)
current process WorkingSet (physical memory assigned to process): 357M, peak: 357M
current process commit charge ("private bytes"): 388M, peak: 389M

vm_info: Java HotSpot(TM) 64-Bit Server VM (11.0.10+8-LTS-162) for windows-amd64 JRE (11.0.10+8-LTS-162), built on Dec  8 2020 16:32:57 by "mach5one" with MS VC++ 15.9 (VS2017)

END.
