#
# There is insufficient memory for the Java Runtime Environment to continue.
# Native memory allocation (malloc) failed to allocate 961376 bytes for Chunk::new
# Possible reasons:
#   The system is out of physical RAM or swap space
#   The process is running with CompressedOops enabled, and the Java Heap may be blocking the growth of the native heap
# Possible solutions:
#   Reduce memory load on the system
#   Increase physical memory or swap space
#   Check if swap backing store is full
#   Decrease Java heap size (-Xmx/-Xms)
#   Decrease number of Java threads
#   Decrease Java thread stack sizes (-Xss)
#   Set larger code cache with -XX:ReservedCodeCacheSize=
#   JVM is running with Unscaled Compressed Oops mode in which the Java heap is
#     placed in the first 4GB address space. The Java Heap base address is the
#     maximum limit for the native heap growth. Please use -XX:HeapBaseMinAddress
#     to set the Java Heap base and to place the Java Heap above 4GB virtual address.
# This output file may be truncated or incomplete.
#
#  Out of Memory Error (./open/src/hotspot/share/memory/arena.cpp:197), pid=5248, tid=4504
#
# JRE version: Java(TM) SE Runtime Environment 18.9 (11.0.10+8) (build 11.0.10+8-LTS-162)
# Java VM: Java HotSpot(TM) 64-Bit Server VM 18.9 (11.0.10+8-LTS-162, mixed mode, tiered, compressed oops, g1 gc, windows-amd64)
# No core dump will be written. Minidumps are not enabled by default on client versions of Windows
#

---------------  S U M M A R Y ------------

Command Line: -Djline.terminal=jline.UnsupportedTerminal -Dsbt.log.noformat=true -Dfile.encoding=UTF-8 -Didea.managed=true -Dfile.encoding=UTF-8 C:/Users/philip/AppData/Roaming/JetBrains/IdeaIC2020.3/plugins/Scala/launcher/sbt-launch.jar

Host: Pentium(R) Dual-Core  CPU      E6600  @ 3.06GHz, 2 cores, 7G,  Windows 10 , 64 bit Build 19041 (10.0.19041.804)
Time: Thu Mar 11 21:54:25 2021 GTB Standard Time elapsed time: 6.446654 seconds (0d 0h 0m 6s)

---------------  T H R E A D  ---------------

Current thread (0x00000152f47a8000):  JavaThread "C2 CompilerThread0" daemon [_thread_in_native, id=4504, stack(0x0000004d38a00000,0x0000004d38b00000)]


Current CompileTask:
C2:   6446 3002   !   4       java.net.URL::<init> (543 bytes)

Stack: [0x0000004d38a00000,0x0000004d38b00000]
Native frames: (J=compiled Java code, j=interpreted, Vv=VM code, C=native code)
V  [jvm.dll+0x613e6a]
V  [jvm.dll+0x74c1ff]
V  [jvm.dll+0x74d885]
V  [jvm.dll+0x74df03]
V  [jvm.dll+0x243b78]
V  [jvm.dll+0xba2cc]
V  [jvm.dll+0xba9cc]
V  [jvm.dll+0x2b4424]
V  [jvm.dll+0x52bfa6]
V  [jvm.dll+0x20555d]
V  [jvm.dll+0x1ff4aa]
V  [jvm.dll+0x1fc42f]
V  [jvm.dll+0x17f09c]
V  [jvm.dll+0x20bbd4]
V  [jvm.dll+0x209cab]
V  [jvm.dll+0x713619]
V  [jvm.dll+0x70c314]
V  [jvm.dll+0x613036]
C  [ucrtbase.dll+0x21bb2]
C  [KERNEL32.DLL+0x17034]
C  [ntdll.dll+0x4d241]


---------------  P R O C E S S  ---------------

Threads class SMR info:
_java_thread_list=0x00000152f613ced0, length=15, elements={
0x00000152d5d6b800, 0x00000152f3e2f000, 0x00000152f3e27000, 0x00000152f47a5000,
0x00000152f47a7000, 0x00000152f47a8000, 0x00000152f47ac800, 0x00000152f3e78000,
0x00000152f4935000, 0x00000152f4943000, 0x00000152f4ea5800, 0x00000152f4e1e000,
0x00000152f8bef800, 0x00000152f7918800, 0x00000152f51c0000
}

Java Threads: ( => current thread )
  0x00000152d5d6b800 JavaThread "main" [_thread_in_Java, id=7036, stack(0x0000004d37e00000,0x0000004d37f00000)]
  0x00000152f3e2f000 JavaThread "Reference Handler" daemon [_thread_blocked, id=8896, stack(0x0000004d38500000,0x0000004d38600000)]
  0x00000152f3e27000 JavaThread "Finalizer" daemon [_thread_blocked, id=6476, stack(0x0000004d38600000,0x0000004d38700000)]
  0x00000152f47a5000 JavaThread "Signal Dispatcher" daemon [_thread_blocked, id=8236, stack(0x0000004d38800000,0x0000004d38900000)]
  0x00000152f47a7000 JavaThread "Attach Listener" daemon [_thread_blocked, id=9084, stack(0x0000004d38900000,0x0000004d38a00000)]
=>0x00000152f47a8000 JavaThread "C2 CompilerThread0" daemon [_thread_in_native, id=4504, stack(0x0000004d38a00000,0x0000004d38b00000)]
  0x00000152f47ac800 JavaThread "C1 CompilerThread0" daemon [_thread_blocked, id=7076, stack(0x0000004d38b00000,0x0000004d38c00000)]
  0x00000152f3e78000 JavaThread "Sweeper thread" daemon [_thread_blocked, id=7144, stack(0x0000004d38c00000,0x0000004d38d00000)]
  0x00000152f4935000 JavaThread "Service Thread" daemon [_thread_blocked, id=10464, stack(0x0000004d38d00000,0x0000004d38e00000)]
  0x00000152f4943000 JavaThread "Common-Cleaner" daemon [_thread_blocked, id=11828, stack(0x0000004d38f00000,0x0000004d39000000)]
  0x00000152f4ea5800 JavaThread "pool-1-thread-1" [_thread_blocked, id=11904, stack(0x0000004d39100000,0x0000004d39200000)]
  0x00000152f4e1e000 JavaThread "sbt-parser-init-thread" daemon [_thread_in_vm, id=5888, stack(0x0000004d39200000,0x0000004d39300000)]
  0x00000152f8bef800 JavaThread "boot-server-socket-thread-1" [_thread_in_native, id=11060, stack(0x0000004d39300000,0x0000004d39400000)]
  0x00000152f7918800 JavaThread "classloader-cache-cleanup-0" daemon [_thread_blocked, id=2720, stack(0x0000004d39400000,0x0000004d39500000)]
  0x00000152f51c0000 JavaThread "sbt-command-exchange-fastTrack" daemon [_thread_blocked, id=11524, stack(0x0000004d39500000,0x0000004d39600000)]

Other Threads:
  0x00000152f3e1c800 VMThread "VM Thread" [stack: 0x0000004d38400000,0x0000004d38500000] [id=7324]
  0x00000152f493d000 WatcherThread [stack: 0x0000004d38e00000,0x0000004d38f00000] [id=8664]
  0x00000152d5d7f800 GCTaskThread "GC Thread#0" [stack: 0x0000004d37f00000,0x0000004d38000000] [id=10892]
  0x00000152f4b54800 GCTaskThread "GC Thread#1" [stack: 0x0000004d39000000,0x0000004d39100000] [id=4100]
  0x00000152d3dad800 ConcurrentGCThread "G1 Main Marker" [stack: 0x0000004d38000000,0x0000004d38100000] [id=12240]
  0x00000152d5dae000 ConcurrentGCThread "G1 Conc#0" [stack: 0x0000004d38100000,0x0000004d38200000] [id=1276]
  0x00000152d5e39800 ConcurrentGCThread "G1 Refine#0" [stack: 0x0000004d38200000,0x0000004d38300000] [id=7096]
  0x00000152d5e3a800 ConcurrentGCThread "G1 Young RemSet Sampling" [stack: 0x0000004d38300000,0x0000004d38400000] [id=6512]

Threads with active compile tasks:
C2 CompilerThread0   6475 3002   !   4       java.net.URL::<init> (543 bytes)

VM state:not at safepoint (normal execution)

VM Mutex/Monitor currently owned by a thread: None

Heap address: 0x0000000080000000, size: 2048 MB, Compressed Oops mode: 32-bit
Narrow klass base: 0x0000000000000000, Narrow klass shift: 3
Compressed class space size: 1073741824 Address: 0x0000000100000000

Heap:
 garbage-first heap   total 157696K, used 39788K [0x0000000080000000, 0x0000000100000000)
  region size 1024K, 34 young (34816K), 7 survivors (7168K)
 Metaspace       used 54833K, capacity 57338K, committed 57472K, reserved 1097728K
  class space    used 7591K, capacity 9002K, committed 9088K, reserved 1048576K
Heap Regions: E=young(eden), S=young(survivor), O=old, HS=humongous(starts), HC=humongous(continues), CS=collection set, F=free, A=archive, TAMS=top-at-mark-start (previous, next)
|   0|0x0000000080000000, 0x0000000080100000, 0x0000000080100000|100%| O|  |TAMS 0x0000000080100000, 0x0000000080000000| Untracked 
|   1|0x0000000080100000, 0x0000000080200000, 0x0000000080200000|100%| O|  |TAMS 0x0000000080200000, 0x0000000080100000| Untracked 
|   2|0x0000000080200000, 0x0000000080300000, 0x0000000080300000|100%| O|  |TAMS 0x0000000080300000, 0x0000000080200000| Untracked 
|   3|0x0000000080300000, 0x0000000080400000, 0x0000000080400000|100%| O|  |TAMS 0x0000000080400000, 0x0000000080300000| Untracked 
|   4|0x0000000080400000, 0x0000000080500000, 0x0000000080500000|100%| O|  |TAMS 0x0000000080500000, 0x0000000080400000| Untracked 
|   5|0x0000000080500000, 0x0000000080600000, 0x0000000080600000|100%| O|  |TAMS 0x0000000080600000, 0x0000000080500000| Untracked 
|   6|0x0000000080600000, 0x00000000806db200, 0x0000000080700000| 85%| O|  |TAMS 0x0000000080669600, 0x0000000080600000| Untracked 
|   7|0x0000000080700000, 0x0000000080700000, 0x0000000080800000|  0%| F|  |TAMS 0x0000000080700000, 0x0000000080700000| Untracked 
|   8|0x0000000080800000, 0x0000000080800000, 0x0000000080900000|  0%| F|  |TAMS 0x0000000080800000, 0x0000000080800000| Untracked 
|   9|0x0000000080900000, 0x0000000080900000, 0x0000000080a00000|  0%| F|  |TAMS 0x0000000080900000, 0x0000000080900000| Untracked 
|  10|0x0000000080a00000, 0x0000000080a00000, 0x0000000080b00000|  0%| F|  |TAMS 0x0000000080a00000, 0x0000000080a00000| Untracked 
|  11|0x0000000080b00000, 0x0000000080b00000, 0x0000000080c00000|  0%| F|  |TAMS 0x0000000080b00000, 0x0000000080b00000| Untracked 
|  12|0x0000000080c00000, 0x0000000080c00000, 0x0000000080d00000|  0%| F|  |TAMS 0x0000000080c00000, 0x0000000080c00000| Untracked 
|  13|0x0000000080d00000, 0x0000000080d00000, 0x0000000080e00000|  0%| F|  |TAMS 0x0000000080d00000, 0x0000000080d00000| Untracked 
|  14|0x0000000080e00000, 0x0000000080e00000, 0x0000000080f00000|  0%| F|  |TAMS 0x0000000080e00000, 0x0000000080e00000| Untracked 
|  15|0x0000000080f00000, 0x0000000080f00000, 0x0000000081000000|  0%| F|  |TAMS 0x0000000080f00000, 0x0000000080f00000| Untracked 
|  16|0x0000000081000000, 0x0000000081000000, 0x0000000081100000|  0%| F|  |TAMS 0x0000000081000000, 0x0000000081000000| Untracked 
|  17|0x0000000081100000, 0x0000000081100000, 0x0000000081200000|  0%| F|  |TAMS 0x0000000081100000, 0x0000000081100000| Untracked 
|  18|0x0000000081200000, 0x0000000081200000, 0x0000000081300000|  0%| F|  |TAMS 0x0000000081200000, 0x0000000081200000| Untracked 
|  19|0x0000000081300000, 0x0000000081300000, 0x0000000081400000|  0%| F|  |TAMS 0x0000000081300000, 0x0000000081300000| Untracked 
|  20|0x0000000081400000, 0x0000000081400000, 0x0000000081500000|  0%| F|  |TAMS 0x0000000081400000, 0x0000000081400000| Untracked 
|  21|0x0000000081500000, 0x0000000081500000, 0x0000000081600000|  0%| F|  |TAMS 0x0000000081500000, 0x0000000081500000| Untracked 
|  22|0x0000000081600000, 0x0000000081600000, 0x0000000081700000|  0%| F|  |TAMS 0x0000000081600000, 0x0000000081600000| Untracked 
|  23|0x0000000081700000, 0x0000000081700000, 0x0000000081800000|  0%| F|  |TAMS 0x0000000081700000, 0x0000000081700000| Untracked 
|  24|0x0000000081800000, 0x0000000081800000, 0x0000000081900000|  0%| F|  |TAMS 0x0000000081800000, 0x0000000081800000| Untracked 
|  25|0x0000000081900000, 0x0000000081900000, 0x0000000081a00000|  0%| F|  |TAMS 0x0000000081900000, 0x0000000081900000| Untracked 
|  26|0x0000000081a00000, 0x0000000081a00000, 0x0000000081b00000|  0%| F|  |TAMS 0x0000000081a00000, 0x0000000081a00000| Untracked 
|  27|0x0000000081b00000, 0x0000000081b00000, 0x0000000081c00000|  0%| F|  |TAMS 0x0000000081b00000, 0x0000000081b00000| Untracked 
|  28|0x0000000081c00000, 0x0000000081c00000, 0x0000000081d00000|  0%| F|  |TAMS 0x0000000081c00000, 0x0000000081c00000| Untracked 
|  29|0x0000000081d00000, 0x0000000081d00000, 0x0000000081e00000|  0%| F|  |TAMS 0x0000000081d00000, 0x0000000081d00000| Untracked 
|  30|0x0000000081e00000, 0x0000000081e00000, 0x0000000081f00000|  0%| F|  |TAMS 0x0000000081e00000, 0x0000000081e00000| Untracked 
|  31|0x0000000081f00000, 0x0000000081f00000, 0x0000000082000000|  0%| F|  |TAMS 0x0000000081f00000, 0x0000000081f00000| Untracked 
|  32|0x0000000082000000, 0x0000000082000000, 0x0000000082100000|  0%| F|  |TAMS 0x0000000082000000, 0x0000000082000000| Untracked 
|  33|0x0000000082100000, 0x0000000082100000, 0x0000000082200000|  0%| F|  |TAMS 0x0000000082100000, 0x0000000082100000| Untracked 
|  34|0x0000000082200000, 0x0000000082200000, 0x0000000082300000|  0%| F|  |TAMS 0x0000000082200000, 0x0000000082200000| Untracked 
|  35|0x0000000082300000, 0x0000000082300000, 0x0000000082400000|  0%| F|  |TAMS 0x0000000082300000, 0x0000000082300000| Untracked 
|  36|0x0000000082400000, 0x0000000082400000, 0x0000000082500000|  0%| F|  |TAMS 0x0000000082400000, 0x0000000082400000| Untracked 
|  37|0x0000000082500000, 0x0000000082500000, 0x0000000082600000|  0%| F|  |TAMS 0x0000000082500000, 0x0000000082500000| Untracked 
|  38|0x0000000082600000, 0x0000000082600000, 0x0000000082700000|  0%| F|  |TAMS 0x0000000082600000, 0x0000000082600000| Untracked 
|  39|0x0000000082700000, 0x0000000082700000, 0x0000000082800000|  0%| F|  |TAMS 0x0000000082700000, 0x0000000082700000| Untracked 
|  40|0x0000000082800000, 0x0000000082800000, 0x0000000082900000|  0%| F|  |TAMS 0x0000000082800000, 0x0000000082800000| Untracked 
|  41|0x0000000082900000, 0x0000000082900000, 0x0000000082a00000|  0%| F|  |TAMS 0x0000000082900000, 0x0000000082900000| Untracked 
|  42|0x0000000082a00000, 0x0000000082a00000, 0x0000000082b00000|  0%| F|  |TAMS 0x0000000082a00000, 0x0000000082a00000| Untracked 
|  43|0x0000000082b00000, 0x0000000082b00000, 0x0000000082c00000|  0%| F|  |TAMS 0x0000000082b00000, 0x0000000082b00000| Untracked 
|  44|0x0000000082c00000, 0x0000000082c00000, 0x0000000082d00000|  0%| F|  |TAMS 0x0000000082c00000, 0x0000000082c00000| Untracked 
|  45|0x0000000082d00000, 0x0000000082d00000, 0x0000000082e00000|  0%| F|  |TAMS 0x0000000082d00000, 0x0000000082d00000| Untracked 
|  46|0x0000000082e00000, 0x0000000082e00000, 0x0000000082f00000|  0%| F|  |TAMS 0x0000000082e00000, 0x0000000082e00000| Untracked 
|  47|0x0000000082f00000, 0x0000000082f00000, 0x0000000083000000|  0%| F|  |TAMS 0x0000000082f00000, 0x0000000082f00000| Untracked 
|  48|0x0000000083000000, 0x0000000083000000, 0x0000000083100000|  0%| F|  |TAMS 0x0000000083000000, 0x0000000083000000| Untracked 
|  49|0x0000000083100000, 0x0000000083100000, 0x0000000083200000|  0%| F|  |TAMS 0x0000000083100000, 0x0000000083100000| Untracked 
|  50|0x0000000083200000, 0x0000000083200000, 0x0000000083300000|  0%| F|  |TAMS 0x0000000083200000, 0x0000000083200000| Untracked 
|  51|0x0000000083300000, 0x0000000083300000, 0x0000000083400000|  0%| F|  |TAMS 0x0000000083300000, 0x0000000083300000| Untracked 
|  52|0x0000000083400000, 0x0000000083400000, 0x0000000083500000|  0%| F|  |TAMS 0x0000000083400000, 0x0000000083400000| Untracked 
|  53|0x0000000083500000, 0x0000000083500000, 0x0000000083600000|  0%| F|  |TAMS 0x0000000083500000, 0x0000000083500000| Untracked 
|  54|0x0000000083600000, 0x0000000083600000, 0x0000000083700000|  0%| F|  |TAMS 0x0000000083600000, 0x0000000083600000| Untracked 
|  55|0x0000000083700000, 0x0000000083700000, 0x0000000083800000|  0%| F|  |TAMS 0x0000000083700000, 0x0000000083700000| Untracked 
|  56|0x0000000083800000, 0x0000000083800000, 0x0000000083900000|  0%| F|  |TAMS 0x0000000083800000, 0x0000000083800000| Untracked 
|  57|0x0000000083900000, 0x0000000083900000, 0x0000000083a00000|  0%| F|  |TAMS 0x0000000083900000, 0x0000000083900000| Untracked 
|  58|0x0000000083a00000, 0x0000000083a00000, 0x0000000083b00000|  0%| F|  |TAMS 0x0000000083a00000, 0x0000000083a00000| Untracked 
|  59|0x0000000083b00000, 0x0000000083b00000, 0x0000000083c00000|  0%| F|  |TAMS 0x0000000083b00000, 0x0000000083b00000| Untracked 
|  60|0x0000000083c00000, 0x0000000083c00000, 0x0000000083d00000|  0%| F|  |TAMS 0x0000000083c00000, 0x0000000083c00000| Untracked 
|  61|0x0000000083d00000, 0x0000000083d00000, 0x0000000083e00000|  0%| F|  |TAMS 0x0000000083d00000, 0x0000000083d00000| Untracked 
|  62|0x0000000083e00000, 0x0000000083e00000, 0x0000000083f00000|  0%| F|  |TAMS 0x0000000083e00000, 0x0000000083e00000| Untracked 
|  63|0x0000000083f00000, 0x0000000083f00000, 0x0000000084000000|  0%| F|  |TAMS 0x0000000083f00000, 0x0000000083f00000| Untracked 
|  64|0x0000000084000000, 0x0000000084000000, 0x0000000084100000|  0%| F|  |TAMS 0x0000000084000000, 0x0000000084000000| Untracked 
|  65|0x0000000084100000, 0x0000000084200000, 0x0000000084200000|100%| S|CS|TAMS 0x0000000084100000, 0x0000000084100000| Complete 
|  66|0x0000000084200000, 0x0000000084300000, 0x0000000084300000|100%| S|CS|TAMS 0x0000000084200000, 0x0000000084200000| Complete 
|  67|0x0000000084300000, 0x0000000084400000, 0x0000000084400000|100%| S|CS|TAMS 0x0000000084300000, 0x0000000084300000| Complete 
|  68|0x0000000084400000, 0x0000000084500000, 0x0000000084500000|100%| S|CS|TAMS 0x0000000084400000, 0x0000000084400000| Complete 
|  69|0x0000000084500000, 0x0000000084600000, 0x0000000084600000|100%| S|CS|TAMS 0x0000000084500000, 0x0000000084500000| Complete 
|  70|0x0000000084600000, 0x0000000084700000, 0x0000000084700000|100%| S|CS|TAMS 0x0000000084600000, 0x0000000084600000| Complete 
|  71|0x0000000084700000, 0x0000000084800000, 0x0000000084800000|100%| S|CS|TAMS 0x0000000084700000, 0x0000000084700000| Complete 
|  72|0x0000000084800000, 0x0000000084800000, 0x0000000084900000|  0%| F|  |TAMS 0x0000000084800000, 0x0000000084800000| Untracked 
|  73|0x0000000084900000, 0x0000000084900000, 0x0000000084a00000|  0%| F|  |TAMS 0x0000000084900000, 0x0000000084900000| Untracked 
|  74|0x0000000084a00000, 0x0000000084a00000, 0x0000000084b00000|  0%| F|  |TAMS 0x0000000084a00000, 0x0000000084a00000| Untracked 
|  75|0x0000000084b00000, 0x0000000084b00000, 0x0000000084c00000|  0%| F|  |TAMS 0x0000000084b00000, 0x0000000084b00000| Untracked 
|  76|0x0000000084c00000, 0x0000000084c00000, 0x0000000084d00000|  0%| F|  |TAMS 0x0000000084c00000, 0x0000000084c00000| Untracked 
|  77|0x0000000084d00000, 0x0000000084d00000, 0x0000000084e00000|  0%| F|  |TAMS 0x0000000084d00000, 0x0000000084d00000| Untracked 
|  78|0x0000000084e00000, 0x0000000084e00000, 0x0000000084f00000|  0%| F|  |TAMS 0x0000000084e00000, 0x0000000084e00000| Untracked 
|  79|0x0000000084f00000, 0x0000000084f00000, 0x0000000085000000|  0%| F|  |TAMS 0x0000000084f00000, 0x0000000084f00000| Untracked 
|  80|0x0000000085000000, 0x0000000085000000, 0x0000000085100000|  0%| F|  |TAMS 0x0000000085000000, 0x0000000085000000| Untracked 
|  81|0x0000000085100000, 0x0000000085100000, 0x0000000085200000|  0%| F|  |TAMS 0x0000000085100000, 0x0000000085100000| Untracked 
|  82|0x0000000085200000, 0x0000000085200000, 0x0000000085300000|  0%| F|  |TAMS 0x0000000085200000, 0x0000000085200000| Untracked 
|  83|0x0000000085300000, 0x0000000085300000, 0x0000000085400000|  0%| F|  |TAMS 0x0000000085300000, 0x0000000085300000| Untracked 
|  84|0x0000000085400000, 0x0000000085400000, 0x0000000085500000|  0%| F|  |TAMS 0x0000000085400000, 0x0000000085400000| Untracked 
|  85|0x0000000085500000, 0x0000000085500000, 0x0000000085600000|  0%| F|  |TAMS 0x0000000085500000, 0x0000000085500000| Untracked 
|  86|0x0000000085600000, 0x0000000085600000, 0x0000000085700000|  0%| F|  |TAMS 0x0000000085600000, 0x0000000085600000| Untracked 
|  87|0x0000000085700000, 0x0000000085700000, 0x0000000085800000|  0%| F|  |TAMS 0x0000000085700000, 0x0000000085700000| Untracked 
|  88|0x0000000085800000, 0x0000000085800000, 0x0000000085900000|  0%| F|  |TAMS 0x0000000085800000, 0x0000000085800000| Untracked 
|  89|0x0000000085900000, 0x0000000085900000, 0x0000000085a00000|  0%| F|  |TAMS 0x0000000085900000, 0x0000000085900000| Untracked 
|  90|0x0000000085a00000, 0x0000000085a00000, 0x0000000085b00000|  0%| F|  |TAMS 0x0000000085a00000, 0x0000000085a00000| Untracked 
|  91|0x0000000085b00000, 0x0000000085b00000, 0x0000000085c00000|  0%| F|  |TAMS 0x0000000085b00000, 0x0000000085b00000| Untracked 
|  92|0x0000000085c00000, 0x0000000085c00000, 0x0000000085d00000|  0%| F|  |TAMS 0x0000000085c00000, 0x0000000085c00000| Untracked 
|  93|0x0000000085d00000, 0x0000000085d00000, 0x0000000085e00000|  0%| F|  |TAMS 0x0000000085d00000, 0x0000000085d00000| Untracked 
|  94|0x0000000085e00000, 0x0000000085e00000, 0x0000000085f00000|  0%| F|  |TAMS 0x0000000085e00000, 0x0000000085e00000| Untracked 
|  95|0x0000000085f00000, 0x0000000085f00000, 0x0000000086000000|  0%| F|  |TAMS 0x0000000085f00000, 0x0000000085f00000| Untracked 
|  96|0x0000000086000000, 0x0000000086000000, 0x0000000086100000|  0%| F|  |TAMS 0x0000000086000000, 0x0000000086000000| Untracked 
|  97|0x0000000086100000, 0x0000000086100000, 0x0000000086200000|  0%| F|  |TAMS 0x0000000086100000, 0x0000000086100000| Untracked 
|  98|0x0000000086200000, 0x0000000086200000, 0x0000000086300000|  0%| F|  |TAMS 0x0000000086200000, 0x0000000086200000| Untracked 
|  99|0x0000000086300000, 0x0000000086300000, 0x0000000086400000|  0%| F|  |TAMS 0x0000000086300000, 0x0000000086300000| Untracked 
| 100|0x0000000086400000, 0x0000000086400000, 0x0000000086500000|  0%| F|  |TAMS 0x0000000086400000, 0x0000000086400000| Untracked 
| 101|0x0000000086500000, 0x0000000086500000, 0x0000000086600000|  0%| F|  |TAMS 0x0000000086500000, 0x0000000086500000| Untracked 
| 102|0x0000000086600000, 0x0000000086600000, 0x0000000086700000|  0%| F|  |TAMS 0x0000000086600000, 0x0000000086600000| Untracked 
| 103|0x0000000086700000, 0x0000000086700000, 0x0000000086800000|  0%| F|  |TAMS 0x0000000086700000, 0x0000000086700000| Untracked 
| 104|0x0000000086800000, 0x0000000086800000, 0x0000000086900000|  0%| F|  |TAMS 0x0000000086800000, 0x0000000086800000| Untracked 
| 105|0x0000000086900000, 0x0000000086900000, 0x0000000086a00000|  0%| F|  |TAMS 0x0000000086900000, 0x0000000086900000| Untracked 
| 106|0x0000000086a00000, 0x0000000086a00000, 0x0000000086b00000|  0%| F|  |TAMS 0x0000000086a00000, 0x0000000086a00000| Untracked 
| 107|0x0000000086b00000, 0x0000000086b00000, 0x0000000086c00000|  0%| F|  |TAMS 0x0000000086b00000, 0x0000000086b00000| Untracked 
| 108|0x0000000086c00000, 0x0000000086c00000, 0x0000000086d00000|  0%| F|  |TAMS 0x0000000086c00000, 0x0000000086c00000| Untracked 
| 109|0x0000000086d00000, 0x0000000086d00000, 0x0000000086e00000|  0%| F|  |TAMS 0x0000000086d00000, 0x0000000086d00000| Untracked 
| 110|0x0000000086e00000, 0x0000000086e00000, 0x0000000086f00000|  0%| F|  |TAMS 0x0000000086e00000, 0x0000000086e00000| Untracked 
| 111|0x0000000086f00000, 0x0000000086f00000, 0x0000000087000000|  0%| F|  |TAMS 0x0000000086f00000, 0x0000000086f00000| Untracked 
| 112|0x0000000087000000, 0x0000000087000000, 0x0000000087100000|  0%| F|  |TAMS 0x0000000087000000, 0x0000000087000000| Untracked 
| 113|0x0000000087100000, 0x0000000087100000, 0x0000000087200000|  0%| F|  |TAMS 0x0000000087100000, 0x0000000087100000| Untracked 
| 114|0x0000000087200000, 0x0000000087200000, 0x0000000087300000|  0%| F|  |TAMS 0x0000000087200000, 0x0000000087200000| Untracked 
| 115|0x0000000087300000, 0x0000000087300000, 0x0000000087400000|  0%| F|  |TAMS 0x0000000087300000, 0x0000000087300000| Untracked 
| 116|0x0000000087400000, 0x0000000087400000, 0x0000000087500000|  0%| F|  |TAMS 0x0000000087400000, 0x0000000087400000| Untracked 
| 117|0x0000000087500000, 0x0000000087500000, 0x0000000087600000|  0%| F|  |TAMS 0x0000000087500000, 0x0000000087500000| Untracked 
| 118|0x0000000087600000, 0x0000000087600000, 0x0000000087700000|  0%| F|  |TAMS 0x0000000087600000, 0x0000000087600000| Untracked 
| 119|0x0000000087700000, 0x0000000087700000, 0x0000000087800000|  0%| F|  |TAMS 0x0000000087700000, 0x0000000087700000| Untracked 
| 120|0x0000000087800000, 0x0000000087800000, 0x0000000087900000|  0%| F|  |TAMS 0x0000000087800000, 0x0000000087800000| Untracked 
| 121|0x0000000087900000, 0x0000000087900000, 0x0000000087a00000|  0%| F|  |TAMS 0x0000000087900000, 0x0000000087900000| Untracked 
| 122|0x0000000087a00000, 0x0000000087a00000, 0x0000000087b00000|  0%| F|  |TAMS 0x0000000087a00000, 0x0000000087a00000| Untracked 
| 123|0x0000000087b00000, 0x0000000087b00000, 0x0000000087c00000|  0%| F|  |TAMS 0x0000000087b00000, 0x0000000087b00000| Untracked 
| 124|0x0000000087c00000, 0x0000000087c00000, 0x0000000087d00000|  0%| F|  |TAMS 0x0000000087c00000, 0x0000000087c00000| Untracked 
| 125|0x0000000087d00000, 0x0000000087d00000, 0x0000000087e00000|  0%| F|  |TAMS 0x0000000087d00000, 0x0000000087d00000| Untracked 
| 126|0x0000000087e00000, 0x0000000087e00000, 0x0000000087f00000|  0%| F|  |TAMS 0x0000000087e00000, 0x0000000087e00000| Untracked 
| 127|0x0000000087f00000, 0x0000000087ffe9d0, 0x0000000088000000| 99%| E|  |TAMS 0x0000000087f00000, 0x0000000087f00000| Complete 
| 128|0x0000000088000000, 0x0000000088100000, 0x0000000088100000|100%| E|CS|TAMS 0x0000000088000000, 0x0000000088000000| Complete 
| 129|0x0000000088100000, 0x0000000088200000, 0x0000000088200000|100%| E|CS|TAMS 0x0000000088100000, 0x0000000088100000| Complete 
| 130|0x0000000088200000, 0x0000000088300000, 0x0000000088300000|100%| E|CS|TAMS 0x0000000088200000, 0x0000000088200000| Complete 
| 131|0x0000000088300000, 0x0000000088400000, 0x0000000088400000|100%| E|CS|TAMS 0x0000000088300000, 0x0000000088300000| Complete 
| 132|0x0000000088400000, 0x0000000088500000, 0x0000000088500000|100%| E|CS|TAMS 0x0000000088400000, 0x0000000088400000| Complete 
| 133|0x0000000088500000, 0x0000000088600000, 0x0000000088600000|100%| E|CS|TAMS 0x0000000088500000, 0x0000000088500000| Complete 
| 134|0x0000000088600000, 0x0000000088700000, 0x0000000088700000|100%| E|CS|TAMS 0x0000000088600000, 0x0000000088600000| Complete 
| 135|0x0000000088700000, 0x0000000088800000, 0x0000000088800000|100%| E|CS|TAMS 0x0000000088700000, 0x0000000088700000| Complete 
| 136|0x0000000088800000, 0x0000000088900000, 0x0000000088900000|100%| E|CS|TAMS 0x0000000088800000, 0x0000000088800000| Complete 
| 137|0x0000000088900000, 0x0000000088a00000, 0x0000000088a00000|100%| E|  |TAMS 0x0000000088900000, 0x0000000088900000| Complete 
| 138|0x0000000088a00000, 0x0000000088b00000, 0x0000000088b00000|100%| E|CS|TAMS 0x0000000088a00000, 0x0000000088a00000| Complete 
| 139|0x0000000088b00000, 0x0000000088c00000, 0x0000000088c00000|100%| E|CS|TAMS 0x0000000088b00000, 0x0000000088b00000| Complete 
| 140|0x0000000088c00000, 0x0000000088d00000, 0x0000000088d00000|100%| E|CS|TAMS 0x0000000088c00000, 0x0000000088c00000| Complete 
| 141|0x0000000088d00000, 0x0000000088e00000, 0x0000000088e00000|100%| E|CS|TAMS 0x0000000088d00000, 0x0000000088d00000| Complete 
| 142|0x0000000088e00000, 0x0000000088f00000, 0x0000000088f00000|100%| E|CS|TAMS 0x0000000088e00000, 0x0000000088e00000| Complete 
| 143|0x0000000088f00000, 0x0000000089000000, 0x0000000089000000|100%| E|CS|TAMS 0x0000000088f00000, 0x0000000088f00000| Complete 
| 144|0x0000000089000000, 0x0000000089100000, 0x0000000089100000|100%| E|CS|TAMS 0x0000000089000000, 0x0000000089000000| Complete 
| 145|0x0000000089100000, 0x0000000089200000, 0x0000000089200000|100%| E|CS|TAMS 0x0000000089100000, 0x0000000089100000| Complete 
| 146|0x0000000089200000, 0x0000000089300000, 0x0000000089300000|100%| E|CS|TAMS 0x0000000089200000, 0x0000000089200000| Complete 
| 147|0x0000000089300000, 0x0000000089400000, 0x0000000089400000|100%| E|CS|TAMS 0x0000000089300000, 0x0000000089300000| Complete 
| 148|0x0000000089400000, 0x0000000089500000, 0x0000000089500000|100%| E|CS|TAMS 0x0000000089400000, 0x0000000089400000| Complete 
| 149|0x0000000089500000, 0x0000000089600000, 0x0000000089600000|100%| E|CS|TAMS 0x0000000089500000, 0x0000000089500000| Complete 
| 150|0x0000000089600000, 0x0000000089700000, 0x0000000089700000|100%| E|CS|TAMS 0x0000000089600000, 0x0000000089600000| Complete 
| 151|0x0000000089700000, 0x0000000089800000, 0x0000000089800000|100%| E|CS|TAMS 0x0000000089700000, 0x0000000089700000| Complete 
| 152|0x0000000089800000, 0x0000000089900000, 0x0000000089900000|100%| E|CS|TAMS 0x0000000089800000, 0x0000000089800000| Complete 
| 153|0x0000000089900000, 0x0000000089a00000, 0x0000000089a00000|100%| E|CS|TAMS 0x0000000089900000, 0x0000000089900000| Complete 

Card table byte_map: [0x00000152ed200000,0x00000152ed600000] _byte_map_base: 0x00000152ece00000

Marking Bits (Prev, Next): (CMBitMap*) 0x00000152d5da5688, (CMBitMap*) 0x00000152d5da56c0
 Prev Bits: [0x00000152eda00000, 0x00000152efa00000)
 Next Bits: [0x00000152efa00000, 0x00000152f1a00000)

Polling page: 0x00000152d3c40000

Metaspace:

Usage:
  Non-class:     47.29 MB capacity,    46.16 MB ( 98%) used,   909.97 KB (  2%) free+waste,   246.00 KB ( <1%) overhead. 
      Class:      8.81 MB capacity,     7.43 MB ( 84%) used,     1.22 MB ( 14%) free+waste,   165.88 KB (  2%) overhead. 
       Both:     56.10 MB capacity,    53.59 MB ( 96%) used,     2.11 MB (  4%) free+waste,   411.88 KB ( <1%) overhead. 

Virtual space:
  Non-class space:       48.00 MB reserved,      47.50 MB ( 99%) committed 
      Class space:        1.00 GB reserved,       8.88 MB ( <1%) committed 
             Both:        1.05 GB reserved,      56.38 MB (  5%) committed 

Chunk freelists:
   Non-Class:  3.25 KB
       Class:  128 bytes
        Both:  3.38 KB

CodeHeap 'non-profiled nmethods': size=120064Kb used=1232Kb max_used=1232Kb free=118831Kb
 bounds [0x00000152e5cc0000, 0x00000152e5f30000, 0x00000152ed200000]
CodeHeap 'profiled nmethods': size=120000Kb used=5303Kb max_used=5303Kb free=114696Kb
 bounds [0x00000152de790000, 0x00000152decc0000, 0x00000152e5cc0000]
CodeHeap 'non-nmethods': size=5696Kb used=1243Kb max_used=1258Kb free=4452Kb
 bounds [0x00000152de200000, 0x00000152de470000, 0x00000152de790000]
 total_blobs=3645 nmethods=3055 adapters=501
 compilation: enabled
              stopped_count=0, restarted_count=0
 full_count=0

Compilation events (10 events):
Event: 6.431 Thread 0x00000152f47ac800 nmethod 3025 0x00000152decb3510 code [0x00000152decb37e0, 0x00000152decb4b58]
Event: 6.431 Thread 0x00000152f47ac800 3026       3       sbt.internal.util.complete.CharacterClass::result (5 bytes)
Event: 6.431 Thread 0x00000152f47ac800 nmethod 3026 0x00000152decb5110 code [0x00000152decb52c0, 0x00000152decb5418]
Event: 6.432 Thread 0x00000152f47ac800 3027       3       sbt.internal.util.complete.Repeat::<init> (80 bytes)
Event: 6.432 Thread 0x00000152f47ac800 nmethod 3027 0x00000152decb5510 code [0x00000152decb5740, 0x00000152decb5fc8]
Event: 6.435 Thread 0x00000152f47ac800 3028       3       sbt.internal.util.complete.Parser$::checkRepeated$1 (206 bytes)
Event: 6.437 Thread 0x00000152f47ac800 nmethod 3028 0x00000152decb6290 code [0x00000152decb65c0, 0x00000152decb7dd8]
Event: 6.439 Thread 0x00000152f47ac800 3029       3       sbt.internal.util.complete.ParserMain::derive1$ (7 bytes)
Event: 6.439 Thread 0x00000152f47ac800 nmethod 3029 0x00000152decb8490 code [0x00000152decb8660, 0x00000152decb89d8]
Event: 6.443 Thread 0x00000152f47ac800 3030       3       sbt.internal.util.complete.Parser$$$Lambda$924/0x0000000100746c40::apply (32 bytes)

GC Heap History (10 events):
Event: 0.603 GC heap before
{Heap before GC invocations=0 (full 0):
 garbage-first heap   total 131072K, used 7168K [0x0000000080000000, 0x0000000100000000)
  region size 1024K, 7 young (7168K), 0 survivors (0K)
 Metaspace       used 8877K, capacity 8984K, committed 9216K, reserved 1056768K
  class space    used 963K, capacity 988K, committed 1024K, reserved 1048576K
}
Event: 0.607 GC heap after
{Heap after GC invocations=1 (full 0):
 garbage-first heap   total 131072K, used 1524K [0x0000000080000000, 0x0000000100000000)
  region size 1024K, 1 young (1024K), 1 survivors (1024K)
 Metaspace       used 8877K, capacity 8984K, committed 9216K, reserved 1056768K
  class space    used 963K, capacity 988K, committed 1024K, reserved 1048576K
}
Event: 1.969 GC heap before
{Heap before GC invocations=1 (full 0):
 garbage-first heap   total 131072K, used 53748K [0x0000000080000000, 0x0000000100000000)
  region size 1024K, 54 young (55296K), 1 survivors (1024K)
 Metaspace       used 20394K, capacity 21068K, committed 21248K, reserved 1069056K
  class space    used 2317K, capacity 2533K, committed 2560K, reserved 1048576K
}
Event: 1.981 GC heap after
{Heap after GC invocations=2 (full 0):
 garbage-first heap   total 131072K, used 7006K [0x0000000080000000, 0x0000000100000000)
  region size 1024K, 7 young (7168K), 7 survivors (7168K)
 Metaspace       used 20394K, capacity 21068K, committed 21248K, reserved 1069056K
  class space    used 2317K, capacity 2533K, committed 2560K, reserved 1048576K
}
Event: 2.787 GC heap before
{Heap before GC invocations=3 (full 0):
 garbage-first heap   total 131072K, used 32606K [0x0000000080000000, 0x0000000100000000)
  region size 1024K, 34 young (34816K), 7 survivors (7168K)
 Metaspace       used 27481K, capacity 28294K, committed 28544K, reserved 1075200K
  class space    used 3327K, capacity 3693K, committed 3712K, reserved 1048576K
}
Event: 2.802 GC heap after
{Heap after GC invocations=4 (full 0):
 garbage-first heap   total 131072K, used 7839K [0x0000000080000000, 0x0000000100000000)
  region size 1024K, 2 young (2048K), 2 survivors (2048K)
 Metaspace       used 27481K, capacity 28294K, committed 28544K, reserved 1075200K
  class space    used 3327K, capacity 3693K, committed 3712K, reserved 1048576K
}
Event: 3.678 GC heap before
{Heap before GC invocations=4 (full 0):
 garbage-first heap   total 131072K, used 33439K [0x0000000080000000, 0x0000000100000000)
  region size 1024K, 29 young (29696K), 2 survivors (2048K)
 Metaspace       used 34786K, capacity 35767K, committed 36096K, reserved 1081344K
  class space    used 4257K, capacity 4750K, committed 4864K, reserved 1048576K
}
Event: 3.686 GC heap after
{Heap after GC invocations=5 (full 0):
 garbage-first heap   total 131072K, used 9226K [0x0000000080000000, 0x0000000100000000)
  region size 1024K, 3 young (3072K), 3 survivors (3072K)
 Metaspace       used 34786K, capacity 35767K, committed 36096K, reserved 1081344K
  class space    used 4257K, capacity 4750K, committed 4864K, reserved 1048576K
}
Event: 5.564 GC heap before
{Heap before GC invocations=6 (full 0):
 garbage-first heap   total 131072K, used 63498K [0x0000000080000000, 0x0000000100000000)
  region size 1024K, 56 young (57344K), 3 survivors (3072K)
 Metaspace       used 47754K, capacity 49714K, committed 50048K, reserved 1091584K
  class space    used 6569K, capacity 7719K, committed 7808K, reserved 1048576K
}
Event: 5.590 GC heap after
{Heap after GC invocations=7 (full 0):
 garbage-first heap   total 157696K, used 14188K [0x0000000080000000, 0x0000000100000000)
  region size 1024K, 7 young (7168K), 7 survivors (7168K)
 Metaspace       used 47754K, capacity 49714K, committed 50048K, reserved 1091584K
  class space    used 6569K, capacity 7719K, committed 7808K, reserved 1048576K
}

Deoptimization events (10 events):
Event: 4.567 Thread 0x00000152d5d6b800 Uncommon trap: reason=unstable_if action=reinterpret pc=0x00000152e5cd9f94 method=java.lang.AbstractStringBuilder.append(Ljava/lang/String;)Ljava/lang/AbstractStringBuilder; @ 1 c2
Event: 5.131 Thread 0x00000152d5d6b800 Uncommon trap: reason=unstable_if action=reinterpret pc=0x00000152e5d74ed4 method=jdk.internal.org.objectweb.asm.Type.getType([CI)Ljdk/internal/org/objectweb/asm/Type; @ 3 c2
Event: 5.231 Thread 0x00000152f4e1e000 Uncommon trap: reason=unstable_if action=reinterpret pc=0x00000152e5d8eb98 method=jdk.internal.jrtfs.JrtPath.normalize(Ljava/lang/String;)Ljava/lang/String; @ 78 c2
Event: 5.247 Thread 0x00000152d5d6b800 Uncommon trap: reason=unstable_if action=reinterpret pc=0x00000152e5d33f4c method=jdk.internal.org.objectweb.asm.Item.isEqualTo(Ljdk/internal/org/objectweb/asm/Item;)Z @ 331 c2
Event: 5.548 Thread 0x00000152f4e1e000 Uncommon trap: reason=unstable_if action=reinterpret pc=0x00000152e5d66df8 method=jdk.internal.org.objectweb.asm.Type.getArgumentsAndReturnSizes(Ljava/lang/String;)I @ 136 c2
Event: 5.955 Thread 0x00000152d5d6b800 Uncommon trap: reason=unstable_if action=reinterpret pc=0x00000152e5d3e1b8 method=java.lang.StringLatin1.regionMatchesCI([BI[BII)Z @ 66 c2
Event: 5.955 Thread 0x00000152d5d6b800 Uncommon trap: reason=unstable_if action=reinterpret pc=0x00000152e5d3d4a4 method=java.lang.StringLatin1.regionMatchesCI([BI[BII)Z @ 66 c2
Event: 5.964 Thread 0x00000152d5d6b800 Uncommon trap: reason=unstable_if action=reinterpret pc=0x00000152e5de4d40 method=java.io.BufferedReader.read()I @ 19 c2
Event: 5.965 Thread 0x00000152d5d6b800 Uncommon trap: reason=unstable_if action=reinterpret pc=0x00000152e5de53e8 method=java.io.BufferedReader.read()I @ 19 c2
Event: 6.421 Thread 0x00000152f4e1e000 Uncommon trap: reason=class_check action=maybe_recompile pc=0x00000152e5d3b2d4 method=java.lang.Throwable.<init>(Ljava/lang/String;Ljava/lang/Throwable;)V @ 24 c2

Classes redefined (0 events):
No events

Internal exceptions (10 events):
Event: 5.967 Thread 0x00000152d5d6b800 Exception <a 'java/lang/ClassNotFoundException'{0x00000000895f06f0}: javax/smartcardio/CardPermission> (0x00000000895f06f0) thrown at [./open/src/hotspot/share/classfile/systemDictionary.cpp, line 228]
Event: 5.973 Thread 0x00000152d5d6b800 Exception <a 'java/io/FileNotFoundException'{0x00000000895fead0}> (0x00000000895fead0) thrown at [./open/src/hotspot/share/prims/jni.cpp, line 611]
Event: 5.984 Thread 0x00000152d5d6b800 Exception <a 'java/lang/NoSuchMethodError'{0x00000000892125c8}: java.lang.invoke.DirectMethodHandle$Holder.invokeStatic(Ljava/lang/Object;I)V> (0x00000000892125c8) thrown at [./open/src/hotspot/share/interpreter/linkResolver.cpp, line 772]
Event: 6.023 Thread 0x00000152d5d6b800 Exception <a 'sun/nio/fs/WindowsException'{0x0000000089170c60}> (0x0000000089170c60) thrown at [./open/src/hotspot/share/prims/jni.cpp, line 611]
Event: 6.063 Thread 0x00000152d5d6b800 Exception <a 'java/lang/NoSuchMethodError'{0x0000000088d84e90}: java.lang.invoke.DirectMethodHandle$Holder.invokeStatic(Ljava/lang/Object;Ljava/lang/Object;Ljava/lang/Object;ILjava/lang/Object;Ljava/lang/Object;Ljava/lang/Object;Ljava/lang/Object;)Ljava/l
Event: 6.064 Thread 0x00000152d5d6b800 Exception <a 'java/lang/NoSuchMethodError'{0x0000000088d8eac8}: java.lang.invoke.DirectMethodHandle$Holder.invokeStatic(Ljava/lang/Object;Ljava/lang/Object;Ljava/lang/Object;ILjava/lang/Object;Ljava/lang/Object;Ljava/lang/Object;)Ljava/lang/Object;> (0x00
Event: 6.064 Thread 0x00000152d5d6b800 Exception <a 'java/lang/NoSuchMethodError'{0x0000000088d929d8}: java.lang.invoke.DirectMethodHandle$Holder.invokeSpecial(Ljava/lang/Object;Ljava/lang/Object;Ljava/lang/Object;Ljava/lang/Object;ILjava/lang/Object;Ljava/lang/Object;Ljava/lang/Object;)Ljava/
Event: 6.114 Thread 0x00000152d5d6b800 Exception <a 'java/lang/NoSuchMethodError'{0x0000000088905100}: java.lang.invoke.DirectMethodHandle$Holder.invokeStatic(Ljava/lang/Object;ILjava/lang/Object;Ljava/lang/Object;Ljava/lang/Object;)Ljava/lang/Object;> (0x0000000088905100) thrown at [./open/sr
Event: 6.114 Thread 0x00000152d5d6b800 Exception <a 'java/lang/NoSuchMethodError'{0x00000000889087b8}: java.lang.invoke.DirectMethodHandle$Holder.invokeStaticInit(Ljava/lang/Object;ILjava/lang/Object;Ljava/lang/Object;Ljava/lang/Object;)Ljava/lang/Object;> (0x00000000889087b8) thrown at [./ope
Event: 6.277 Thread 0x00000152d5d6b800 Exception <a 'java/lang/NoSuchMethodError'{0x0000000088223428}: java.lang.invoke.DirectMethodHandle$Holder.invokeStatic(Ljava/lang/Object;Ljava/lang/Object;ILjava/lang/Object;Ljava/lang/Object;Ljava/lang/Object;Ljava/lang/Object;)Ljava/lang/Object;> (0x00

Events (10 events):
Event: 6.440 loading class scala/Function2
Event: 6.440 loading class scala/Function2 done
Event: 6.441 loading class sbt/State
Event: 6.441 loading class sbt/State done
Event: 6.441 loading class scala/Function1
Event: 6.441 loading class scala/Function1 done
Event: 6.442 loading class sbt/State
Event: 6.442 loading class sbt/State done
Event: 6.442 loading class scala/Function2
Event: 6.442 loading class scala/Function2 done


Dynamic libraries:
0x00007ff726d30000 - 0x00007ff726d3f000 	C:\Program Files\Java\jdk-11.0.10\bin\java.exe
0x00007ffb665b0000 - 0x00007ffb667a6000 	C:\WINDOWS\SYSTEM32\ntdll.dll
0x00007ffb66200000 - 0x00007ffb662bd000 	C:\WINDOWS\System32\KERNEL32.DLL
0x00007ffb63e00000 - 0x00007ffb640c9000 	C:\WINDOWS\System32\KERNELBASE.dll
0x00007ffb640d0000 - 0x00007ffb641d0000 	C:\WINDOWS\System32\ucrtbase.dll
0x00007ffb52840000 - 0x00007ffb52858000 	C:\Program Files\Java\jdk-11.0.10\bin\jli.dll
0x00007ffb65f10000 - 0x00007ffb65fbc000 	C:\WINDOWS\System32\ADVAPI32.dll
0x00007ffb64660000 - 0x00007ffb646fe000 	C:\WINDOWS\System32\msvcrt.dll
0x00007ffb65710000 - 0x00007ffb657ac000 	C:\WINDOWS\System32\sechost.dll
0x00007ffb659b0000 - 0x00007ffb65adb000 	C:\WINDOWS\System32\RPCRT4.dll
0x00007ffb65810000 - 0x00007ffb659b0000 	C:\WINDOWS\System32\USER32.dll
0x00007ffb64330000 - 0x00007ffb64352000 	C:\WINDOWS\System32\win32u.dll
0x00007ffb65e00000 - 0x00007ffb65e2a000 	C:\WINDOWS\System32\GDI32.dll
0x00007ffb64220000 - 0x00007ffb6432b000 	C:\WINDOWS\System32\gdi32full.dll
0x00007ffb64410000 - 0x00007ffb644ad000 	C:\WINDOWS\System32\msvcp_win.dll
0x00007ffb53820000 - 0x00007ffb53abb000 	C:\WINDOWS\WinSxS\amd64_microsoft.windows.common-controls_6595b64144ccf1df_6.0.19041.746_none_ca02b4b61b8320a4\COMCTL32.dll
0x00007ffb5d130000 - 0x00007ffb5d13a000 	C:\WINDOWS\SYSTEM32\VERSION.dll
0x00007ffb527d0000 - 0x00007ffb527e5000 	C:\Program Files\Java\jdk-11.0.10\bin\VCRUNTIME140.dll
0x00007ffb64610000 - 0x00007ffb64640000 	C:\WINDOWS\System32\IMM32.DLL
0x00007ffb3cad0000 - 0x00007ffb3cb6b000 	C:\Program Files\Java\jdk-11.0.10\bin\msvcp140.dll
0x00007ffb33a90000 - 0x00007ffb3458b000 	C:\Program Files\Java\jdk-11.0.10\bin\server\jvm.dll
0x00007ffb65290000 - 0x00007ffb65298000 	C:\WINDOWS\System32\PSAPI.DLL
0x00007ffb53c70000 - 0x00007ffb53c79000 	C:\WINDOWS\SYSTEM32\WSOCK32.dll
0x00007ffb66500000 - 0x00007ffb6656b000 	C:\WINDOWS\System32\WS2_32.dll
0x00007ffb5cec0000 - 0x00007ffb5cee7000 	C:\WINDOWS\SYSTEM32\WINMM.dll
0x00007ffb61c60000 - 0x00007ffb61c72000 	C:\WINDOWS\SYSTEM32\kernel.appcore.dll
0x00007ffb56ef0000 - 0x00007ffb56f00000 	C:\Program Files\Java\jdk-11.0.10\bin\verify.dll
0x00007ffb54670000 - 0x00007ffb54854000 	C:\WINDOWS\SYSTEM32\DBGHELP.DLL
0x00007ffb54640000 - 0x00007ffb5466c000 	C:\WINDOWS\SYSTEM32\dbgcore.DLL
0x00007ffb63cf0000 - 0x00007ffb63d70000 	C:\WINDOWS\System32\bcryptPrimitives.dll
0x00007ffb4a530000 - 0x00007ffb4a558000 	C:\Program Files\Java\jdk-11.0.10\bin\java.dll
0x00007ffb54b60000 - 0x00007ffb54b6a000 	C:\Program Files\Java\jdk-11.0.10\bin\jimage.dll
0x00007ffb4a510000 - 0x00007ffb4a526000 	C:\Program Files\Java\jdk-11.0.10\bin\zip.dll
0x00007ffb64700000 - 0x00007ffb64e42000 	C:\WINDOWS\System32\SHELL32.dll
0x00007ffb61e60000 - 0x00007ffb625f0000 	C:\WINDOWS\SYSTEM32\windows.storage.dll
0x00007ffb64f30000 - 0x00007ffb65286000 	C:\WINDOWS\System32\combase.dll
0x00007ffb63750000 - 0x00007ffb6377c000 	C:\WINDOWS\SYSTEM32\Wldp.dll
0x00007ffb660f0000 - 0x00007ffb6619e000 	C:\WINDOWS\System32\SHCORE.dll
0x00007ffb657b0000 - 0x00007ffb65805000 	C:\WINDOWS\System32\shlwapi.dll
0x00007ffb63c20000 - 0x00007ffb63c46000 	C:\WINDOWS\SYSTEM32\profapi.dll
0x00007ffb51c20000 - 0x00007ffb51c39000 	C:\Program Files\Java\jdk-11.0.10\bin\net.dll
0x00007ffb5c5e0000 - 0x00007ffb5c6e0000 	C:\WINDOWS\SYSTEM32\WINHTTP.dll
0x00007ffb634d0000 - 0x00007ffb6353a000 	C:\WINDOWS\system32\mswsock.dll
0x00007ffb50080000 - 0x00007ffb50092000 	C:\Program Files\Java\jdk-11.0.10\bin\nio.dll
0x00007ffb5fcf0000 - 0x00007ffb5fcfa000 	C:\Users\philip\AppData\Local\Temp\jansi-1.18-93fa3188adb8407f81dad04d08abc8192e4e380d.dll
0x00007ffb636b0000 - 0x00007ffb636c8000 	C:\WINDOWS\SYSTEM32\CRYPTSP.dll
0x00007ffb62da0000 - 0x00007ffb62dd4000 	C:\WINDOWS\system32\rsaenh.dll
0x00007ffb63dd0000 - 0x00007ffb63df7000 	C:\WINDOWS\System32\bcrypt.dll
0x00007ffb63ba0000 - 0x00007ffb63bce000 	C:\WINDOWS\SYSTEM32\USERENV.dll
0x00007ffb636a0000 - 0x00007ffb636ac000 	C:\WINDOWS\SYSTEM32\CRYPTBASE.dll
0x00007ffb63170000 - 0x00007ffb631ab000 	C:\WINDOWS\SYSTEM32\IPHLPAPI.DLL
0x00007ffb65f00000 - 0x00007ffb65f08000 	C:\WINDOWS\System32\NSI.dll
0x00007ffb5cef0000 - 0x00007ffb5cf07000 	C:\WINDOWS\SYSTEM32\dhcpcsvc6.DLL
0x00007ffb5cda0000 - 0x00007ffb5cdbd000 	C:\WINDOWS\SYSTEM32\dhcpcsvc.DLL
0x00007ffb631b0000 - 0x00007ffb6327b000 	C:\WINDOWS\SYSTEM32\DNSAPI.dll
0x00007ffb4c4a0000 - 0x00007ffb4c4e1000 	C:\Users\philip\AppData\Local\Temp\jna--989220990\jna17488462700680965081.dll
0x00007ffb52c80000 - 0x00007ffb52c89000 	C:\Program Files\Java\jdk-11.0.10\bin\management.dll
0x00007ffb52830000 - 0x00007ffb5283b000 	C:\Program Files\Java\jdk-11.0.10\bin\management_ext.dll

dbghelp: loaded successfully - version: 4.0.5 - missing functions: none
symbol engine: initialized successfully - sym options: 0x614 - pdb path: .;C:\Program Files\Java\jdk-11.0.10\bin;C:\WINDOWS\SYSTEM32;C:\WINDOWS\WinSxS\amd64_microsoft.windows.common-controls_6595b64144ccf1df_6.0.19041.746_none_ca02b4b61b8320a4;C:\Program Files\Java\jdk-11.0.10\bin\server;C:\Users\philip\AppData\Local\Temp;C:\Users\philip\AppData\Local\Temp\jna--989220990

VM Arguments:
jvm_args: -Djline.terminal=jline.UnsupportedTerminal -Dsbt.log.noformat=true -Dfile.encoding=UTF-8 -Didea.managed=true -Dfile.encoding=UTF-8 
java_command: C:/Users/philip/AppData/Roaming/JetBrains/IdeaIC2020.3/plugins/Scala/launcher/sbt-launch.jar
java_class_path (initial): C:/Users/philip/AppData/Roaming/JetBrains/IdeaIC2020.3/plugins/Scala/launcher/sbt-launch.jar
Launcher Type: SUN_STANDARD

[Global flags]
     intx CICompilerCount                          = 2                                         {product} {ergonomic}
     uint ConcGCThreads                            = 1                                         {product} {ergonomic}
     uint G1ConcRefinementThreads                  = 2                                         {product} {ergonomic}
   size_t G1HeapRegionSize                         = 1048576                                   {product} {ergonomic}
    uintx GCDrainStackTargetSize                   = 64                                        {product} {ergonomic}
   size_t InitialHeapSize                          = 134217728                                 {product} {ergonomic}
   size_t MarkStackSize                            = 4194304                                   {product} {ergonomic}
   size_t MaxHeapSize                              = 2147483648                                {product} {ergonomic}
   size_t MaxNewSize                               = 1287651328                                {product} {ergonomic}
   size_t MinHeapDeltaBytes                        = 1048576                                   {product} {ergonomic}
    uintx NonNMethodCodeHeapSize                   = 5825164                                {pd product} {ergonomic}
    uintx NonProfiledCodeHeapSize                  = 122916538                              {pd product} {ergonomic}
    uintx ProfiledCodeHeapSize                     = 122916538                              {pd product} {ergonomic}
    uintx ReservedCodeCacheSize                    = 251658240                              {pd product} {ergonomic}
     bool SegmentedCodeCache                       = true                                      {product} {ergonomic}
     bool UseCompressedClassPointers               = true                                 {lp64_product} {ergonomic}
     bool UseCompressedOops                        = true                                 {lp64_product} {ergonomic}
     bool UseG1GC                                  = true                                      {product} {ergonomic}
     bool UseLargePagesIndividualAllocation        = false                                  {pd product} {ergonomic}

Logging:
Log output configuration:
 #0: stdout all=warning uptime,level,tags
 #1: stderr all=off uptime,level,tags

Environment Variables:
PATH=C:\Program Files\Common Files\Oracle\Java\javapath;C:\WINDOWS\system32;C:\WINDOWS;C:\WINDOWS\System32\Wbem;C:\WINDOWS\System32\WindowsPowerShell\v1.0\;C:\WINDOWS\System32\OpenSSH\;C:\ProgramData\chocolatey\bin;C:\Program Files\Java\jdk1.8.0_201\bin;C:\Program Files\PuTTY\;C:\Program Files (x86)\sbt\bin;C:\Program Files (x86)\scala\bin;C:\scala3\bin;C:\Program Files\7-Zip;C:\Users\philip\AppData\Local\Programs\Python\Python37-32\Scripts\;C:\Users\philip\AppData\Local\Programs\Python\Python37-32\;C:\Users\philip\.cargo\bin;C:\Users\philip\AppData\Local\Microsoft\WindowsApps;C:\Program Files (x86)\Inno Setup 5;C:\DEV\apache-maven-3.6.0\bin;C:\NetBeans 8.2\extide\ant\bin;C:\DEV\Microsoft VS Code\bin;C:\Users\philip\AppData\Roaming\cabal\bin;C:\ProgramData\chocolatey\lib\ghc\tools\ghc-8.10.4\bin;C:\tools\msys64;C:\Users\philip\AppData\Local\Coursier\data\bin;C:\Users\philip\AppData\Local\Coursier\data\bin;C:\Program Files\7-Zip;;C:\Program Files\JetBrains\IntelliJ IDEA Community Edition 2020.3.2\bin;
USERNAME=philip
OS=Windows_NT
PROCESSOR_IDENTIFIER=Intel64 Family 6 Model 23 Stepping 10, GenuineIntel



---------------  S Y S T E M  ---------------

OS: Windows 10 , 64 bit Build 19041 (10.0.19041.804)

CPU:total 2 (initial active 2) (2 cores per cpu, 1 threads per core) family 6 model 23 stepping 10 microcode 0xa0c, cmov, cx8, fxsr, mmx, sse, sse2, sse3, ssse3, tsc

Memory: 4k page, system-wide physical 8191M (940M free)
TotalPageFile size 8191M (AvailPageFile size 5M)
current process WorkingSet (physical memory assigned to process): 223M, peak: 223M
current process commit charge ("private bytes"): 312M, peak: 312M

vm_info: Java HotSpot(TM) 64-Bit Server VM (11.0.10+8-LTS-162) for windows-amd64 JRE (11.0.10+8-LTS-162), built on Dec  8 2020 16:32:57 by "mach5one" with MS VC++ 15.9 (VS2017)

END.
