#
# There is insufficient memory for the Java Runtime Environment to continue.
# Native memory allocation (malloc) failed to allocate 1048576 bytes for AllocateHeap
# Possible reasons:
#   The system is out of physical RAM or swap space
#   The process is running with CompressedOops enabled, and the Java Heap may be blocking the growth of the native heap
# Possible solutions:
#   Reduce memory load on the system
#   Increase physical memory or swap space
#   Check if swap backing store is full
#   Decrease Java heap size (-Xmx/-Xms)
#   Decrease number of Java threads
#   Decrease Java thread stack sizes (-Xss)
#   Set larger code cache with -XX:ReservedCodeCacheSize=
#   JVM is running with Unscaled Compressed Oops mode in which the Java heap is
#     placed in the first 4GB address space. The Java Heap base address is the
#     maximum limit for the native heap growth. Please use -XX:HeapBaseMinAddress
#     to set the Java Heap base and to place the Java Heap above 4GB virtual address.
# This output file may be truncated or incomplete.
#
#  Out of Memory Error (./open/src/hotspot/share/memory/allocation.cpp:46), pid=11060, tid=12132
#
# JRE version: Java(TM) SE Runtime Environment 18.9 (11.0.10+8) (build 11.0.10+8-LTS-162)
# Java VM: Java HotSpot(TM) 64-Bit Server VM 18.9 (11.0.10+8-LTS-162, mixed mode, tiered, compressed oops, g1 gc, windows-amd64)
# No core dump will be written. Minidumps are not enabled by default on client versions of Windows
#

---------------  S U M M A R Y ------------

Command Line: -Djline.terminal=jline.UnsupportedTerminal -Dsbt.log.noformat=true -Dfile.encoding=UTF-8 -Didea.managed=true -Dfile.encoding=UTF-8 C:/Users/philip/AppData/Roaming/JetBrains/IdeaIC2020.3/plugins/Scala/launcher/sbt-launch.jar

Host: Pentium(R) Dual-Core  CPU      E6600  @ 3.06GHz, 2 cores, 7G,  Windows 10 , 64 bit Build 19041 (10.0.19041.804)
Time: Thu Mar 11 22:06:01 2021 GTB Standard Time elapsed time: 26.313216 seconds (0d 0h 0m 26s)

---------------  T H R E A D  ---------------

Current thread (0x00000298f9887800):  VMThread "VM Thread" [stack: 0x000000dfaf600000,0x000000dfaf700000] [id=12132]

Stack: [0x000000dfaf600000,0x000000dfaf700000]
[error occurred during error reporting (printing stack bounds), id 0xc0000005, EXCEPTION_ACCESS_VIOLATION (0xc0000005) at pc=0x0000029880000f3d]

Native frames: (J=compiled Java code, j=interpreted, Vv=VM code, C=native code)
V  [jvm.dll+0x613e6a]
V  [jvm.dll+0x74c1ff]
V  [jvm.dll+0x74d885]
V  [jvm.dll+0x74de65]
V  [jvm.dll+0x74de1b]
V  [jvm.dll+0x6136a3]
V  [jvm.dll+0x613a68]
C  [ntdll.dll+0xa197f]
C  [ntdll.dll+0x4b754]
C  [ntdll.dll+0xa04ae]
C  0x0000029880000f3d

VM_Operation (0x000000dfafcfe060): CollectForMetadataAllocation, mode: safepoint, requested by thread 0x00000298fa2a7800


---------------  P R O C E S S  ---------------

Threads class SMR info:
_java_thread_list=0x00000298fa2e7b50, length=18, elements={
0x00000298e9fd6800, 0x00000298f989d000, 0x00000298f989f000, 0x00000298f98eb800,
0x00000298f98ed800, 0x00000298fa240800, 0x00000298fa2a7800, 0x00000298fa2ab000,
0x00000298fa39e000, 0x00000298fa3ab800, 0x00000298fae38000, 0x00000298fae26800,
0x00000298fe047000, 0x00000298fbcea800, 0x00000298fc7ae800, 0x00000298fe1b4800,
0x0000029890f1a800, 0x00000298fc212800
}

Java Threads: ( => current thread )
  0x00000298e9fd6800 JavaThread "main" [_thread_blocked, id=10260, stack(0x000000dfaf000000,0x000000dfaf100000)]
  0x00000298f989d000 JavaThread "Reference Handler" daemon [_thread_blocked, id=2744, stack(0x000000dfaf700000,0x000000dfaf800000)]
  0x00000298f989f000 JavaThread "Finalizer" daemon [_thread_blocked, id=11024, stack(0x000000dfaf800000,0x000000dfaf900000)]
  0x00000298f98eb800 JavaThread "Signal Dispatcher" daemon [_thread_blocked, id=3056, stack(0x000000dfaf900000,0x000000dfafa00000)]
  0x00000298f98ed800 JavaThread "Attach Listener" daemon [_thread_blocked, id=8872, stack(0x000000dfafa00000,0x000000dfafb00000)]
  0x00000298fa240800 JavaThread "C2 CompilerThread0" daemon [_thread_blocked, id=5260, stack(0x000000dfafb00000,0x000000dfafc00000)]
  0x00000298fa2a7800 JavaThread "C1 CompilerThread0" daemon [_thread_blocked, id=2644, stack(0x000000dfafc00000,0x000000dfafd00000)]
  0x00000298fa2ab000 JavaThread "Sweeper thread" daemon [_thread_blocked, id=10304, stack(0x000000dfafd00000,0x000000dfafe00000)]
  0x00000298fa39e000 JavaThread "Service Thread" daemon [_thread_blocked, id=5360, stack(0x000000dfafe00000,0x000000dfaff00000)]
  0x00000298fa3ab800 JavaThread "Common-Cleaner" daemon [_thread_blocked, id=12032, stack(0x000000dfb0000000,0x000000dfb0100000)]
  0x00000298fae38000 JavaThread "pool-1-thread-1" [_thread_blocked, id=9320, stack(0x000000dfb0200000,0x000000dfb0300000)]
  0x00000298fae26800 JavaThread "boot-server-socket-thread-1" [_thread_in_native, id=7520, stack(0x000000dfb0400000,0x000000dfb0500000)]
  0x00000298fe047000 JavaThread "classloader-cache-cleanup-0" daemon [_thread_blocked, id=11516, stack(0x000000dfb0500000,0x000000dfb0600000)]
  0x00000298fbcea800 JavaThread "sbt-command-exchange-fastTrack" daemon [_thread_blocked, id=8440, stack(0x000000dfb0600000,0x000000dfb0700000)]
  0x00000298fc7ae800 JavaThread "scala-execution-context-global-19" daemon [_thread_blocked, id=9384, stack(0x000000dfb0300000,0x000000dfb0400000)]
  0x00000298fe1b4800 JavaThread "scala-execution-context-global-20" daemon [_thread_blocked, id=8680, stack(0x000000dfb0700000,0x000000dfb0800000)]
  0x0000029890f1a800 JavaThread "sbt-task-progress-report-thread" [_thread_blocked, id=632, stack(0x000000dfb0800000,0x000000dfb0900000)]
  0x00000298fc212800 JavaThread "sbt-progress-report-scheduler" [_thread_blocked, id=7688, stack(0x000000dfb0b00000,0x000000dfb0c00000)]

Other Threads:
=>0x00000298f9887800 VMThread "VM Thread" [stack: 0x000000dfaf600000,0x000000dfaf700000] [id=12132]
  0x00000298fa3a6800 WatcherThread [stack: 0x000000dfaff00000,0x000000dfb0000000] [id=2400]
  0x00000298e9fea800 GCTaskThread "GC Thread#0" [stack: 0x000000dfaf100000,0x000000dfaf200000] [id=9576]
  0x00000298fa611800 GCTaskThread "GC Thread#1" [stack: 0x000000dfb0100000,0x000000dfb0200000] [id=11280]
  0x00000298ea01c000 ConcurrentGCThread "G1 Main Marker" [stack: 0x000000dfaf200000,0x000000dfaf300000] [id=652]
  0x00000298ea01d000 ConcurrentGCThread "G1 Conc#0" [stack: 0x000000dfaf300000,0x000000dfaf400000] [id=7848]
  0x00000298ea0a5000 ConcurrentGCThread "G1 Refine#0" [stack: 0x000000dfaf400000,0x000000dfaf500000] [id=7124]
  0x00000298ea0a6000 ConcurrentGCThread "G1 Young RemSet Sampling" [stack: 0x000000dfaf500000,0x000000dfaf600000] [id=11800]

Threads with active compile tasks:
C2 CompilerThread0  26331 8339       4       scala.collection.immutable.List::map (116 bytes)
C1 CompilerThread0  26331 8355       3       scala.collection.generic.GenericTraversableTemplate$$Lambda$3321/0x000000010105a040::apply (17 bytes)

VM state:at safepoint (normal execution)

VM Mutex/Monitor currently owned by a thread:  ([mutex/lock_event])
[0x00000298e9fd2c00] Threads_lock - owner thread: 0x00000298f9887800
[0x00000298e9fd17c0] Heap_lock - owner thread: 0x00000298fa2a7800
[0x00000298e9fd29c0] MethodData_lock - owner thread: 0x00000298fa2a7800

Heap address: 0x0000000080000000, size: 2048 MB, Compressed Oops mode: 32-bit
Narrow klass base: 0x0000000000000000, Narrow klass shift: 3
Compressed class space size: 1073741824 Address: 0x0000000100000000

Heap:
 garbage-first heap   total 157696K, used 48927K [0x0000000080000000, 0x0000000100000000)
  region size 1024K, 12 young (12288K), 12 survivors (12288K)
 Metaspace       used 89242K, capacity 95225K, committed 95324K, reserved 1136640K
  class space    used 13480K, capacity 16751K, committed 16848K, reserved 1048576K
Heap Regions: E=young(eden), S=young(survivor), O=old, HS=humongous(starts), HC=humongous(continues), CS=collection set, F=free, A=archive, TAMS=top-at-mark-start (previous, next)
|   0|0x0000000080000000, 0x0000000080100000, 0x0000000080100000|100%| O|  |TAMS 0x0000000080100000, 0x0000000080100000| Untracked 
|   1|0x0000000080100000, 0x0000000080200000, 0x0000000080200000|100%| O|  |TAMS 0x0000000080200000, 0x0000000080200000| Untracked 
|   2|0x0000000080200000, 0x0000000080300000, 0x0000000080300000|100%| O|  |TAMS 0x0000000080300000, 0x0000000080300000| Untracked 
|   3|0x0000000080300000, 0x0000000080400000, 0x0000000080400000|100%| O|  |TAMS 0x0000000080400000, 0x0000000080400000| Untracked 
|   4|0x0000000080400000, 0x0000000080500000, 0x0000000080500000|100%| O|  |TAMS 0x0000000080500000, 0x0000000080500000| Untracked 
|   5|0x0000000080500000, 0x0000000080600000, 0x0000000080600000|100%| O|  |TAMS 0x0000000080600000, 0x0000000080600000| Untracked 
|   6|0x0000000080600000, 0x0000000080700000, 0x0000000080700000|100%| O|  |TAMS 0x0000000080700000, 0x0000000080700000| Untracked 
|   7|0x0000000080700000, 0x0000000080800000, 0x0000000080800000|100%| O|  |TAMS 0x0000000080800000, 0x0000000080800000| Untracked 
|   8|0x0000000080800000, 0x0000000080900000, 0x0000000080900000|100%| O|  |TAMS 0x0000000080900000, 0x0000000080900000| Untracked 
|   9|0x0000000080900000, 0x0000000080a00000, 0x0000000080a00000|100%| O|  |TAMS 0x0000000080a00000, 0x0000000080a00000| Untracked 
|  10|0x0000000080a00000, 0x0000000080b00000, 0x0000000080b00000|100%| O|  |TAMS 0x0000000080b00000, 0x0000000080b00000| Untracked 
|  11|0x0000000080b00000, 0x0000000080c00000, 0x0000000080c00000|100%| O|  |TAMS 0x0000000080c00000, 0x0000000080c00000| Untracked 
|  12|0x0000000080c00000, 0x0000000080d00000, 0x0000000080d00000|100%| O|  |TAMS 0x0000000080d00000, 0x0000000080d00000| Untracked 
|  13|0x0000000080d00000, 0x0000000080e00000, 0x0000000080e00000|100%| O|  |TAMS 0x0000000080e00000, 0x0000000080e00000| Untracked 
|  14|0x0000000080e00000, 0x0000000080f00000, 0x0000000080f00000|100%| O|  |TAMS 0x0000000080f00000, 0x0000000080f00000| Untracked 
|  15|0x0000000080f00000, 0x0000000081000000, 0x0000000081000000|100%| O|  |TAMS 0x0000000081000000, 0x0000000081000000| Untracked 
|  16|0x0000000081000000, 0x0000000081100000, 0x0000000081100000|100%| O|  |TAMS 0x0000000081100000, 0x0000000081100000| Untracked 
|  17|0x0000000081100000, 0x0000000081200000, 0x0000000081200000|100%| O|  |TAMS 0x0000000081200000, 0x0000000081200000| Untracked 
|  18|0x0000000081200000, 0x0000000081300000, 0x0000000081300000|100%| O|  |TAMS 0x0000000081300000, 0x0000000081300000| Untracked 
|  19|0x0000000081300000, 0x0000000081400000, 0x0000000081400000|100%| O|  |TAMS 0x0000000081400000, 0x0000000081400000| Untracked 
|  20|0x0000000081400000, 0x0000000081500000, 0x0000000081500000|100%| O|  |TAMS 0x0000000081500000, 0x0000000081500000| Untracked 
|  21|0x0000000081500000, 0x0000000081600000, 0x0000000081600000|100%| O|  |TAMS 0x000000008151ba00, 0x0000000081600000| Untracked 
|  22|0x0000000081600000, 0x0000000081700000, 0x0000000081700000|100%|HS|  |TAMS 0x0000000081600000, 0x0000000081700000| Complete 
|  23|0x0000000081700000, 0x0000000081800000, 0x0000000081800000|100%| O|  |TAMS 0x0000000081700000, 0x0000000081800000| Untracked 
|  24|0x0000000081800000, 0x0000000081900000, 0x0000000081900000|100%| O|  |TAMS 0x0000000081800000, 0x0000000081900000| Untracked 
|  25|0x0000000081900000, 0x0000000081a00000, 0x0000000081a00000|100%| O|  |TAMS 0x0000000081900000, 0x0000000081a00000| Untracked 
|  26|0x0000000081a00000, 0x0000000081b00000, 0x0000000081b00000|100%| O|  |TAMS 0x0000000081a00000, 0x0000000081b00000| Untracked 
|  27|0x0000000081b00000, 0x0000000081c00000, 0x0000000081c00000|100%| O|  |TAMS 0x0000000081b00000, 0x0000000081c00000| Untracked 
|  28|0x0000000081c00000, 0x0000000081d00000, 0x0000000081d00000|100%| O|  |TAMS 0x0000000081c00000, 0x0000000081d00000| Untracked 
|  29|0x0000000081d00000, 0x0000000081e00000, 0x0000000081e00000|100%| O|  |TAMS 0x0000000081d00000, 0x0000000081e00000| Untracked 
|  30|0x0000000081e00000, 0x0000000081f00000, 0x0000000081f00000|100%| O|  |TAMS 0x0000000081e00000, 0x0000000081f00000| Untracked 
|  31|0x0000000081f00000, 0x0000000082000000, 0x0000000082000000|100%| O|  |TAMS 0x0000000081f00000, 0x0000000082000000| Untracked 
|  32|0x0000000082000000, 0x0000000082100000, 0x0000000082100000|100%| O|  |TAMS 0x0000000082000000, 0x0000000082100000| Untracked 
|  33|0x0000000082100000, 0x0000000082200000, 0x0000000082200000|100%| O|  |TAMS 0x0000000082100000, 0x0000000082200000| Untracked 
|  34|0x0000000082200000, 0x0000000082300000, 0x0000000082300000|100%| O|  |TAMS 0x0000000082200000, 0x0000000082300000| Untracked 
|  35|0x0000000082300000, 0x00000000823c7e00, 0x0000000082400000| 78%| O|  |TAMS 0x0000000082300000, 0x00000000823c7e00| Untracked 
|  36|0x0000000082400000, 0x0000000082400000, 0x0000000082500000|  0%| F|  |TAMS 0x0000000082400000, 0x0000000082400000| Untracked 
|  37|0x0000000082500000, 0x0000000082500000, 0x0000000082600000|  0%| F|  |TAMS 0x0000000082500000, 0x0000000082500000| Untracked 
|  38|0x0000000082600000, 0x0000000082600000, 0x0000000082700000|  0%| F|  |TAMS 0x0000000082600000, 0x0000000082600000| Untracked 
|  39|0x0000000082700000, 0x0000000082700000, 0x0000000082800000|  0%| F|  |TAMS 0x0000000082700000, 0x0000000082700000| Untracked 
|  40|0x0000000082800000, 0x0000000082800000, 0x0000000082900000|  0%| F|  |TAMS 0x0000000082800000, 0x0000000082800000| Untracked 
|  41|0x0000000082900000, 0x0000000082900000, 0x0000000082a00000|  0%| F|  |TAMS 0x0000000082900000, 0x0000000082900000| Untracked 
|  42|0x0000000082a00000, 0x0000000082a00000, 0x0000000082b00000|  0%| F|  |TAMS 0x0000000082a00000, 0x0000000082a00000| Untracked 
|  43|0x0000000082b00000, 0x0000000082b00000, 0x0000000082c00000|  0%| F|  |TAMS 0x0000000082b00000, 0x0000000082b00000| Untracked 
|  44|0x0000000082c00000, 0x0000000082c00000, 0x0000000082d00000|  0%| F|  |TAMS 0x0000000082c00000, 0x0000000082c00000| Untracked 
|  45|0x0000000082d00000, 0x0000000082d00000, 0x0000000082e00000|  0%| F|  |TAMS 0x0000000082d00000, 0x0000000082d00000| Untracked 
|  46|0x0000000082e00000, 0x0000000082e00000, 0x0000000082f00000|  0%| F|  |TAMS 0x0000000082e00000, 0x0000000082e00000| Untracked 
|  47|0x0000000082f00000, 0x0000000082f00000, 0x0000000083000000|  0%| F|  |TAMS 0x0000000082f00000, 0x0000000082f00000| Untracked 
|  48|0x0000000083000000, 0x0000000083000000, 0x0000000083100000|  0%| F|  |TAMS 0x0000000083000000, 0x0000000083000000| Untracked 
|  49|0x0000000083100000, 0x0000000083100000, 0x0000000083200000|  0%| F|  |TAMS 0x0000000083100000, 0x0000000083100000| Untracked 
|  50|0x0000000083200000, 0x0000000083200000, 0x0000000083300000|  0%| F|  |TAMS 0x0000000083200000, 0x0000000083200000| Untracked 
|  51|0x0000000083300000, 0x0000000083300000, 0x0000000083400000|  0%| F|  |TAMS 0x0000000083300000, 0x0000000083300000| Untracked 
|  52|0x0000000083400000, 0x0000000083400000, 0x0000000083500000|  0%| F|  |TAMS 0x0000000083400000, 0x0000000083400000| Untracked 
|  53|0x0000000083500000, 0x0000000083500000, 0x0000000083600000|  0%| F|  |TAMS 0x0000000083500000, 0x0000000083500000| Untracked 
|  54|0x0000000083600000, 0x0000000083600000, 0x0000000083700000|  0%| F|  |TAMS 0x0000000083600000, 0x0000000083600000| Untracked 
|  55|0x0000000083700000, 0x0000000083700000, 0x0000000083800000|  0%| F|  |TAMS 0x0000000083700000, 0x0000000083700000| Untracked 
|  56|0x0000000083800000, 0x0000000083800000, 0x0000000083900000|  0%| F|  |TAMS 0x0000000083800000, 0x0000000083800000| Untracked 
|  57|0x0000000083900000, 0x0000000083900000, 0x0000000083a00000|  0%| F|  |TAMS 0x0000000083900000, 0x0000000083900000| Untracked 
|  58|0x0000000083a00000, 0x0000000083a00000, 0x0000000083b00000|  0%| F|  |TAMS 0x0000000083a00000, 0x0000000083a00000| Untracked 
|  59|0x0000000083b00000, 0x0000000083b00000, 0x0000000083c00000|  0%| F|  |TAMS 0x0000000083b00000, 0x0000000083b00000| Untracked 
|  60|0x0000000083c00000, 0x0000000083c00000, 0x0000000083d00000|  0%| F|  |TAMS 0x0000000083c00000, 0x0000000083c00000| Untracked 
|  61|0x0000000083d00000, 0x0000000083d00000, 0x0000000083e00000|  0%| F|  |TAMS 0x0000000083d00000, 0x0000000083d00000| Untracked 
|  62|0x0000000083e00000, 0x0000000083e00000, 0x0000000083f00000|  0%| F|  |TAMS 0x0000000083e00000, 0x0000000083e00000| Untracked 
|  63|0x0000000083f00000, 0x0000000083f00000, 0x0000000084000000|  0%| F|  |TAMS 0x0000000083f00000, 0x0000000083f00000| Untracked 
|  64|0x0000000084000000, 0x0000000084000000, 0x0000000084100000|  0%| F|  |TAMS 0x0000000084000000, 0x0000000084000000| Untracked 
|  65|0x0000000084100000, 0x0000000084100000, 0x0000000084200000|  0%| F|  |TAMS 0x0000000084100000, 0x0000000084100000| Untracked 
|  66|0x0000000084200000, 0x0000000084200000, 0x0000000084300000|  0%| F|  |TAMS 0x0000000084200000, 0x0000000084200000| Untracked 
|  67|0x0000000084300000, 0x0000000084300000, 0x0000000084400000|  0%| F|  |TAMS 0x0000000084300000, 0x0000000084300000| Untracked 
|  68|0x0000000084400000, 0x0000000084400000, 0x0000000084500000|  0%| F|  |TAMS 0x0000000084400000, 0x0000000084400000| Untracked 
|  69|0x0000000084500000, 0x0000000084500000, 0x0000000084600000|  0%| F|  |TAMS 0x0000000084500000, 0x0000000084500000| Untracked 
|  70|0x0000000084600000, 0x0000000084600000, 0x0000000084700000|  0%| F|  |TAMS 0x0000000084600000, 0x0000000084600000| Untracked 
|  71|0x0000000084700000, 0x0000000084700000, 0x0000000084800000|  0%| F|  |TAMS 0x0000000084700000, 0x0000000084700000| Untracked 
|  72|0x0000000084800000, 0x0000000084800000, 0x0000000084900000|  0%| F|  |TAMS 0x0000000084800000, 0x0000000084800000| Untracked 
|  73|0x0000000084900000, 0x0000000084900000, 0x0000000084a00000|  0%| F|  |TAMS 0x0000000084900000, 0x0000000084900000| Untracked 
|  74|0x0000000084a00000, 0x0000000084a00000, 0x0000000084b00000|  0%| F|  |TAMS 0x0000000084a00000, 0x0000000084a00000| Untracked 
|  75|0x0000000084b00000, 0x0000000084b00000, 0x0000000084c00000|  0%| F|  |TAMS 0x0000000084b00000, 0x0000000084b00000| Untracked 
|  76|0x0000000084c00000, 0x0000000084c00000, 0x0000000084d00000|  0%| F|  |TAMS 0x0000000084c00000, 0x0000000084c00000| Untracked 
|  77|0x0000000084d00000, 0x0000000084d00000, 0x0000000084e00000|  0%| F|  |TAMS 0x0000000084d00000, 0x0000000084d00000| Untracked 
|  78|0x0000000084e00000, 0x0000000084e00000, 0x0000000084f00000|  0%| F|  |TAMS 0x0000000084e00000, 0x0000000084e00000| Untracked 
|  79|0x0000000084f00000, 0x0000000084f00000, 0x0000000085000000|  0%| F|  |TAMS 0x0000000084f00000, 0x0000000084f00000| Untracked 
|  80|0x0000000085000000, 0x0000000085000000, 0x0000000085100000|  0%| F|  |TAMS 0x0000000085000000, 0x0000000085000000| Untracked 
|  81|0x0000000085100000, 0x0000000085100000, 0x0000000085200000|  0%| F|  |TAMS 0x0000000085100000, 0x0000000085100000| Untracked 
|  82|0x0000000085200000, 0x0000000085200000, 0x0000000085300000|  0%| F|  |TAMS 0x0000000085200000, 0x0000000085200000| Untracked 
|  83|0x0000000085300000, 0x0000000085300000, 0x0000000085400000|  0%| F|  |TAMS 0x0000000085300000, 0x0000000085300000| Untracked 
|  84|0x0000000085400000, 0x0000000085400000, 0x0000000085500000|  0%| F|  |TAMS 0x0000000085400000, 0x0000000085400000| Untracked 
|  85|0x0000000085500000, 0x0000000085500000, 0x0000000085600000|  0%| F|  |TAMS 0x0000000085500000, 0x0000000085500000| Untracked 
|  86|0x0000000085600000, 0x0000000085700000, 0x0000000085700000|100%| S|CS|TAMS 0x0000000085600000, 0x0000000085600000| Complete 
|  87|0x0000000085700000, 0x0000000085800000, 0x0000000085800000|100%| S|CS|TAMS 0x0000000085700000, 0x0000000085700000| Complete 
|  88|0x0000000085800000, 0x0000000085900000, 0x0000000085900000|100%| S|CS|TAMS 0x0000000085800000, 0x0000000085800000| Complete 
|  89|0x0000000085900000, 0x0000000085a00000, 0x0000000085a00000|100%| S|CS|TAMS 0x0000000085900000, 0x0000000085900000| Complete 
|  90|0x0000000085a00000, 0x0000000085b00000, 0x0000000085b00000|100%| S|CS|TAMS 0x0000000085a00000, 0x0000000085a00000| Complete 
|  91|0x0000000085b00000, 0x0000000085c00000, 0x0000000085c00000|100%| S|CS|TAMS 0x0000000085b00000, 0x0000000085b00000| Complete 
|  92|0x0000000085c00000, 0x0000000085d00000, 0x0000000085d00000|100%| S|CS|TAMS 0x0000000085c00000, 0x0000000085c00000| Complete 
|  93|0x0000000085d00000, 0x0000000085e00000, 0x0000000085e00000|100%| S|CS|TAMS 0x0000000085d00000, 0x0000000085d00000| Complete 
|  94|0x0000000085e00000, 0x0000000085f00000, 0x0000000085f00000|100%| S|CS|TAMS 0x0000000085e00000, 0x0000000085e00000| Complete 
|  95|0x0000000085f00000, 0x0000000086000000, 0x0000000086000000|100%| S|CS|TAMS 0x0000000085f00000, 0x0000000085f00000| Complete 
|  96|0x0000000086000000, 0x0000000086100000, 0x0000000086100000|100%| S|CS|TAMS 0x0000000086000000, 0x0000000086000000| Complete 
|  97|0x0000000086100000, 0x0000000086200000, 0x0000000086200000|100%| S|CS|TAMS 0x0000000086100000, 0x0000000086100000| Complete 
|  98|0x0000000086200000, 0x0000000086200000, 0x0000000086300000|  0%| F|  |TAMS 0x0000000086200000, 0x0000000086200000| Untracked 
|  99|0x0000000086300000, 0x0000000086300000, 0x0000000086400000|  0%| F|  |TAMS 0x0000000086300000, 0x0000000086300000| Untracked 
| 100|0x0000000086400000, 0x0000000086400000, 0x0000000086500000|  0%| F|  |TAMS 0x0000000086400000, 0x0000000086400000| Untracked 
| 101|0x0000000086500000, 0x0000000086500000, 0x0000000086600000|  0%| F|  |TAMS 0x0000000086500000, 0x0000000086500000| Untracked 
| 102|0x0000000086600000, 0x0000000086600000, 0x0000000086700000|  0%| F|  |TAMS 0x0000000086600000, 0x0000000086600000| Untracked 
| 103|0x0000000086700000, 0x0000000086700000, 0x0000000086800000|  0%| F|  |TAMS 0x0000000086700000, 0x0000000086700000| Untracked 
| 104|0x0000000086800000, 0x0000000086800000, 0x0000000086900000|  0%| F|  |TAMS 0x0000000086800000, 0x0000000086800000| Untracked 
| 105|0x0000000086900000, 0x0000000086900000, 0x0000000086a00000|  0%| F|  |TAMS 0x0000000086900000, 0x0000000086900000| Untracked 
| 106|0x0000000086a00000, 0x0000000086a00000, 0x0000000086b00000|  0%| F|  |TAMS 0x0000000086a00000, 0x0000000086a00000| Untracked 
| 107|0x0000000086b00000, 0x0000000086b00000, 0x0000000086c00000|  0%| F|  |TAMS 0x0000000086b00000, 0x0000000086b00000| Untracked 
| 108|0x0000000086c00000, 0x0000000086c00000, 0x0000000086d00000|  0%| F|  |TAMS 0x0000000086c00000, 0x0000000086c00000| Untracked 
| 109|0x0000000086d00000, 0x0000000086d00000, 0x0000000086e00000|  0%| F|  |TAMS 0x0000000086d00000, 0x0000000086d00000| Untracked 
| 110|0x0000000086e00000, 0x0000000086e00000, 0x0000000086f00000|  0%| F|  |TAMS 0x0000000086e00000, 0x0000000086e00000| Untracked 
| 111|0x0000000086f00000, 0x0000000086f00000, 0x0000000087000000|  0%| F|  |TAMS 0x0000000086f00000, 0x0000000086f00000| Untracked 
| 112|0x0000000087000000, 0x0000000087000000, 0x0000000087100000|  0%| F|  |TAMS 0x0000000087000000, 0x0000000087000000| Untracked 
| 113|0x0000000087100000, 0x0000000087100000, 0x0000000087200000|  0%| F|  |TAMS 0x0000000087100000, 0x0000000087100000| Untracked 
| 114|0x0000000087200000, 0x0000000087200000, 0x0000000087300000|  0%| F|  |TAMS 0x0000000087200000, 0x0000000087200000| Untracked 
| 115|0x0000000087300000, 0x0000000087300000, 0x0000000087400000|  0%| F|  |TAMS 0x0000000087300000, 0x0000000087300000| Untracked 
| 116|0x0000000087400000, 0x0000000087400000, 0x0000000087500000|  0%| F|  |TAMS 0x0000000087400000, 0x0000000087400000| Untracked 
| 117|0x0000000087500000, 0x0000000087500000, 0x0000000087600000|  0%| F|  |TAMS 0x0000000087500000, 0x0000000087500000| Untracked 
| 118|0x0000000087600000, 0x0000000087600000, 0x0000000087700000|  0%| F|  |TAMS 0x0000000087600000, 0x0000000087600000| Untracked 
| 119|0x0000000087700000, 0x0000000087700000, 0x0000000087800000|  0%| F|  |TAMS 0x0000000087700000, 0x0000000087700000| Untracked 
| 120|0x0000000087800000, 0x0000000087800000, 0x0000000087900000|  0%| F|  |TAMS 0x0000000087800000, 0x0000000087800000| Untracked 
| 121|0x0000000087900000, 0x0000000087900000, 0x0000000087a00000|  0%| F|  |TAMS 0x0000000087900000, 0x0000000087900000| Untracked 
| 122|0x0000000087a00000, 0x0000000087a00000, 0x0000000087b00000|  0%| F|  |TAMS 0x0000000087a00000, 0x0000000087a00000| Untracked 
| 123|0x0000000087b00000, 0x0000000087b00000, 0x0000000087c00000|  0%| F|  |TAMS 0x0000000087b00000, 0x0000000087b00000| Untracked 
| 124|0x0000000087c00000, 0x0000000087c00000, 0x0000000087d00000|  0%| F|  |TAMS 0x0000000087c00000, 0x0000000087c00000| Untracked 
| 125|0x0000000087d00000, 0x0000000087d00000, 0x0000000087e00000|  0%| F|  |TAMS 0x0000000087d00000, 0x0000000087d00000| Untracked 
| 126|0x0000000087e00000, 0x0000000087e00000, 0x0000000087f00000|  0%| F|  |TAMS 0x0000000087e00000, 0x0000000087e00000| Untracked 
| 127|0x0000000087f00000, 0x0000000087f00000, 0x0000000088000000|  0%| F|  |TAMS 0x0000000087f00000, 0x0000000087f00000| Untracked 
| 128|0x0000000088000000, 0x0000000088000000, 0x0000000088100000|  0%| F|  |TAMS 0x0000000088000000, 0x0000000088000000| Untracked 
| 129|0x0000000088100000, 0x0000000088100000, 0x0000000088200000|  0%| F|  |TAMS 0x0000000088100000, 0x0000000088100000| Untracked 
| 130|0x0000000088200000, 0x0000000088200000, 0x0000000088300000|  0%| F|  |TAMS 0x0000000088200000, 0x0000000088200000| Untracked 
| 131|0x0000000088300000, 0x0000000088300000, 0x0000000088400000|  0%| F|  |TAMS 0x0000000088300000, 0x0000000088300000| Untracked 
| 132|0x0000000088400000, 0x0000000088400000, 0x0000000088500000|  0%| F|  |TAMS 0x0000000088400000, 0x0000000088400000| Untracked 
| 133|0x0000000088500000, 0x0000000088500000, 0x0000000088600000|  0%| F|  |TAMS 0x0000000088500000, 0x0000000088500000| Untracked 
| 134|0x0000000088600000, 0x0000000088600000, 0x0000000088700000|  0%| F|  |TAMS 0x0000000088600000, 0x0000000088600000| Untracked 
| 135|0x0000000088700000, 0x0000000088700000, 0x0000000088800000|  0%| F|  |TAMS 0x0000000088700000, 0x0000000088700000| Untracked 
| 136|0x0000000088800000, 0x0000000088800000, 0x0000000088900000|  0%| F|  |TAMS 0x0000000088800000, 0x0000000088800000| Untracked 
| 137|0x0000000088900000, 0x0000000088900000, 0x0000000088a00000|  0%| F|  |TAMS 0x0000000088900000, 0x0000000088900000| Untracked 
| 138|0x0000000088a00000, 0x0000000088a00000, 0x0000000088b00000|  0%| F|  |TAMS 0x0000000088a00000, 0x0000000088a00000| Untracked 
| 139|0x0000000088b00000, 0x0000000088b00000, 0x0000000088c00000|  0%| F|  |TAMS 0x0000000088b00000, 0x0000000088b00000| Untracked 
| 140|0x0000000088c00000, 0x0000000088c00000, 0x0000000088d00000|  0%| F|  |TAMS 0x0000000088c00000, 0x0000000088c00000| Untracked 
| 141|0x0000000088d00000, 0x0000000088d00000, 0x0000000088e00000|  0%| F|  |TAMS 0x0000000088d00000, 0x0000000088d00000| Untracked 
| 142|0x0000000088e00000, 0x0000000088e00000, 0x0000000088f00000|  0%| F|  |TAMS 0x0000000088e00000, 0x0000000088e00000| Untracked 
| 143|0x0000000088f00000, 0x0000000088f00000, 0x0000000089000000|  0%| F|  |TAMS 0x0000000088f00000, 0x0000000088f00000| Untracked 
| 144|0x0000000089000000, 0x0000000089000000, 0x0000000089100000|  0%| F|  |TAMS 0x0000000089000000, 0x0000000089000000| Untracked 
| 145|0x0000000089100000, 0x0000000089100000, 0x0000000089200000|  0%| F|  |TAMS 0x0000000089100000, 0x0000000089100000| Untracked 
| 146|0x0000000089200000, 0x0000000089200000, 0x0000000089300000|  0%| F|  |TAMS 0x0000000089200000, 0x0000000089200000| Untracked 
| 147|0x0000000089300000, 0x0000000089300000, 0x0000000089400000|  0%| F|  |TAMS 0x0000000089300000, 0x0000000089300000| Untracked 
| 148|0x0000000089400000, 0x0000000089400000, 0x0000000089500000|  0%| F|  |TAMS 0x0000000089400000, 0x0000000089400000| Untracked 
| 149|0x0000000089500000, 0x0000000089500000, 0x0000000089600000|  0%| F|  |TAMS 0x0000000089500000, 0x0000000089500000| Untracked 
| 150|0x0000000089600000, 0x0000000089600000, 0x0000000089700000|  0%| F|  |TAMS 0x0000000089600000, 0x0000000089600000| Untracked 
| 151|0x0000000089700000, 0x0000000089700000, 0x0000000089800000|  0%| F|  |TAMS 0x0000000089700000, 0x0000000089700000| Untracked 
| 152|0x0000000089800000, 0x0000000089800000, 0x0000000089900000|  0%| F|  |TAMS 0x0000000089800000, 0x0000000089800000| Untracked 
| 153|0x0000000089900000, 0x0000000089900000, 0x0000000089a00000|  0%| F|  |TAMS 0x0000000089900000, 0x0000000089900000| Untracked 

Card table byte_map: [0x00000298f2c80000,0x00000298f3080000] _byte_map_base: 0x00000298f2880000

Marking Bits (Prev, Next): (CMBitMap*) 0x00000298ea012f90, (CMBitMap*) 0x00000298ea012f58
 Prev Bits: [0x00000298f5480000, 0x00000298f7480000)
 Next Bits: [0x00000298f3480000, 0x00000298f5480000)

Polling page: 0x00000298e8620000

Metaspace:

Usage:
  Non-class:     76.63 MB capacity,    73.99 MB ( 97%) used,     1.99 MB (  3%) free+waste,   670.13 KB ( <1%) overhead. 
      Class:     16.36 MB capacity,    13.16 MB ( 80%) used,     2.80 MB ( 17%) free+waste,   399.94 KB (  2%) overhead. 
       Both:     92.99 MB capacity,    87.15 MB ( 94%) used,     4.80 MB (  5%) free+waste,     1.04 MB (  1%) overhead. 

Virtual space:
  Non-class space:       86.00 MB reserved,      76.64 MB ( 89%) committed 
      Class space:        1.00 GB reserved,      16.45 MB (  2%) committed 
             Both:        1.08 GB reserved,      93.09 MB (  8%) committed 

Chunk freelists:
   Non-Class:  256 bytes
       Class:  128 bytes
        Both:  384 bytes

CodeHeap 'non-profiled nmethods': size=120064Kb used=4238Kb max_used=4238Kb free=115825Kb
 bounds [0x0000029887ac0000, 0x0000029887ef0000, 0x000002988f000000]
CodeHeap 'profiled nmethods': size=120000Kb used=16402Kb max_used=16402Kb free=103597Kb
 bounds [0x0000029880590000, 0x00000298815a0000, 0x0000029887ac0000]
CodeHeap 'non-nmethods': size=5696Kb used=1391Kb max_used=1427Kb free=4304Kb
 bounds [0x0000029880000000, 0x0000029880270000, 0x0000029880590000]
 total_blobs=9099 nmethods=8322 adapters=688
 compilation: enabled
              stopped_count=0, restarted_count=0
 full_count=0

Compilation events (10 events):
Event: 26.230 Thread 0x00000298fa2a7800 nmethod 8350 0x0000029881592a90 code [0x0000029881592c60, 0x0000029881592f78]
Event: 26.231 Thread 0x00000298fa2a7800 8351       3       scala.reflect.internal.Types::$anonfun$stripExistentialsAndTypeVars$1 (51 bytes)
Event: 26.231 Thread 0x00000298fa2a7800 nmethod 8351 0x0000029881593090 code [0x0000029881593260, 0x0000029881593758]
Event: 26.231 Thread 0x00000298fa2a7800 8352       3       scala.reflect.internal.Types$$Lambda$3318/0x000000010104a840::apply (8 bytes)
Event: 26.232 Thread 0x00000298fa2a7800 nmethod 8352 0x0000029881593810 code [0x00000298815939c0, 0x0000029881593cc8]
Event: 26.232 Thread 0x00000298fa2a7800 8353       3       scala.reflect.internal.Types$TypeRef::typeArgs (5 bytes)
Event: 26.232 Thread 0x00000298fa2a7800 nmethod 8353 0x0000029881593e10 code [0x0000029881593fa0, 0x0000029881594138]
Event: 26.232 Thread 0x00000298fa2a7800 8354       3       scala.reflect.internal.Types$$Lambda$3320/0x0000000101059040::apply (8 bytes)
Event: 26.232 Thread 0x00000298fa2a7800 nmethod 8354 0x0000029881594210 code [0x00000298815943e0, 0x0000029881594798]
Event: 26.232 Thread 0x00000298fa2a7800 8355       3       scala.collection.generic.GenericTraversableTemplate$$Lambda$3321/0x000000010105a040::apply (17 bytes)

GC Heap History (10 events):
Event: 12.188 GC heap before
{Heap before GC invocations=9 (full 0):
 garbage-first heap   total 131072K, used 71334K [0x0000000080000000, 0x0000000100000000)
  region size 1024K, 57 young (58368K), 3 survivors (3072K)
 Metaspace       used 68752K, capacity 72339K, committed 72540K, reserved 1110016K
  class space    used 9861K, capacity 11923K, committed 11984K, reserved 1048576K
}
Event: 12.214 GC heap after
{Heap after GC invocations=10 (full 0):
 garbage-first heap   total 131072K, used 22187K [0x0000000080000000, 0x0000000100000000)
  region size 1024K, 8 young (8192K), 8 survivors (8192K)
 Metaspace       used 68752K, capacity 72339K, committed 72540K, reserved 1110016K
  class space    used 9861K, capacity 11923K, committed 11984K, reserved 1048576K
}
Event: 16.587 GC heap before
{Heap before GC invocations=11 (full 0):
 garbage-first heap   total 131072K, used 79531K [0x0000000080000000, 0x0000000100000000)
  region size 1024K, 65 young (66560K), 8 survivors (8192K)
 Metaspace       used 77214K, capacity 82261K, committed 82396K, reserved 1118208K
  class space    used 11656K, capacity 14379K, committed 14416K, reserved 1048576K
}
Event: 16.625 GC heap after
{Heap after GC invocations=12 (full 0):
 garbage-first heap   total 157696K, used 25710K [0x0000000080000000, 0x0000000100000000)
  region size 1024K, 4 young (4096K), 4 survivors (4096K)
 Metaspace       used 77214K, capacity 82261K, committed 82396K, reserved 1118208K
  class space    used 11656K, capacity 14379K, committed 14416K, reserved 1048576K
}
Event: 18.805 GC heap before
{Heap before GC invocations=12 (full 0):
 garbage-first heap   total 157696K, used 111726K [0x0000000080000000, 0x0000000100000000)
  region size 1024K, 43 young (44032K), 4 survivors (4096K)
 Metaspace       used 79833K, capacity 85063K, committed 85212K, reserved 1120256K
  class space    used 12023K, capacity 14856K, committed 14928K, reserved 1048576K
}
Event: 18.823 GC heap after
{Heap after GC invocations=13 (full 0):
 garbage-first heap   total 157696K, used 26734K [0x0000000080000000, 0x0000000100000000)
  region size 1024K, 5 young (5120K), 5 survivors (5120K)
 Metaspace       used 79833K, capacity 85063K, committed 85212K, reserved 1120256K
  class space    used 12023K, capacity 14856K, committed 14928K, reserved 1048576K
}
Event: 22.106 GC heap before
{Heap before GC invocations=14 (full 0):
 garbage-first heap   total 157696K, used 142446K [0x0000000080000000, 0x0000000100000000)
  region size 1024K, 76 young (77824K), 5 survivors (5120K)
 Metaspace       used 85176K, capacity 90938K, committed 91228K, reserved 1124352K
  class space    used 12954K, capacity 16019K, committed 16080K, reserved 1048576K
}
Event: 22.135 GC heap after
{Heap after GC invocations=15 (full 0):
 garbage-first heap   total 157696K, used 29245K [0x0000000080000000, 0x0000000100000000)
  region size 1024K, 8 young (8192K), 8 survivors (8192K)
 Metaspace       used 85176K, capacity 90938K, committed 91228K, reserved 1124352K
  class space    used 12954K, capacity 16019K, committed 16080K, reserved 1048576K
}
Event: 26.233 GC heap before
{Heap before GC invocations=15 (full 0):
 garbage-first heap   total 157696K, used 85565K [0x0000000080000000, 0x0000000100000000)
  region size 1024K, 64 young (65536K), 8 survivors (8192K)
 Metaspace       used 89242K, capacity 95225K, committed 95324K, reserved 1134592K
  class space    used 13480K, capacity 16751K, committed 16848K, reserved 1048576K
}
Event: 26.305 GC heap after
{Heap after GC invocations=16 (full 0):
 garbage-first heap   total 157696K, used 48927K [0x0000000080000000, 0x0000000100000000)
  region size 1024K, 12 young (12288K), 12 survivors (12288K)
 Metaspace       used 89242K, capacity 95225K, committed 95324K, reserved 1134592K
  class space    used 13480K, capacity 16751K, committed 16848K, reserved 1048576K
}

Deoptimization events (10 events):
Event: 23.809 Thread 0x00000298e9fd6800 Uncommon trap: reason=bimorphic_or_optimized_type_check action=maybe_recompile pc=0x0000029887d48da4 method=scala.collection.generic.GenTraversableFactory$$anon$1.apply()Lscala/collection/mutable/Builder; @ 4 c2
Event: 23.812 Thread 0x00000298e9fd6800 Uncommon trap: reason=bimorphic_or_optimized_type_check action=maybe_recompile pc=0x0000029887dbadbc method=java.lang.AbstractStringBuilder.append(Ljava/lang/CharSequence;II)Ljava/lang/AbstractStringBuilder; @ 10 c2
Event: 24.262 Thread 0x00000298e9fd6800 Uncommon trap: reason=unstable_if action=reinterpret pc=0x0000029887e64d30 method=scala.reflect.internal.Names.enterChars([CII)V @ 25 c2
Event: 24.995 Thread 0x00000298e9fd6800 Uncommon trap: reason=speculate_null_check action=make_not_entrant pc=0x0000029887eaad98 method=scala.collection.mutable.HashMap.notFound(Ljava/lang/Object;Lscala/collection/mutable/DefaultEntry;)Z @ 1 c2
Event: 25.841 Thread 0x00000298e9fd6800 Uncommon trap: reason=speculate_class_check action=maybe_recompile pc=0x0000029887eadc0c method=scala.reflect.internal.Scopes$Scope.enter(Lscala/reflect/internal/Symbols$Symbol;)Lscala/reflect/internal/Symbols$Symbol; @ 10 c2
Event: 25.841 Thread 0x00000298e9fd6800 Uncommon trap: reason=speculate_class_check action=maybe_recompile pc=0x0000029887eadc0c method=scala.reflect.internal.Scopes$Scope.enter(Lscala/reflect/internal/Symbols$Symbol;)Lscala/reflect/internal/Symbols$Symbol; @ 10 c2
Event: 25.841 Thread 0x00000298e9fd6800 Uncommon trap: reason=speculate_class_check action=maybe_recompile pc=0x0000029887eadc0c method=scala.reflect.internal.Scopes$Scope.enter(Lscala/reflect/internal/Symbols$Symbol;)Lscala/reflect/internal/Symbols$Symbol; @ 10 c2
Event: 25.841 Thread 0x00000298e9fd6800 Uncommon trap: reason=speculate_class_check action=maybe_recompile pc=0x0000029887eadc0c method=scala.reflect.internal.Scopes$Scope.enter(Lscala/reflect/internal/Symbols$Symbol;)Lscala/reflect/internal/Symbols$Symbol; @ 10 c2
Event: 26.043 Thread 0x00000298e9fd6800 Uncommon trap: reason=unstable_if action=reinterpret pc=0x0000029887ed31b4 method=scala.reflect.internal.tpe.TypeMaps$TypeMap.mapOver(Lscala/reflect/internal/Types$Type;)Lscala/reflect/internal/Types$Type; @ 1292 c2
Event: 26.211 Thread 0x00000298e9fd6800 Uncommon trap: reason=class_check action=maybe_recompile pc=0x0000029887ee14dc method=scala.reflect.internal.util.Collections.sameElementsEquals(Lscala/collection/immutable/List;Lscala/collection/immutable/List;)Z @ 19 c2

Classes redefined (0 events):
No events

Internal exceptions (10 events):
Event: 22.411 Thread 0x00000298e9fd6800 Exception <a 'sun/nio/fs/WindowsException'{0x000000008908d848}> (0x000000008908d848) thrown at [./open/src/hotspot/share/prims/jni.cpp, line 611]
Event: 22.434 Thread 0x00000298e9fd6800 Exception <a 'sun/nio/fs/WindowsException'{0x00000000890a4850}> (0x00000000890a4850) thrown at [./open/src/hotspot/share/prims/jni.cpp, line 611]
Event: 22.442 Thread 0x00000298e9fd6800 Exception <a 'sun/nio/fs/WindowsException'{0x00000000890ac708}> (0x00000000890ac708) thrown at [./open/src/hotspot/share/prims/jni.cpp, line 611]
Event: 22.442 Thread 0x00000298e9fd6800 Exception <a 'sun/nio/fs/WindowsException'{0x00000000890adcf8}> (0x00000000890adcf8) thrown at [./open/src/hotspot/share/prims/jni.cpp, line 611]
Event: 22.466 Thread 0x00000298e9fd6800 Exception <a 'sun/nio/fs/WindowsException'{0x00000000890c4d00}> (0x00000000890c4d00) thrown at [./open/src/hotspot/share/prims/jni.cpp, line 611]
Event: 22.471 Thread 0x00000298e9fd6800 Exception <a 'sun/nio/fs/WindowsException'{0x00000000890cf110}> (0x00000000890cf110) thrown at [./open/src/hotspot/share/prims/jni.cpp, line 611]
Event: 22.471 Thread 0x00000298e9fd6800 Exception <a 'sun/nio/fs/WindowsException'{0x00000000890d0700}> (0x00000000890d0700) thrown at [./open/src/hotspot/share/prims/jni.cpp, line 611]
Event: 23.805 Thread 0x00000298e9fd6800 Implicit null exception at 0x0000029887d6076d to 0x0000029887d60860
Event: 23.872 Thread 0x00000298e9fd6800 Exception <a 'java/lang/NoSuchMethodError'{0x000000008743a058}: java.lang.invoke.Invokers$Holder.linkToTargetMethod(Ljava/lang/Object;Ljava/lang/Object;Ljava/lang/Object;IILjava/lang/Object;Ljava/lang/Object;)Ljava/lang/Object;> (0x000000008743a058) throw
Event: 24.995 Thread 0x00000298e9fd6800 Implicit null exception at 0x0000029887ea9030 to 0x0000029887eaad70

Events (10 events):
Event: 26.051 loading class scala/collection/mutable/Builder
Event: 26.051 loading class scala/collection/mutable/Builder done
Event: 26.051 loading class scala/collection/mutable/Builder
Event: 26.051 loading class scala/collection/mutable/Builder done
Event: 26.051 loading class scala/collection/mutable/Builder
Event: 26.051 loading class scala/collection/mutable/Builder done
Event: 26.211 Thread 0x00000298e9fd6800 Uncommon trap: trap_request=0xffffffde fr.pc=0x0000029887ee14dc relative=0x00000000000001fc
Event: 26.211 Thread 0x00000298e9fd6800 DEOPT PACKING pc=0x0000029887ee14dc sp=0x000000dfaf0f7820
Event: 26.211 Thread 0x00000298e9fd6800 DEOPT UNPACKING pc=0x0000029880026a29 sp=0x000000dfaf0f7640 mode 2
Event: 26.232 Executing VM operation: CollectForMetadataAllocation


Dynamic libraries:
0x00007ff726d30000 - 0x00007ff726d3f000 	C:\Program Files\Java\jdk-11.0.10\bin\java.exe
0x00007ffb665b0000 - 0x00007ffb667a6000 	C:\WINDOWS\SYSTEM32\ntdll.dll
0x00007ffb66200000 - 0x00007ffb662bd000 	C:\WINDOWS\System32\KERNEL32.DLL
0x00007ffb63e00000 - 0x00007ffb640c9000 	C:\WINDOWS\System32\KERNELBASE.dll
0x00007ffb640d0000 - 0x00007ffb641d0000 	C:\WINDOWS\System32\ucrtbase.dll
0x00007ffb52840000 - 0x00007ffb52858000 	C:\Program Files\Java\jdk-11.0.10\bin\jli.dll
0x00007ffb65f10000 - 0x00007ffb65fbc000 	C:\WINDOWS\System32\ADVAPI32.dll
0x00007ffb64660000 - 0x00007ffb646fe000 	C:\WINDOWS\System32\msvcrt.dll
0x00007ffb65710000 - 0x00007ffb657ac000 	C:\WINDOWS\System32\sechost.dll
0x00007ffb659b0000 - 0x00007ffb65adb000 	C:\WINDOWS\System32\RPCRT4.dll
0x00007ffb65810000 - 0x00007ffb659b0000 	C:\WINDOWS\System32\USER32.dll
0x00007ffb64330000 - 0x00007ffb64352000 	C:\WINDOWS\System32\win32u.dll
0x00007ffb65e00000 - 0x00007ffb65e2a000 	C:\WINDOWS\System32\GDI32.dll
0x00007ffb64220000 - 0x00007ffb6432b000 	C:\WINDOWS\System32\gdi32full.dll
0x00007ffb64410000 - 0x00007ffb644ad000 	C:\WINDOWS\System32\msvcp_win.dll
0x00007ffb527d0000 - 0x00007ffb527e5000 	C:\Program Files\Java\jdk-11.0.10\bin\VCRUNTIME140.dll
0x00007ffb53820000 - 0x00007ffb53abb000 	C:\WINDOWS\WinSxS\amd64_microsoft.windows.common-controls_6595b64144ccf1df_6.0.19041.746_none_ca02b4b61b8320a4\COMCTL32.dll
0x00007ffb5d130000 - 0x00007ffb5d13a000 	C:\WINDOWS\SYSTEM32\VERSION.dll
0x00007ffb64610000 - 0x00007ffb64640000 	C:\WINDOWS\System32\IMM32.DLL
0x00007ffb3cad0000 - 0x00007ffb3cb6b000 	C:\Program Files\Java\jdk-11.0.10\bin\msvcp140.dll
0x00007ffb33a90000 - 0x00007ffb3458b000 	C:\Program Files\Java\jdk-11.0.10\bin\server\jvm.dll
0x00007ffb65290000 - 0x00007ffb65298000 	C:\WINDOWS\System32\PSAPI.DLL
0x00007ffb53c70000 - 0x00007ffb53c79000 	C:\WINDOWS\SYSTEM32\WSOCK32.dll
0x00007ffb66500000 - 0x00007ffb6656b000 	C:\WINDOWS\System32\WS2_32.dll
0x00007ffb5cec0000 - 0x00007ffb5cee7000 	C:\WINDOWS\SYSTEM32\WINMM.dll
0x00007ffb61c60000 - 0x00007ffb61c72000 	C:\WINDOWS\SYSTEM32\kernel.appcore.dll
0x00007ffb56ef0000 - 0x00007ffb56f00000 	C:\Program Files\Java\jdk-11.0.10\bin\verify.dll
0x00007ffb54670000 - 0x00007ffb54854000 	C:\WINDOWS\SYSTEM32\DBGHELP.DLL
0x00007ffb54640000 - 0x00007ffb5466c000 	C:\WINDOWS\SYSTEM32\dbgcore.DLL
0x00007ffb63cf0000 - 0x00007ffb63d70000 	C:\WINDOWS\System32\bcryptPrimitives.dll
0x00007ffb4a530000 - 0x00007ffb4a558000 	C:\Program Files\Java\jdk-11.0.10\bin\java.dll
0x00007ffb54b60000 - 0x00007ffb54b6a000 	C:\Program Files\Java\jdk-11.0.10\bin\jimage.dll
0x00007ffb4a510000 - 0x00007ffb4a526000 	C:\Program Files\Java\jdk-11.0.10\bin\zip.dll
0x00007ffb64700000 - 0x00007ffb64e42000 	C:\WINDOWS\System32\SHELL32.dll
0x00007ffb61e60000 - 0x00007ffb625f0000 	C:\WINDOWS\SYSTEM32\windows.storage.dll
0x00007ffb64f30000 - 0x00007ffb65286000 	C:\WINDOWS\System32\combase.dll
0x00007ffb63750000 - 0x00007ffb6377c000 	C:\WINDOWS\SYSTEM32\Wldp.dll
0x00007ffb660f0000 - 0x00007ffb6619e000 	C:\WINDOWS\System32\SHCORE.dll
0x00007ffb657b0000 - 0x00007ffb65805000 	C:\WINDOWS\System32\shlwapi.dll
0x00007ffb63c20000 - 0x00007ffb63c46000 	C:\WINDOWS\SYSTEM32\profapi.dll
0x00007ffb51c20000 - 0x00007ffb51c39000 	C:\Program Files\Java\jdk-11.0.10\bin\net.dll
0x00007ffb5c5e0000 - 0x00007ffb5c6e0000 	C:\WINDOWS\SYSTEM32\WINHTTP.dll
0x00007ffb634d0000 - 0x00007ffb6353a000 	C:\WINDOWS\system32\mswsock.dll
0x00007ffb50080000 - 0x00007ffb50092000 	C:\Program Files\Java\jdk-11.0.10\bin\nio.dll
0x00007ffb5fcf0000 - 0x00007ffb5fcfa000 	C:\Users\philip\AppData\Local\Temp\jansi-1.18-93fa3188adb8407f81dad04d08abc8192e4e380d.dll
0x00007ffb636b0000 - 0x00007ffb636c8000 	C:\WINDOWS\SYSTEM32\CRYPTSP.dll
0x00007ffb62da0000 - 0x00007ffb62dd4000 	C:\WINDOWS\system32\rsaenh.dll
0x00007ffb63dd0000 - 0x00007ffb63df7000 	C:\WINDOWS\System32\bcrypt.dll
0x00007ffb63ba0000 - 0x00007ffb63bce000 	C:\WINDOWS\SYSTEM32\USERENV.dll
0x00007ffb636a0000 - 0x00007ffb636ac000 	C:\WINDOWS\SYSTEM32\CRYPTBASE.dll
0x00007ffb63170000 - 0x00007ffb631ab000 	C:\WINDOWS\SYSTEM32\IPHLPAPI.DLL
0x00007ffb65f00000 - 0x00007ffb65f08000 	C:\WINDOWS\System32\NSI.dll
0x00007ffb5cef0000 - 0x00007ffb5cf07000 	C:\WINDOWS\SYSTEM32\dhcpcsvc6.DLL
0x00007ffb5cda0000 - 0x00007ffb5cdbd000 	C:\WINDOWS\SYSTEM32\dhcpcsvc.DLL
0x00007ffb631b0000 - 0x00007ffb6327b000 	C:\WINDOWS\SYSTEM32\DNSAPI.dll
0x00007ffb4c4a0000 - 0x00007ffb4c4e1000 	C:\Users\philip\AppData\Local\Temp\jna--989220990\jna2870503079517897858.dll
0x00007ffb52c80000 - 0x00007ffb52c89000 	C:\Program Files\Java\jdk-11.0.10\bin\management.dll
0x00007ffb52830000 - 0x00007ffb5283b000 	C:\Program Files\Java\jdk-11.0.10\bin\management_ext.dll
0x00007ffb54260000 - 0x00007ffb5426d000 	C:\Program Files\Java\jdk-11.0.10\bin\sunmscapi.dll
0x00007ffb644b0000 - 0x00007ffb64606000 	C:\WINDOWS\System32\CRYPT32.dll
0x00007ffb637c0000 - 0x00007ffb637e7000 	C:\WINDOWS\SYSTEM32\ncrypt.dll
0x00007ffb63780000 - 0x00007ffb637bb000 	C:\WINDOWS\SYSTEM32\NTASN1.dll
0x00007ffb4ee00000 - 0x00007ffb4ee25000 	C:\Program Files\Java\jdk-11.0.10\bin\sunec.dll
0x000000006fd00000 - 0x000000006fd07000 	C:\Users\philip\.sbt\1.0\swoval-jni\15192218433353435616-swoval-files0.dll
0x00007ffb525a0000 - 0x00007ffb525b7000 	C:\WINDOWS\system32\napinsp.dll
0x00007ffb4efa0000 - 0x00007ffb4efbb000 	C:\WINDOWS\system32\pnrpnsp.dll
0x00007ffb549a0000 - 0x00007ffb549b5000 	C:\WINDOWS\system32\wshbth.dll
0x00007ffb5f770000 - 0x00007ffb5f78d000 	C:\WINDOWS\system32\NLAapi.dll
0x00007ffb4ef80000 - 0x00007ffb4ef92000 	C:\WINDOWS\System32\winrnr.dll
0x00007ffb5a450000 - 0x00007ffb5a45a000 	C:\Windows\System32\rasadhlp.dll
0x00007ffb5c3d0000 - 0x00007ffb5c44f000 	C:\WINDOWS\System32\fwpuclnt.dll

dbghelp: loaded successfully - version: 4.0.5 - missing functions: none
symbol engine: initialized successfully - sym options: 0x614 - pdb path: .;C:\Program Files\Java\jdk-11.0.10\bin;C:\WINDOWS\SYSTEM32;C:\WINDOWS\WinSxS\amd64_microsoft.windows.common-controls_6595b64144ccf1df_6.0.19041.746_none_ca02b4b61b8320a4;C:\Program Files\Java\jdk-11.0.10\bin\server;C:\Users\philip\AppData\Local\Temp;C:\Users\philip\AppData\Local\Temp\jna--989220990;C:\Users\philip\.sbt\1.0\swoval-jni

VM Arguments:
jvm_args: -Djline.terminal=jline.UnsupportedTerminal -Dsbt.log.noformat=true -Dfile.encoding=UTF-8 -Didea.managed=true -Dfile.encoding=UTF-8 
java_command: C:/Users/philip/AppData/Roaming/JetBrains/IdeaIC2020.3/plugins/Scala/launcher/sbt-launch.jar
java_class_path (initial): C:/Users/philip/AppData/Roaming/JetBrains/IdeaIC2020.3/plugins/Scala/launcher/sbt-launch.jar
Launcher Type: SUN_STANDARD

[Global flags]
     intx CICompilerCount                          = 2                                         {product} {ergonomic}
     uint ConcGCThreads                            = 1                                         {product} {ergonomic}
     uint G1ConcRefinementThreads                  = 2                                         {product} {ergonomic}
   size_t G1HeapRegionSize                         = 1048576                                   {product} {ergonomic}
    uintx GCDrainStackTargetSize                   = 64                                        {product} {ergonomic}
   size_t InitialHeapSize                          = 134217728                                 {product} {ergonomic}
   size_t MarkStackSize                            = 4194304                                   {product} {ergonomic}
   size_t MaxHeapSize                              = 2147483648                                {product} {ergonomic}
   size_t MaxNewSize                               = 1287651328                                {product} {ergonomic}
   size_t MinHeapDeltaBytes                        = 1048576                                   {product} {ergonomic}
    uintx NonNMethodCodeHeapSize                   = 5825164                                {pd product} {ergonomic}
    uintx NonProfiledCodeHeapSize                  = 122916538                              {pd product} {ergonomic}
    uintx ProfiledCodeHeapSize                     = 122916538                              {pd product} {ergonomic}
    uintx ReservedCodeCacheSize                    = 251658240                              {pd product} {ergonomic}
     bool SegmentedCodeCache                       = true                                      {product} {ergonomic}
     bool UseCompressedClassPointers               = true                                 {lp64_product} {ergonomic}
     bool UseCompressedOops                        = true                                 {lp64_product} {ergonomic}
     bool UseG1GC                                  = true                                      {product} {ergonomic}
     bool UseLargePagesIndividualAllocation        = false                                  {pd product} {ergonomic}

Logging:
Log output configuration:
 #0: stdout all=warning uptime,level,tags
 #1: stderr all=off uptime,level,tags

Environment Variables:
PATH=C:\Program Files\Common Files\Oracle\Java\javapath;C:\WINDOWS\system32;C:\WINDOWS;C:\WINDOWS\System32\Wbem;C:\WINDOWS\System32\WindowsPowerShell\v1.0\;C:\WINDOWS\System32\OpenSSH\;C:\ProgramData\chocolatey\bin;C:\Program Files\Java\jdk1.8.0_201\bin;C:\Program Files\PuTTY\;C:\Program Files (x86)\sbt\bin;C:\Program Files (x86)\scala\bin;C:\scala3\bin;C:\Program Files\7-Zip;C:\Users\philip\AppData\Local\Programs\Python\Python37-32\Scripts\;C:\Users\philip\AppData\Local\Programs\Python\Python37-32\;C:\Users\philip\.cargo\bin;C:\Users\philip\AppData\Local\Microsoft\WindowsApps;C:\Program Files (x86)\Inno Setup 5;C:\DEV\apache-maven-3.6.0\bin;C:\NetBeans 8.2\extide\ant\bin;C:\DEV\Microsoft VS Code\bin;C:\Users\philip\AppData\Roaming\cabal\bin;C:\ProgramData\chocolatey\lib\ghc\tools\ghc-8.10.4\bin;C:\tools\msys64;C:\Users\philip\AppData\Local\Coursier\data\bin;C:\Users\philip\AppData\Local\Coursier\data\bin;C:\Program Files\7-Zip;;C:\Program Files\JetBrains\IntelliJ IDEA Community Edition 2020.3.2\bin;
USERNAME=philip
OS=Windows_NT
PROCESSOR_IDENTIFIER=Intel64 Family 6 Model 23 Stepping 10, GenuineIntel



---------------  S Y S T E M  ---------------

OS: Windows 10 , 64 bit Build 19041 (10.0.19041.804)

CPU:total 2 (initial active 2) (2 cores per cpu, 1 threads per core) family 6 model 23 stepping 10 microcode 0xa0c, cmov, cx8, fxsr, mmx, sse, sse2, sse3, ssse3, tsc

Memory: 4k page, system-wide physical 8191M (814M free)
TotalPageFile size 8191M (AvailPageFile size 5M)
current process WorkingSet (physical memory assigned to process): 380M, peak: 382M
current process commit charge ("private bytes"): 409M, peak: 413M

vm_info: Java HotSpot(TM) 64-Bit Server VM (11.0.10+8-LTS-162) for windows-amd64 JRE (11.0.10+8-LTS-162), built on Dec  8 2020 16:32:57 by "mach5one" with MS VC++ 15.9 (VS2017)

END.
