#
# There is insufficient memory for the Java Runtime Environment to continue.
# Native memory allocation (mmap) failed to map 27262976 bytes for Failed to commit area from 0x0000000088000000 to 0x0000000089a00000 of length 27262976.
# Possible reasons:
#   The system is out of physical RAM or swap space
#   The process is running with CompressedOops enabled, and the Java Heap may be blocking the growth of the native heap
# Possible solutions:
#   Reduce memory load on the system
#   Increase physical memory or swap space
#   Check if swap backing store is full
#   Decrease Java heap size (-Xmx/-Xms)
#   Decrease number of Java threads
#   Decrease Java thread stack sizes (-Xss)
#   Set larger code cache with -XX:ReservedCodeCacheSize=
#   JVM is running with Unscaled Compressed Oops mode in which the Java heap is
#     placed in the first 4GB address space. The Java Heap base address is the
#     maximum limit for the native heap growth. Please use -XX:HeapBaseMinAddress
#     to set the Java Heap base and to place the Java Heap above 4GB virtual address.
# This output file may be truncated or incomplete.
#
#  Out of Memory Error (./open/src/hotspot/os/windows/os_windows.cpp:3273), pid=8676, tid=11108
#
# JRE version: Java(TM) SE Runtime Environment 18.9 (11.0.10+8) (build 11.0.10+8-LTS-162)
# Java VM: Java HotSpot(TM) 64-Bit Server VM 18.9 (11.0.10+8-LTS-162, mixed mode, tiered, compressed oops, g1 gc, windows-amd64)
# No core dump will be written. Minidumps are not enabled by default on client versions of Windows
#

---------------  S U M M A R Y ------------

Command Line: -Djline.terminal=jline.UnsupportedTerminal -Dsbt.log.noformat=true -Dfile.encoding=UTF-8 -Didea.managed=true -Dfile.encoding=UTF-8 C:/Users/philip/AppData/Roaming/JetBrains/IdeaIC2020.3/plugins/Scala/launcher/sbt-launch.jar

Host: Pentium(R) Dual-Core  CPU      E6600  @ 3.06GHz, 2 cores, 7G,  Windows 10 , 64 bit Build 19041 (10.0.19041.804)
Time: Thu Mar 11 21:55:02 2021 GTB Standard Time elapsed time: 8.463290 seconds (0d 0h 0m 8s)

---------------  T H R E A D  ---------------

Current thread (0x00000226bb43a800):  VMThread "VM Thread" [stack: 0x000000b808300000,0x000000b808400000] [id=11108]

Stack: [0x000000b808300000,0x000000b808400000]
[error occurred during error reporting (printing stack bounds), id 0xc0000005, EXCEPTION_ACCESS_VIOLATION (0xc0000005) at pc=0x00000226a5020f3d]

Native frames: (J=compiled Java code, j=interpreted, Vv=VM code, C=native code)
V  [jvm.dll+0x613e6a]
V  [jvm.dll+0x74c1ff]
V  [jvm.dll+0x74d885]
V  [jvm.dll+0x74de65]
V  [jvm.dll+0x74de1b]
V  [jvm.dll+0x6136a3]
V  [jvm.dll+0x613a68]
C  [ntdll.dll+0xa197f]
C  [ntdll.dll+0x4b754]
C  [ntdll.dll+0xa04ae]
C  0x00000226a5020f3d

VM_Operation (0x000000b807dfa250): CollectForMetadataAllocation, mode: safepoint, requested by thread 0x000002269b3bb800


---------------  P R O C E S S  ---------------

Threads class SMR info:
_java_thread_list=0x00000226bd0dfaf0, length=15, elements={
0x000002269b3bb800, 0x00000226bb43e000, 0x00000226bb448000, 0x00000226bbdf5000,
0x00000226bbdf7000, 0x00000226bbdf8000, 0x00000226bbe04800, 0x00000226bbe06800,
0x00000226bbf92800, 0x00000226bbfa0800, 0x00000226bc4c3800, 0x00000226bc264000,
0x00000226c0106000, 0x00000226bc107000, 0x00000226c0090000
}

Java Threads: ( => current thread )
  0x000002269b3bb800 JavaThread "main" [_thread_blocked, id=5096, stack(0x000000b807d00000,0x000000b807e00000)]
  0x00000226bb43e000 JavaThread "Reference Handler" daemon [_thread_blocked, id=4512, stack(0x000000b808400000,0x000000b808500000)]
  0x00000226bb448000 JavaThread "Finalizer" daemon [_thread_blocked, id=11588, stack(0x000000b808500000,0x000000b808600000)]
  0x00000226bbdf5000 JavaThread "Signal Dispatcher" daemon [_thread_blocked, id=9352, stack(0x000000b808700000,0x000000b808800000)]
  0x00000226bbdf7000 JavaThread "Attach Listener" daemon [_thread_blocked, id=7232, stack(0x000000b808800000,0x000000b808900000)]
  0x00000226bbdf8000 JavaThread "C2 CompilerThread0" daemon [_thread_blocked, id=5072, stack(0x000000b808900000,0x000000b808a00000)]
  0x00000226bbe04800 JavaThread "C1 CompilerThread0" daemon [_thread_blocked, id=6592, stack(0x000000b808a00000,0x000000b808b00000)]
  0x00000226bbe06800 JavaThread "Sweeper thread" daemon [_thread_blocked, id=192, stack(0x000000b808b00000,0x000000b808c00000)]
  0x00000226bbf92800 JavaThread "Service Thread" daemon [_thread_blocked, id=10084, stack(0x000000b808c00000,0x000000b808d00000)]
  0x00000226bbfa0800 JavaThread "Common-Cleaner" daemon [_thread_blocked, id=10992, stack(0x000000b808e00000,0x000000b808f00000)]
  0x00000226bc4c3800 JavaThread "pool-1-thread-1" [_thread_blocked, id=9748, stack(0x000000b809000000,0x000000b809100000)]
  0x00000226bc264000 JavaThread "sbt-parser-init-thread" daemon [_thread_blocked, id=3244, stack(0x000000b809100000,0x000000b809200000)]
  0x00000226c0106000 JavaThread "boot-server-socket-thread-1" [_thread_in_native, id=11232, stack(0x000000b809200000,0x000000b809300000)]
  0x00000226bc107000 JavaThread "classloader-cache-cleanup-0" daemon [_thread_blocked, id=7112, stack(0x000000b809300000,0x000000b809400000)]
  0x00000226c0090000 JavaThread "sbt-command-exchange-fastTrack" daemon [_thread_blocked, id=1228, stack(0x000000b809400000,0x000000b809500000)]

Other Threads:
=>0x00000226bb43a800 VMThread "VM Thread" [stack: 0x000000b808300000,0x000000b808400000] [id=11108]
  0x00000226bbf9c000 WatcherThread [stack: 0x000000b808d00000,0x000000b808e00000] [id=1512]
  0x000002269b3cf800 GCTaskThread "GC Thread#0" [stack: 0x000000b807e00000,0x000000b807f00000] [id=2172]
  0x00000226bc24a000 GCTaskThread "GC Thread#1" [stack: 0x000000b808f00000,0x000000b809000000] [id=3452]
  0x000002269b3fc000 ConcurrentGCThread "G1 Main Marker" [stack: 0x000000b807f00000,0x000000b808000000] [id=2284]
  0x000002269b3fd000 ConcurrentGCThread "G1 Conc#0" [stack: 0x000000b808000000,0x000000b808100000] [id=10036]
  0x000002269b489800 ConcurrentGCThread "G1 Refine#0" [stack: 0x000000b808100000,0x000000b808200000] [id=508]
  0x000002269b48a800 ConcurrentGCThread "G1 Young RemSet Sampling" [stack: 0x000000b808200000,0x000000b808300000] [id=6676]

Threads with active compile tasks:

VM state:at safepoint (normal execution)

VM Mutex/Monitor currently owned by a thread:  ([mutex/lock_event])
[0x000002269b3b6380] Threads_lock - owner thread: 0x00000226bb43a800
[0x000002269b3b7a00] Heap_lock - owner thread: 0x000002269b3bb800

Heap address: 0x0000000080000000, size: 2048 MB, Compressed Oops mode: 32-bit
Narrow klass base: 0x0000000000000000, Narrow klass shift: 3
Compressed class space size: 1073741824 Address: 0x0000000100000000

Heap:
 garbage-first heap   total 157696K, used 17115K [0x0000000080000000, 0x0000000100000000)
  region size 1024K, 3 young (3072K), 3 survivors (3072K)
 Metaspace       used 57474K, capacity 60153K, committed 60160K, reserved 1099776K
  class space    used 8041K, capacity 9593K, committed 9600K, reserved 1048576K
Heap Regions: E=young(eden), S=young(survivor), O=old, HS=humongous(starts), HC=humongous(continues), CS=collection set, F=free, A=archive, TAMS=top-at-mark-start (previous, next)
|   0|0x0000000080000000, 0x0000000080100000, 0x0000000080100000|100%| O|  |TAMS 0x0000000080100000, 0x0000000080100000| Untracked 
|   1|0x0000000080100000, 0x0000000080200000, 0x0000000080200000|100%| O|  |TAMS 0x0000000080200000, 0x0000000080200000| Untracked 
|   2|0x0000000080200000, 0x0000000080300000, 0x0000000080300000|100%| O|  |TAMS 0x0000000080300000, 0x0000000080300000| Untracked 
|   3|0x0000000080300000, 0x0000000080400000, 0x0000000080400000|100%| O|  |TAMS 0x0000000080400000, 0x0000000080400000| Untracked 
|   4|0x0000000080400000, 0x0000000080500000, 0x0000000080500000|100%| O|  |TAMS 0x0000000080500000, 0x0000000080500000| Untracked 
|   5|0x0000000080500000, 0x0000000080600000, 0x0000000080600000|100%| O|  |TAMS 0x0000000080600000, 0x0000000080600000| Untracked 
|   6|0x0000000080600000, 0x0000000080700000, 0x0000000080700000|100%| O|  |TAMS 0x00000000806b4800, 0x0000000080700000| Untracked 
|   7|0x0000000080700000, 0x0000000080800000, 0x0000000080800000|100%| O|  |TAMS 0x0000000080700000, 0x0000000080800000| Untracked 
|   8|0x0000000080800000, 0x0000000080900000, 0x0000000080900000|100%| O|  |TAMS 0x0000000080800000, 0x0000000080900000| Untracked 
|   9|0x0000000080900000, 0x0000000080a00000, 0x0000000080a00000|100%| O|  |TAMS 0x0000000080900000, 0x0000000080a00000| Untracked 
|  10|0x0000000080a00000, 0x0000000080b00000, 0x0000000080b00000|100%| O|  |TAMS 0x0000000080a00000, 0x0000000080b00000| Untracked 
|  11|0x0000000080b00000, 0x0000000080c00000, 0x0000000080c00000|100%| O|  |TAMS 0x0000000080b00000, 0x0000000080c00000| Untracked 
|  12|0x0000000080c00000, 0x0000000080d00000, 0x0000000080d00000|100%| O|  |TAMS 0x0000000080c00000, 0x0000000080d00000| Untracked 
|  13|0x0000000080d00000, 0x0000000080e00000, 0x0000000080e00000|100%| O|  |TAMS 0x0000000080d00000, 0x0000000080e00000| Untracked 
|  14|0x0000000080e00000, 0x0000000080e36c00, 0x0000000080f00000| 21%| O|  |TAMS 0x0000000080e00000, 0x0000000080e36c00| Untracked 
|  15|0x0000000080f00000, 0x0000000080f00000, 0x0000000081000000|  0%| F|  |TAMS 0x0000000080f00000, 0x0000000080f00000| Untracked 
|  16|0x0000000081000000, 0x0000000081000000, 0x0000000081100000|  0%| F|  |TAMS 0x0000000081000000, 0x0000000081000000| Untracked 
|  17|0x0000000081100000, 0x0000000081100000, 0x0000000081200000|  0%| F|  |TAMS 0x0000000081100000, 0x0000000081100000| Untracked 
|  18|0x0000000081200000, 0x0000000081200000, 0x0000000081300000|  0%| F|  |TAMS 0x0000000081200000, 0x0000000081200000| Untracked 
|  19|0x0000000081300000, 0x0000000081300000, 0x0000000081400000|  0%| F|  |TAMS 0x0000000081300000, 0x0000000081300000| Untracked 
|  20|0x0000000081400000, 0x0000000081400000, 0x0000000081500000|  0%| F|  |TAMS 0x0000000081400000, 0x0000000081400000| Untracked 
|  21|0x0000000081500000, 0x0000000081500000, 0x0000000081600000|  0%| F|  |TAMS 0x0000000081500000, 0x0000000081500000| Untracked 
|  22|0x0000000081600000, 0x0000000081600000, 0x0000000081700000|  0%| F|  |TAMS 0x0000000081600000, 0x0000000081600000| Untracked 
|  23|0x0000000081700000, 0x0000000081700000, 0x0000000081800000|  0%| F|  |TAMS 0x0000000081700000, 0x0000000081700000| Untracked 
|  24|0x0000000081800000, 0x0000000081800000, 0x0000000081900000|  0%| F|  |TAMS 0x0000000081800000, 0x0000000081800000| Untracked 
|  25|0x0000000081900000, 0x0000000081900000, 0x0000000081a00000|  0%| F|  |TAMS 0x0000000081900000, 0x0000000081900000| Untracked 
|  26|0x0000000081a00000, 0x0000000081a00000, 0x0000000081b00000|  0%| F|  |TAMS 0x0000000081a00000, 0x0000000081a00000| Untracked 
|  27|0x0000000081b00000, 0x0000000081b00000, 0x0000000081c00000|  0%| F|  |TAMS 0x0000000081b00000, 0x0000000081b00000| Untracked 
|  28|0x0000000081c00000, 0x0000000081c00000, 0x0000000081d00000|  0%| F|  |TAMS 0x0000000081c00000, 0x0000000081c00000| Untracked 
|  29|0x0000000081d00000, 0x0000000081d00000, 0x0000000081e00000|  0%| F|  |TAMS 0x0000000081d00000, 0x0000000081d00000| Untracked 
|  30|0x0000000081e00000, 0x0000000081e00000, 0x0000000081f00000|  0%| F|  |TAMS 0x0000000081e00000, 0x0000000081e00000| Untracked 
|  31|0x0000000081f00000, 0x0000000081f00000, 0x0000000082000000|  0%| F|  |TAMS 0x0000000081f00000, 0x0000000081f00000| Untracked 
|  32|0x0000000082000000, 0x0000000082000000, 0x0000000082100000|  0%| F|  |TAMS 0x0000000082000000, 0x0000000082000000| Untracked 
|  33|0x0000000082100000, 0x0000000082100000, 0x0000000082200000|  0%| F|  |TAMS 0x0000000082100000, 0x0000000082100000| Untracked 
|  34|0x0000000082200000, 0x0000000082200000, 0x0000000082300000|  0%| F|  |TAMS 0x0000000082200000, 0x0000000082200000| Untracked 
|  35|0x0000000082300000, 0x0000000082300000, 0x0000000082400000|  0%| F|  |TAMS 0x0000000082300000, 0x0000000082300000| Untracked 
|  36|0x0000000082400000, 0x0000000082400000, 0x0000000082500000|  0%| F|  |TAMS 0x0000000082400000, 0x0000000082400000| Untracked 
|  37|0x0000000082500000, 0x0000000082500000, 0x0000000082600000|  0%| F|  |TAMS 0x0000000082500000, 0x0000000082500000| Untracked 
|  38|0x0000000082600000, 0x0000000082600000, 0x0000000082700000|  0%| F|  |TAMS 0x0000000082600000, 0x0000000082600000| Untracked 
|  39|0x0000000082700000, 0x0000000082700000, 0x0000000082800000|  0%| F|  |TAMS 0x0000000082700000, 0x0000000082700000| Untracked 
|  40|0x0000000082800000, 0x0000000082800000, 0x0000000082900000|  0%| F|  |TAMS 0x0000000082800000, 0x0000000082800000| Untracked 
|  41|0x0000000082900000, 0x0000000082900000, 0x0000000082a00000|  0%| F|  |TAMS 0x0000000082900000, 0x0000000082900000| Untracked 
|  42|0x0000000082a00000, 0x0000000082a00000, 0x0000000082b00000|  0%| F|  |TAMS 0x0000000082a00000, 0x0000000082a00000| Untracked 
|  43|0x0000000082b00000, 0x0000000082b00000, 0x0000000082c00000|  0%| F|  |TAMS 0x0000000082b00000, 0x0000000082b00000| Untracked 
|  44|0x0000000082c00000, 0x0000000082c00000, 0x0000000082d00000|  0%| F|  |TAMS 0x0000000082c00000, 0x0000000082c00000| Untracked 
|  45|0x0000000082d00000, 0x0000000082d00000, 0x0000000082e00000|  0%| F|  |TAMS 0x0000000082d00000, 0x0000000082d00000| Untracked 
|  46|0x0000000082e00000, 0x0000000082e00000, 0x0000000082f00000|  0%| F|  |TAMS 0x0000000082e00000, 0x0000000082e00000| Untracked 
|  47|0x0000000082f00000, 0x0000000082f00000, 0x0000000083000000|  0%| F|  |TAMS 0x0000000082f00000, 0x0000000082f00000| Untracked 
|  48|0x0000000083000000, 0x0000000083000000, 0x0000000083100000|  0%| F|  |TAMS 0x0000000083000000, 0x0000000083000000| Untracked 
|  49|0x0000000083100000, 0x0000000083100000, 0x0000000083200000|  0%| F|  |TAMS 0x0000000083100000, 0x0000000083100000| Untracked 
|  50|0x0000000083200000, 0x0000000083200000, 0x0000000083300000|  0%| F|  |TAMS 0x0000000083200000, 0x0000000083200000| Untracked 
|  51|0x0000000083300000, 0x0000000083300000, 0x0000000083400000|  0%| F|  |TAMS 0x0000000083300000, 0x0000000083300000| Untracked 
|  52|0x0000000083400000, 0x0000000083400000, 0x0000000083500000|  0%| F|  |TAMS 0x0000000083400000, 0x0000000083400000| Untracked 
|  53|0x0000000083500000, 0x0000000083500000, 0x0000000083600000|  0%| F|  |TAMS 0x0000000083500000, 0x0000000083500000| Untracked 
|  54|0x0000000083600000, 0x0000000083600000, 0x0000000083700000|  0%| F|  |TAMS 0x0000000083600000, 0x0000000083600000| Untracked 
|  55|0x0000000083700000, 0x0000000083700000, 0x0000000083800000|  0%| F|  |TAMS 0x0000000083700000, 0x0000000083700000| Untracked 
|  56|0x0000000083800000, 0x0000000083800000, 0x0000000083900000|  0%| F|  |TAMS 0x0000000083800000, 0x0000000083800000| Untracked 
|  57|0x0000000083900000, 0x0000000083900000, 0x0000000083a00000|  0%| F|  |TAMS 0x0000000083900000, 0x0000000083900000| Untracked 
|  58|0x0000000083a00000, 0x0000000083a00000, 0x0000000083b00000|  0%| F|  |TAMS 0x0000000083a00000, 0x0000000083a00000| Untracked 
|  59|0x0000000083b00000, 0x0000000083b00000, 0x0000000083c00000|  0%| F|  |TAMS 0x0000000083b00000, 0x0000000083b00000| Untracked 
|  60|0x0000000083c00000, 0x0000000083c00000, 0x0000000083d00000|  0%| F|  |TAMS 0x0000000083c00000, 0x0000000083c00000| Untracked 
|  61|0x0000000083d00000, 0x0000000083d00000, 0x0000000083e00000|  0%| F|  |TAMS 0x0000000083d00000, 0x0000000083d00000| Untracked 
|  62|0x0000000083e00000, 0x0000000083e00000, 0x0000000083f00000|  0%| F|  |TAMS 0x0000000083e00000, 0x0000000083e00000| Untracked 
|  63|0x0000000083f00000, 0x0000000083f00000, 0x0000000084000000|  0%| F|  |TAMS 0x0000000083f00000, 0x0000000083f00000| Untracked 
|  64|0x0000000084000000, 0x0000000084000000, 0x0000000084100000|  0%| F|  |TAMS 0x0000000084000000, 0x0000000084000000| Untracked 
|  65|0x0000000084100000, 0x0000000084100000, 0x0000000084200000|  0%| F|  |TAMS 0x0000000084100000, 0x0000000084100000| Untracked 
|  66|0x0000000084200000, 0x0000000084200000, 0x0000000084300000|  0%| F|  |TAMS 0x0000000084200000, 0x0000000084200000| Untracked 
|  67|0x0000000084300000, 0x0000000084300000, 0x0000000084400000|  0%| F|  |TAMS 0x0000000084300000, 0x0000000084300000| Untracked 
|  68|0x0000000084400000, 0x0000000084400000, 0x0000000084500000|  0%| F|  |TAMS 0x0000000084400000, 0x0000000084400000| Untracked 
|  69|0x0000000084500000, 0x0000000084500000, 0x0000000084600000|  0%| F|  |TAMS 0x0000000084500000, 0x0000000084500000| Untracked 
|  70|0x0000000084600000, 0x0000000084600000, 0x0000000084700000|  0%| F|  |TAMS 0x0000000084600000, 0x0000000084600000| Untracked 
|  71|0x0000000084700000, 0x0000000084700000, 0x0000000084800000|  0%| F|  |TAMS 0x0000000084700000, 0x0000000084700000| Untracked 
|  72|0x0000000084800000, 0x0000000084800000, 0x0000000084900000|  0%| F|  |TAMS 0x0000000084800000, 0x0000000084800000| Untracked 
|  73|0x0000000084900000, 0x0000000084900000, 0x0000000084a00000|  0%| F|  |TAMS 0x0000000084900000, 0x0000000084900000| Untracked 
|  74|0x0000000084a00000, 0x0000000084a00000, 0x0000000084b00000|  0%| F|  |TAMS 0x0000000084a00000, 0x0000000084a00000| Untracked 
|  75|0x0000000084b00000, 0x0000000084b00000, 0x0000000084c00000|  0%| F|  |TAMS 0x0000000084b00000, 0x0000000084b00000| Untracked 
|  76|0x0000000084c00000, 0x0000000084c00000, 0x0000000084d00000|  0%| F|  |TAMS 0x0000000084c00000, 0x0000000084c00000| Untracked 
|  77|0x0000000084d00000, 0x0000000084d00000, 0x0000000084e00000|  0%| F|  |TAMS 0x0000000084d00000, 0x0000000084d00000| Untracked 
|  78|0x0000000084e00000, 0x0000000084e00000, 0x0000000084f00000|  0%| F|  |TAMS 0x0000000084e00000, 0x0000000084e00000| Untracked 
|  79|0x0000000084f00000, 0x0000000084f00000, 0x0000000085000000|  0%| F|  |TAMS 0x0000000084f00000, 0x0000000084f00000| Untracked 
|  80|0x0000000085000000, 0x0000000085000000, 0x0000000085100000|  0%| F|  |TAMS 0x0000000085000000, 0x0000000085000000| Untracked 
|  81|0x0000000085100000, 0x0000000085100000, 0x0000000085200000|  0%| F|  |TAMS 0x0000000085100000, 0x0000000085100000| Untracked 
|  82|0x0000000085200000, 0x0000000085200000, 0x0000000085300000|  0%| F|  |TAMS 0x0000000085200000, 0x0000000085200000| Untracked 
|  83|0x0000000085300000, 0x0000000085300000, 0x0000000085400000|  0%| F|  |TAMS 0x0000000085300000, 0x0000000085300000| Untracked 
|  84|0x0000000085400000, 0x0000000085400000, 0x0000000085500000|  0%| F|  |TAMS 0x0000000085400000, 0x0000000085400000| Untracked 
|  85|0x0000000085500000, 0x0000000085500000, 0x0000000085600000|  0%| F|  |TAMS 0x0000000085500000, 0x0000000085500000| Untracked 
|  86|0x0000000085600000, 0x0000000085600000, 0x0000000085700000|  0%| F|  |TAMS 0x0000000085600000, 0x0000000085600000| Untracked 
|  87|0x0000000085700000, 0x0000000085700000, 0x0000000085800000|  0%| F|  |TAMS 0x0000000085700000, 0x0000000085700000| Untracked 
|  88|0x0000000085800000, 0x0000000085800000, 0x0000000085900000|  0%| F|  |TAMS 0x0000000085800000, 0x0000000085800000| Untracked 
|  89|0x0000000085900000, 0x0000000085900000, 0x0000000085a00000|  0%| F|  |TAMS 0x0000000085900000, 0x0000000085900000| Untracked 
|  90|0x0000000085a00000, 0x0000000085a00000, 0x0000000085b00000|  0%| F|  |TAMS 0x0000000085a00000, 0x0000000085a00000| Untracked 
|  91|0x0000000085b00000, 0x0000000085b00000, 0x0000000085c00000|  0%| F|  |TAMS 0x0000000085b00000, 0x0000000085b00000| Untracked 
|  92|0x0000000085c00000, 0x0000000085c80000, 0x0000000085d00000| 50%| S|CS|TAMS 0x0000000085c00000, 0x0000000085c00000| Complete 
|  93|0x0000000085d00000, 0x0000000085e00000, 0x0000000085e00000|100%| S|CS|TAMS 0x0000000085d00000, 0x0000000085d00000| Complete 
|  94|0x0000000085e00000, 0x0000000085f00000, 0x0000000085f00000|100%| S|CS|TAMS 0x0000000085e00000, 0x0000000085e00000| Complete 
|  95|0x0000000085f00000, 0x0000000085f00000, 0x0000000086000000|  0%| F|  |TAMS 0x0000000085f00000, 0x0000000085f00000| Untracked 
|  96|0x0000000086000000, 0x0000000086000000, 0x0000000086100000|  0%| F|  |TAMS 0x0000000086000000, 0x0000000086000000| Untracked 
|  97|0x0000000086100000, 0x0000000086100000, 0x0000000086200000|  0%| F|  |TAMS 0x0000000086100000, 0x0000000086100000| Untracked 
|  98|0x0000000086200000, 0x0000000086200000, 0x0000000086300000|  0%| F|  |TAMS 0x0000000086200000, 0x0000000086200000| Untracked 
|  99|0x0000000086300000, 0x0000000086300000, 0x0000000086400000|  0%| F|  |TAMS 0x0000000086300000, 0x0000000086300000| Untracked 
| 100|0x0000000086400000, 0x0000000086400000, 0x0000000086500000|  0%| F|  |TAMS 0x0000000086400000, 0x0000000086400000| Untracked 
| 101|0x0000000086500000, 0x0000000086500000, 0x0000000086600000|  0%| F|  |TAMS 0x0000000086500000, 0x0000000086500000| Untracked 
| 102|0x0000000086600000, 0x0000000086600000, 0x0000000086700000|  0%| F|  |TAMS 0x0000000086600000, 0x0000000086600000| Untracked 
| 103|0x0000000086700000, 0x0000000086700000, 0x0000000086800000|  0%| F|  |TAMS 0x0000000086700000, 0x0000000086700000| Untracked 
| 104|0x0000000086800000, 0x0000000086800000, 0x0000000086900000|  0%| F|  |TAMS 0x0000000086800000, 0x0000000086800000| Untracked 
| 105|0x0000000086900000, 0x0000000086900000, 0x0000000086a00000|  0%| F|  |TAMS 0x0000000086900000, 0x0000000086900000| Untracked 
| 106|0x0000000086a00000, 0x0000000086a00000, 0x0000000086b00000|  0%| F|  |TAMS 0x0000000086a00000, 0x0000000086a00000| Untracked 
| 107|0x0000000086b00000, 0x0000000086b00000, 0x0000000086c00000|  0%| F|  |TAMS 0x0000000086b00000, 0x0000000086b00000| Untracked 
| 108|0x0000000086c00000, 0x0000000086c00000, 0x0000000086d00000|  0%| F|  |TAMS 0x0000000086c00000, 0x0000000086c00000| Untracked 
| 109|0x0000000086d00000, 0x0000000086d00000, 0x0000000086e00000|  0%| F|  |TAMS 0x0000000086d00000, 0x0000000086d00000| Untracked 
| 110|0x0000000086e00000, 0x0000000086e00000, 0x0000000086f00000|  0%| F|  |TAMS 0x0000000086e00000, 0x0000000086e00000| Untracked 
| 111|0x0000000086f00000, 0x0000000086f00000, 0x0000000087000000|  0%| F|  |TAMS 0x0000000086f00000, 0x0000000086f00000| Untracked 
| 112|0x0000000087000000, 0x0000000087000000, 0x0000000087100000|  0%| F|  |TAMS 0x0000000087000000, 0x0000000087000000| Untracked 
| 113|0x0000000087100000, 0x0000000087100000, 0x0000000087200000|  0%| F|  |TAMS 0x0000000087100000, 0x0000000087100000| Untracked 
| 114|0x0000000087200000, 0x0000000087200000, 0x0000000087300000|  0%| F|  |TAMS 0x0000000087200000, 0x0000000087200000| Untracked 
| 115|0x0000000087300000, 0x0000000087300000, 0x0000000087400000|  0%| F|  |TAMS 0x0000000087300000, 0x0000000087300000| Untracked 
| 116|0x0000000087400000, 0x0000000087400000, 0x0000000087500000|  0%| F|  |TAMS 0x0000000087400000, 0x0000000087400000| Untracked 
| 117|0x0000000087500000, 0x0000000087500000, 0x0000000087600000|  0%| F|  |TAMS 0x0000000087500000, 0x0000000087500000| Untracked 
| 118|0x0000000087600000, 0x0000000087600000, 0x0000000087700000|  0%| F|  |TAMS 0x0000000087600000, 0x0000000087600000| Untracked 
| 119|0x0000000087700000, 0x0000000087700000, 0x0000000087800000|  0%| F|  |TAMS 0x0000000087700000, 0x0000000087700000| Untracked 
| 120|0x0000000087800000, 0x0000000087800000, 0x0000000087900000|  0%| F|  |TAMS 0x0000000087800000, 0x0000000087800000| Untracked 
| 121|0x0000000087900000, 0x0000000087900000, 0x0000000087a00000|  0%| F|  |TAMS 0x0000000087900000, 0x0000000087900000| Untracked 
| 122|0x0000000087a00000, 0x0000000087a00000, 0x0000000087b00000|  0%| F|  |TAMS 0x0000000087a00000, 0x0000000087a00000| Untracked 
| 123|0x0000000087b00000, 0x0000000087b00000, 0x0000000087c00000|  0%| F|  |TAMS 0x0000000087b00000, 0x0000000087b00000| Untracked 
| 124|0x0000000087c00000, 0x0000000087c00000, 0x0000000087d00000|  0%| F|  |TAMS 0x0000000087c00000, 0x0000000087c00000| Untracked 
| 125|0x0000000087d00000, 0x0000000087d00000, 0x0000000087e00000|  0%| F|  |TAMS 0x0000000087d00000, 0x0000000087d00000| Untracked 
| 126|0x0000000087e00000, 0x0000000087e00000, 0x0000000087f00000|  0%| F|  |TAMS 0x0000000087e00000, 0x0000000087e00000| Untracked 
| 127|0x0000000087f00000, 0x0000000087f00000, 0x0000000088000000|  0%| F|  |TAMS 0x0000000087f00000, 0x0000000087f00000| Untracked 

Card table byte_map: [0x00000226b4830000,0x00000226b4c30000] _byte_map_base: 0x00000226b4430000

Marking Bits (Prev, Next): (CMBitMap*) 0x000002269b26e8d8, (CMBitMap*) 0x000002269b26e910
 Prev Bits: [0x00000226b5030000, 0x00000226b7030000)
 Next Bits: [0x00000226b7030000, 0x00000226b9030000)

Polling page: 0x000002269b4a0000

Metaspace:

Usage:
  Non-class:     49.38 MB capacity,    48.27 MB ( 98%) used,   850.27 KB (  2%) free+waste,   276.81 KB ( <1%) overhead. 
      Class:      9.37 MB capacity,     7.85 MB ( 84%) used,     1.34 MB ( 14%) free+waste,   183.75 KB (  2%) overhead. 
       Both:     58.74 MB capacity,    56.13 MB ( 96%) used,     2.17 MB (  4%) free+waste,   460.56 KB ( <1%) overhead. 

Virtual space:
  Non-class space:       50.00 MB reserved,      49.38 MB ( 99%) committed 
      Class space:        1.00 GB reserved,       9.38 MB ( <1%) committed 
             Both:        1.05 GB reserved,      58.75 MB (  5%) committed 

Chunk freelists:
   Non-Class:  0 bytes
       Class:  128 bytes
        Both:  128 bytes

CodeHeap 'non-profiled nmethods': size=120064Kb used=1404Kb max_used=1404Kb free=118659Kb
 bounds [0x00000226acae0000, 0x00000226acd50000, 0x00000226b4020000]
CodeHeap 'profiled nmethods': size=120000Kb used=5773Kb max_used=5773Kb free=114226Kb
 bounds [0x00000226a55b0000, 0x00000226a5b60000, 0x00000226acae0000]
CodeHeap 'non-nmethods': size=5696Kb used=1256Kb max_used=1274Kb free=4439Kb
 bounds [0x00000226a5020000, 0x00000226a5290000, 0x00000226a55b0000]
 total_blobs=3924 nmethods=3314 adapters=522
 compilation: enabled
              stopped_count=0, restarted_count=0
 full_count=0

Compilation events (10 events):
Event: 8.381 Thread 0x00000226bbe04800 nmethod 3311 0x00000226a5b51c10 code [0x00000226a5b51dc0, 0x00000226a5b51f98]
Event: 8.382 Thread 0x00000226bbe04800 3312       1       scala.tools.nsc.settings.MutableSettings$PhasesSetting::stringValues (5 bytes)
Event: 8.382 Thread 0x00000226bbe04800 nmethod 3312 0x00000226acc3b210 code [0x00000226acc3b3a0, 0x00000226acc3b458]
Event: 8.383 Thread 0x00000226bbe04800 3313       3       scala.collection.immutable.List::contains (6 bytes)
Event: 8.383 Thread 0x00000226bbe04800 nmethod 3313 0x00000226a5b52090 code [0x00000226a5b52240, 0x00000226a5b523c8]
Event: 8.406 Thread 0x00000226bbdf8000 nmethod 3306 0x00000226acc3b510 code [0x00000226acc3b780, 0x00000226acc3cbe0]
Event: 8.406 Thread 0x00000226bbdf8000 3307       4       jdk.internal.org.objectweb.asm.MethodWriter::visitMethodInsn (228 bytes)
Event: 8.410 Thread 0x00000226bbe04800 3314       3       scala.util.hashing.MurmurHash3::productHash (70 bytes)
Event: 8.411 Thread 0x00000226bbe04800 nmethod 3314 0x00000226a5b52490 code [0x00000226a5b52700, 0x00000226a5b531c8]
Event: 8.423 Thread 0x00000226bbdf8000 nmethod 3307 0x00000226acc3d990 code [0x00000226acc3dc20, 0x00000226acc3e748]

GC Heap History (10 events):
Event: 0.623 GC heap after
{Heap after GC invocations=1 (full 0):
 garbage-first heap   total 131072K, used 1525K [0x0000000080000000, 0x0000000100000000)
  region size 1024K, 1 young (1024K), 1 survivors (1024K)
 Metaspace       used 8857K, capacity 8983K, committed 9216K, reserved 1056768K
  class space    used 963K, capacity 988K, committed 1024K, reserved 1048576K
}
Event: 2.242 GC heap before
{Heap before GC invocations=1 (full 0):
 garbage-first heap   total 131072K, used 53749K [0x0000000080000000, 0x0000000100000000)
  region size 1024K, 54 young (55296K), 1 survivors (1024K)
 Metaspace       used 20568K, capacity 21145K, committed 21248K, reserved 1069056K
  class space    used 2338K, capacity 2540K, committed 2560K, reserved 1048576K
}
Event: 2.257 GC heap after
{Heap after GC invocations=2 (full 0):
 garbage-first heap   total 131072K, used 6763K [0x0000000080000000, 0x0000000100000000)
  region size 1024K, 7 young (7168K), 7 survivors (7168K)
 Metaspace       used 20568K, capacity 21145K, committed 21248K, reserved 1069056K
  class space    used 2338K, capacity 2540K, committed 2560K, reserved 1048576K
}
Event: 3.412 GC heap before
{Heap before GC invocations=3 (full 0):
 garbage-first heap   total 131072K, used 32363K [0x0000000080000000, 0x0000000100000000)
  region size 1024K, 33 young (33792K), 7 survivors (7168K)
 Metaspace       used 27771K, capacity 28662K, committed 28928K, reserved 1075200K
  class space    used 3359K, capacity 3729K, committed 3840K, reserved 1048576K
}
Event: 3.426 GC heap after
{Heap after GC invocations=4 (full 0):
 garbage-first heap   total 131072K, used 8137K [0x0000000080000000, 0x0000000100000000)
  region size 1024K, 2 young (2048K), 2 survivors (2048K)
 Metaspace       used 27771K, capacity 28662K, committed 28928K, reserved 1075200K
  class space    used 3359K, capacity 3729K, committed 3840K, reserved 1048576K
}
Event: 4.479 GC heap before
{Heap before GC invocations=4 (full 0):
 garbage-first heap   total 131072K, used 35785K [0x0000000080000000, 0x0000000100000000)
  region size 1024K, 30 young (30720K), 2 survivors (2048K)
 Metaspace       used 34652K, capacity 35665K, committed 35840K, reserved 1081344K
  class space    used 4262K, capacity 4749K, committed 4864K, reserved 1048576K
}
Event: 4.486 GC heap after
{Heap after GC invocations=5 (full 0):
 garbage-first heap   total 131072K, used 9518K [0x0000000080000000, 0x0000000100000000)
  region size 1024K, 3 young (3072K), 3 survivors (3072K)
 Metaspace       used 34652K, capacity 35665K, committed 35840K, reserved 1081344K
  class space    used 4262K, capacity 4749K, committed 4864K, reserved 1048576K
}
Event: 6.661 GC heap before
{Heap before GC invocations=6 (full 0):
 garbage-first heap   total 131072K, used 67886K [0x0000000080000000, 0x0000000100000000)
  region size 1024K, 60 young (61440K), 3 survivors (3072K)
 Metaspace       used 49404K, capacity 51475K, committed 51584K, reserved 1093632K
  class space    used 6865K, capacity 8050K, committed 8064K, reserved 1048576K
}
Event: 6.689 GC heap after
{Heap after GC invocations=7 (full 0):
 garbage-first heap   total 131072K, used 15097K [0x0000000080000000, 0x0000000100000000)
  region size 1024K, 8 young (8192K), 8 survivors (8192K)
 Metaspace       used 49404K, capacity 51475K, committed 51584K, reserved 1093632K
  class space    used 6865K, capacity 8050K, committed 8064K, reserved 1048576K
}
Event: 8.427 GC heap before
{Heap before GC invocations=7 (full 0):
 garbage-first heap   total 131072K, used 46841K [0x0000000080000000, 0x0000000100000000)
  region size 1024K, 41 young (41984K), 8 survivors (8192K)
 Metaspace       used 57474K, capacity 60153K, committed 60160K, reserved 1099776K
  class space    used 8041K, capacity 9593K, committed 9600K, reserved 1048576K
}

Deoptimization events (10 events):
Event: 6.194 Thread 0x00000226bc264000 Uncommon trap: reason=unstable_if action=reinterpret pc=0x00000226acbb7c98 method=jdk.internal.jrtfs.JrtPath.normalize(Ljava/lang/String;)Ljava/lang/String; @ 78 c2
Event: 6.210 Thread 0x00000226bc264000 Uncommon trap: reason=unstable_if action=reinterpret pc=0x00000226acbb97b4 method=jdk.internal.jimage.ImageReader$SharedImageReader.findNode(Ljava/lang/String;)Ljdk/internal/jimage/ImageReader$Node; @ 25 c2
Event: 6.270 Thread 0x000002269b3bb800 Uncommon trap: reason=unstable_if action=reinterpret pc=0x00000226acb5b758 method=java.lang.StringLatin1.regionMatchesCI([BI[BII)Z @ 66 c2
Event: 6.270 Thread 0x000002269b3bb800 Uncommon trap: reason=unstable_if action=reinterpret pc=0x00000226acb5aaa4 method=java.lang.StringLatin1.regionMatchesCI([BI[BII)Z @ 66 c2
Event: 6.287 Thread 0x000002269b3bb800 Uncommon trap: reason=unstable_if action=reinterpret pc=0x00000226acbd5fc0 method=java.io.BufferedReader.read()I @ 19 c2
Event: 6.288 Thread 0x000002269b3bb800 Uncommon trap: reason=unstable_if action=reinterpret pc=0x00000226acbd6668 method=java.io.BufferedReader.read()I @ 19 c2
Event: 6.709 Thread 0x00000226bbf92800 Uncommon trap: reason=unstable_if action=reinterpret pc=0x00000226acbb6cb0 method=java.lang.invoke.TypeConvertingMethodAdapter.descriptorToName(Ljava/lang/String;)Ljava/lang/String; @ 14 c2
Event: 6.796 Thread 0x00000226bbf92800 Uncommon trap: reason=unstable_if action=reinterpret pc=0x00000226acb81860 method=jdk.internal.org.objectweb.asm.Type.getArgumentsAndReturnSizes(Ljava/lang/String;)I @ 136 c2
Event: 6.796 Thread 0x00000226bbf92800 Uncommon trap: reason=unstable_if action=reinterpret pc=0x00000226acbe6d2c method=jdk.internal.org.objectweb.asm.MethodWriter.visitVarInsn(II)V @ 130 c2
Event: 8.389 Thread 0x00000226bc264000 Uncommon trap: reason=class_check action=maybe_recompile pc=0x00000226acbe8d94 method=scala.collection.MapLike$$anon$1.hasNext()Z @ 4 c2

Classes redefined (0 events):
No events

Internal exceptions (10 events):
Event: 6.827 Thread 0x00000226bc264000 Exception <a 'java/lang/NoSuchMethodError'{0x0000000087ccbe28}: java.lang.invoke.DirectMethodHandle$Holder.invokeStatic(Ljava/lang/Object;JLjava/lang/Object;)Ljava/lang/Object;> (0x0000000087ccbe28) thrown at [./open/src/hotspot/share/interpreter/linkReso
Event: 6.828 Thread 0x00000226bc264000 Exception <a 'java/lang/NoSuchMethodError'{0x0000000087cd33e0}: java.lang.invoke.DirectMethodHandle$Holder.invokeStatic(Ljava/lang/Object;J)Ljava/lang/Object;> (0x0000000087cd33e0) thrown at [./open/src/hotspot/share/interpreter/linkResolver.cpp, line 772
Event: 6.980 Thread 0x00000226bbf92800 Exception <a 'java/lang/NoSuchMethodError'{0x0000000087af6b50}: java.lang.invoke.DirectMethodHandle$Holder.invokeStatic(Ljava/lang/Object;)D> (0x0000000087af6b50) thrown at [./open/src/hotspot/share/interpreter/linkResolver.cpp, line 772]
Event: 7.026 Thread 0x000002269b3bb800 Exception <a 'java/lang/NoSuchMethodError'{0x0000000087803308}: java.lang.invoke.DirectMethodHandle$Holder.invokeStatic(Ljava/lang/Object;Ljava/lang/Object;ILjava/lang/Object;Ljava/lang/Object;Ljava/lang/Object;Ljava/lang/Object;)Ljava/lang/Object;> (0x00
Event: 7.706 Thread 0x000002269b3bb800 Exception <a 'java/lang/NoSuchMethodError'{0x0000000086f28d00}: java.lang.invoke.DirectMethodHandle$Holder.invokeStatic(Ljava/lang/Object;IILjava/lang/Object;)Ljava/lang/Object;> (0x0000000086f28d00) thrown at [./open/src/hotspot/share/interpreter/linkRes
Event: 7.839 Thread 0x000002269b3bb800 Exception <a 'sun/nio/fs/WindowsException'{0x0000000086cbf720}> (0x0000000086cbf720) thrown at [./open/src/hotspot/share/prims/jni.cpp, line 611]
Event: 7.994 Thread 0x000002269b3bb800 Exception <a 'sun/nio/fs/WindowsException'{0x000000008698f390}> (0x000000008698f390) thrown at [./open/src/hotspot/share/prims/jni.cpp, line 611]
Event: 8.007 Thread 0x000002269b3bb800 Exception <a 'sun/nio/fs/WindowsException'{0x00000000869d5bd0}> (0x00000000869d5bd0) thrown at [./open/src/hotspot/share/prims/jni.cpp, line 611]
Event: 8.026 Thread 0x000002269b3bb800 Exception <a 'java/lang/NoSuchMethodError'{0x00000000867b5fe8}: java.lang.invoke.Invokers$Holder.linkToTargetMethod(Ljava/lang/Object;Ljava/lang/Object;Ljava/lang/Object;ILjava/lang/Object;Ljava/lang/Object;)Ljava/lang/Object;> (0x00000000867b5fe8) thrown
Event: 8.353 Thread 0x000002269b3bb800 Exception <a 'java/lang/NoSuchMethodError'{0x000000008607fcc0}: java.lang.invoke.DirectMethodHandle$Holder.invokeStaticInit(Ljava/lang/Object;Ljava/lang/Object;Ljava/lang/Object;)I> (0x000000008607fcc0) thrown at [./open/src/hotspot/share/interpreter/link

Events (10 events):
Event: 8.426 loading class gigahorse/support/okhttp/OkhClient done
Event: 8.426 loading class gigahorse/support/okhttp/OkhClient
Event: 8.426 loading class gigahorse/support/okhttp/OkhClient done
Event: 8.426 loading class gigahorse/support/okhttp/OkhClient
Event: 8.426 loading class gigahorse/support/okhttp/OkhClient done
Event: 8.427 loading class gigahorse/support/okhttp/OkhClient
Event: 8.427 loading class gigahorse/support/okhttp/OkhClient done
Event: 8.427 loading class gigahorse/support/okhttp/OkhClient
Event: 8.427 loading class gigahorse/support/okhttp/OkhClient done
Event: 8.427 Executing VM operation: CollectForMetadataAllocation


Dynamic libraries:
0x00007ff726d30000 - 0x00007ff726d3f000 	C:\Program Files\Java\jdk-11.0.10\bin\java.exe
0x00007ffb665b0000 - 0x00007ffb667a6000 	C:\WINDOWS\SYSTEM32\ntdll.dll
0x00007ffb66200000 - 0x00007ffb662bd000 	C:\WINDOWS\System32\KERNEL32.DLL
0x00007ffb63e00000 - 0x00007ffb640c9000 	C:\WINDOWS\System32\KERNELBASE.dll
0x00007ffb640d0000 - 0x00007ffb641d0000 	C:\WINDOWS\System32\ucrtbase.dll
0x00007ffb52840000 - 0x00007ffb52858000 	C:\Program Files\Java\jdk-11.0.10\bin\jli.dll
0x00007ffb65f10000 - 0x00007ffb65fbc000 	C:\WINDOWS\System32\ADVAPI32.dll
0x00007ffb64660000 - 0x00007ffb646fe000 	C:\WINDOWS\System32\msvcrt.dll
0x00007ffb65710000 - 0x00007ffb657ac000 	C:\WINDOWS\System32\sechost.dll
0x00007ffb659b0000 - 0x00007ffb65adb000 	C:\WINDOWS\System32\RPCRT4.dll
0x00007ffb65810000 - 0x00007ffb659b0000 	C:\WINDOWS\System32\USER32.dll
0x00007ffb64330000 - 0x00007ffb64352000 	C:\WINDOWS\System32\win32u.dll
0x00007ffb527d0000 - 0x00007ffb527e5000 	C:\Program Files\Java\jdk-11.0.10\bin\VCRUNTIME140.dll
0x00007ffb53820000 - 0x00007ffb53abb000 	C:\WINDOWS\WinSxS\amd64_microsoft.windows.common-controls_6595b64144ccf1df_6.0.19041.746_none_ca02b4b61b8320a4\COMCTL32.dll
0x00007ffb65e00000 - 0x00007ffb65e2a000 	C:\WINDOWS\System32\GDI32.dll
0x00007ffb64220000 - 0x00007ffb6432b000 	C:\WINDOWS\System32\gdi32full.dll
0x00007ffb64410000 - 0x00007ffb644ad000 	C:\WINDOWS\System32\msvcp_win.dll
0x00007ffb5d130000 - 0x00007ffb5d13a000 	C:\WINDOWS\SYSTEM32\VERSION.dll
0x00007ffb64610000 - 0x00007ffb64640000 	C:\WINDOWS\System32\IMM32.DLL
0x00007ffb3cad0000 - 0x00007ffb3cb6b000 	C:\Program Files\Java\jdk-11.0.10\bin\msvcp140.dll
0x00007ffb33a90000 - 0x00007ffb3458b000 	C:\Program Files\Java\jdk-11.0.10\bin\server\jvm.dll
0x00007ffb65290000 - 0x00007ffb65298000 	C:\WINDOWS\System32\PSAPI.DLL
0x00007ffb53c70000 - 0x00007ffb53c79000 	C:\WINDOWS\SYSTEM32\WSOCK32.dll
0x00007ffb66500000 - 0x00007ffb6656b000 	C:\WINDOWS\System32\WS2_32.dll
0x00007ffb5cec0000 - 0x00007ffb5cee7000 	C:\WINDOWS\SYSTEM32\WINMM.dll
0x00007ffb61c60000 - 0x00007ffb61c72000 	C:\WINDOWS\SYSTEM32\kernel.appcore.dll
0x00007ffb56ef0000 - 0x00007ffb56f00000 	C:\Program Files\Java\jdk-11.0.10\bin\verify.dll
0x00007ffb54670000 - 0x00007ffb54854000 	C:\WINDOWS\SYSTEM32\DBGHELP.DLL
0x00007ffb54640000 - 0x00007ffb5466c000 	C:\WINDOWS\SYSTEM32\dbgcore.DLL
0x00007ffb63cf0000 - 0x00007ffb63d70000 	C:\WINDOWS\System32\bcryptPrimitives.dll
0x00007ffb4a530000 - 0x00007ffb4a558000 	C:\Program Files\Java\jdk-11.0.10\bin\java.dll
0x00007ffb54b60000 - 0x00007ffb54b6a000 	C:\Program Files\Java\jdk-11.0.10\bin\jimage.dll
0x00007ffb4a510000 - 0x00007ffb4a526000 	C:\Program Files\Java\jdk-11.0.10\bin\zip.dll
0x00007ffb64700000 - 0x00007ffb64e42000 	C:\WINDOWS\System32\SHELL32.dll
0x00007ffb61e60000 - 0x00007ffb625f0000 	C:\WINDOWS\SYSTEM32\windows.storage.dll
0x00007ffb64f30000 - 0x00007ffb65286000 	C:\WINDOWS\System32\combase.dll
0x00007ffb63750000 - 0x00007ffb6377c000 	C:\WINDOWS\SYSTEM32\Wldp.dll
0x00007ffb660f0000 - 0x00007ffb6619e000 	C:\WINDOWS\System32\SHCORE.dll
0x00007ffb657b0000 - 0x00007ffb65805000 	C:\WINDOWS\System32\shlwapi.dll
0x00007ffb63c20000 - 0x00007ffb63c46000 	C:\WINDOWS\SYSTEM32\profapi.dll
0x00007ffb51c20000 - 0x00007ffb51c39000 	C:\Program Files\Java\jdk-11.0.10\bin\net.dll
0x00007ffb5c5e0000 - 0x00007ffb5c6e0000 	C:\WINDOWS\SYSTEM32\WINHTTP.dll
0x00007ffb634d0000 - 0x00007ffb6353a000 	C:\WINDOWS\system32\mswsock.dll
0x00007ffb50080000 - 0x00007ffb50092000 	C:\Program Files\Java\jdk-11.0.10\bin\nio.dll
0x00007ffb5fcf0000 - 0x00007ffb5fcfa000 	C:\Users\philip\AppData\Local\Temp\jansi-1.18-93fa3188adb8407f81dad04d08abc8192e4e380d.dll
0x00007ffb636b0000 - 0x00007ffb636c8000 	C:\WINDOWS\SYSTEM32\CRYPTSP.dll
0x00007ffb62da0000 - 0x00007ffb62dd4000 	C:\WINDOWS\system32\rsaenh.dll
0x00007ffb63dd0000 - 0x00007ffb63df7000 	C:\WINDOWS\System32\bcrypt.dll
0x00007ffb63ba0000 - 0x00007ffb63bce000 	C:\WINDOWS\SYSTEM32\USERENV.dll
0x00007ffb636a0000 - 0x00007ffb636ac000 	C:\WINDOWS\SYSTEM32\CRYPTBASE.dll
0x00007ffb63170000 - 0x00007ffb631ab000 	C:\WINDOWS\SYSTEM32\IPHLPAPI.DLL
0x00007ffb65f00000 - 0x00007ffb65f08000 	C:\WINDOWS\System32\NSI.dll
0x00007ffb5cef0000 - 0x00007ffb5cf07000 	C:\WINDOWS\SYSTEM32\dhcpcsvc6.DLL
0x00007ffb5cda0000 - 0x00007ffb5cdbd000 	C:\WINDOWS\SYSTEM32\dhcpcsvc.DLL
0x00007ffb631b0000 - 0x00007ffb6327b000 	C:\WINDOWS\SYSTEM32\DNSAPI.dll
0x00007ffb4c4a0000 - 0x00007ffb4c4e1000 	C:\Users\philip\AppData\Local\Temp\jna--989220990\jna6642370585131067477.dll
0x00007ffb52c80000 - 0x00007ffb52c89000 	C:\Program Files\Java\jdk-11.0.10\bin\management.dll
0x00007ffb52830000 - 0x00007ffb5283b000 	C:\Program Files\Java\jdk-11.0.10\bin\management_ext.dll

dbghelp: loaded successfully - version: 4.0.5 - missing functions: none
symbol engine: initialized successfully - sym options: 0x614 - pdb path: .;C:\Program Files\Java\jdk-11.0.10\bin;C:\WINDOWS\SYSTEM32;C:\WINDOWS\WinSxS\amd64_microsoft.windows.common-controls_6595b64144ccf1df_6.0.19041.746_none_ca02b4b61b8320a4;C:\Program Files\Java\jdk-11.0.10\bin\server;C:\Users\philip\AppData\Local\Temp;C:\Users\philip\AppData\Local\Temp\jna--989220990

VM Arguments:
jvm_args: -Djline.terminal=jline.UnsupportedTerminal -Dsbt.log.noformat=true -Dfile.encoding=UTF-8 -Didea.managed=true -Dfile.encoding=UTF-8 
java_command: C:/Users/philip/AppData/Roaming/JetBrains/IdeaIC2020.3/plugins/Scala/launcher/sbt-launch.jar
java_class_path (initial): C:/Users/philip/AppData/Roaming/JetBrains/IdeaIC2020.3/plugins/Scala/launcher/sbt-launch.jar
Launcher Type: SUN_STANDARD

[Global flags]
     intx CICompilerCount                          = 2                                         {product} {ergonomic}
     uint ConcGCThreads                            = 1                                         {product} {ergonomic}
     uint G1ConcRefinementThreads                  = 2                                         {product} {ergonomic}
   size_t G1HeapRegionSize                         = 1048576                                   {product} {ergonomic}
    uintx GCDrainStackTargetSize                   = 64                                        {product} {ergonomic}
   size_t InitialHeapSize                          = 134217728                                 {product} {ergonomic}
   size_t MarkStackSize                            = 4194304                                   {product} {ergonomic}
   size_t MaxHeapSize                              = 2147483648                                {product} {ergonomic}
   size_t MaxNewSize                               = 1287651328                                {product} {ergonomic}
   size_t MinHeapDeltaBytes                        = 1048576                                   {product} {ergonomic}
    uintx NonNMethodCodeHeapSize                   = 5825164                                {pd product} {ergonomic}
    uintx NonProfiledCodeHeapSize                  = 122916538                              {pd product} {ergonomic}
    uintx ProfiledCodeHeapSize                     = 122916538                              {pd product} {ergonomic}
    uintx ReservedCodeCacheSize                    = 251658240                              {pd product} {ergonomic}
     bool SegmentedCodeCache                       = true                                      {product} {ergonomic}
     bool UseCompressedClassPointers               = true                                 {lp64_product} {ergonomic}
     bool UseCompressedOops                        = true                                 {lp64_product} {ergonomic}
     bool UseG1GC                                  = true                                      {product} {ergonomic}
     bool UseLargePagesIndividualAllocation        = false                                  {pd product} {ergonomic}

Logging:
Log output configuration:
 #0: stdout all=warning uptime,level,tags
 #1: stderr all=off uptime,level,tags

Environment Variables:
PATH=C:\Program Files\Common Files\Oracle\Java\javapath;C:\WINDOWS\system32;C:\WINDOWS;C:\WINDOWS\System32\Wbem;C:\WINDOWS\System32\WindowsPowerShell\v1.0\;C:\WINDOWS\System32\OpenSSH\;C:\ProgramData\chocolatey\bin;C:\Program Files\Java\jdk1.8.0_201\bin;C:\Program Files\PuTTY\;C:\Program Files (x86)\sbt\bin;C:\Program Files (x86)\scala\bin;C:\scala3\bin;C:\Program Files\7-Zip;C:\Users\philip\AppData\Local\Programs\Python\Python37-32\Scripts\;C:\Users\philip\AppData\Local\Programs\Python\Python37-32\;C:\Users\philip\.cargo\bin;C:\Users\philip\AppData\Local\Microsoft\WindowsApps;C:\Program Files (x86)\Inno Setup 5;C:\DEV\apache-maven-3.6.0\bin;C:\NetBeans 8.2\extide\ant\bin;C:\DEV\Microsoft VS Code\bin;C:\Users\philip\AppData\Roaming\cabal\bin;C:\ProgramData\chocolatey\lib\ghc\tools\ghc-8.10.4\bin;C:\tools\msys64;C:\Users\philip\AppData\Local\Coursier\data\bin;C:\Users\philip\AppData\Local\Coursier\data\bin;C:\Program Files\7-Zip;;C:\Program Files\JetBrains\IntelliJ IDEA Community Edition 2020.3.2\bin;
USERNAME=philip
OS=Windows_NT
PROCESSOR_IDENTIFIER=Intel64 Family 6 Model 23 Stepping 10, GenuineIntel



---------------  S Y S T E M  ---------------

OS: Windows 10 , 64 bit Build 19041 (10.0.19041.804)

CPU:total 2 (initial active 2) (2 cores per cpu, 1 threads per core) family 6 model 23 stepping 10 microcode 0xa0c, cmov, cx8, fxsr, mmx, sse, sse2, sse3, ssse3, tsc

Memory: 4k page, system-wide physical 8191M (926M free)
TotalPageFile size 8191M (AvailPageFile size 7M)
current process WorkingSet (physical memory assigned to process): 221M, peak: 221M
current process commit charge ("private bytes"): 295M, peak: 321M

vm_info: Java HotSpot(TM) 64-Bit Server VM (11.0.10+8-LTS-162) for windows-amd64 JRE (11.0.10+8-LTS-162), built on Dec  8 2020 16:32:57 by "mach5one" with MS VC++ 15.9 (VS2017)

END.
